<?xml version="1.0" encoding="UTF-8"?>
<coverage generated="1765447833854" clover="3.2.0">
  <project timestamp="1765447833854" name="All files">
    <metrics statements="566" coveredstatements="263" conditionals="326" coveredconditionals="116" methods="68" coveredmethods="52" elements="960" coveredelements="431" complexity="0" loc="566" ncloc="566" packages="3" files="5" classes="5"/>
    <package name="components.ui">
      <metrics statements="7" coveredstatements="5" conditionals="8" coveredconditionals="5" methods="3" coveredmethods="1"/>
      <file name="ErrorMessage.tsx" path="D:\20251120 desktop\Desktop\MiniMax\SAW\sawtracker\src\components\ui\ErrorMessage.tsx">
        <metrics statements="7" coveredstatements="5" conditionals="8" coveredconditionals="5" methods="3" coveredmethods="1"/>
        <line num="21" count="2" type="cond" truecount="1" falsecount="1"/>
        <line num="25" count="2" type="stmt"/>
        <line num="31" count="2" type="stmt"/>
        <line num="52" count="2" type="stmt"/>
        <line num="54" count="2" type="stmt"/>
        <line num="90" count="0" type="stmt"/>
        <line num="100" count="0" type="stmt"/>
      </file>
    </package>
    <package name="lib">
      <metrics statements="7" coveredstatements="4" conditionals="8" coveredconditionals="3" methods="0" coveredmethods="0"/>
      <file name="supabase.ts" path="D:\20251120 desktop\Desktop\MiniMax\SAW\sawtracker\src\lib\supabase.ts">
        <metrics statements="7" coveredstatements="4" conditionals="8" coveredconditionals="3" methods="0" coveredmethods="0"/>
        <line num="3" count="2" type="stmt"/>
        <line num="4" count="2" type="stmt"/>
        <line num="10" count="2" type="cond" truecount="3" falsecount="1"/>
        <line num="12" count="0" type="cond" truecount="0" falsecount="4"/>
        <line num="14" count="0" type="stmt"/>
        <line num="19" count="0" type="stmt"/>
        <line num="22" count="2" type="stmt"/>
      </file>
    </package>
    <package name="utils">
      <metrics statements="552" coveredstatements="254" conditionals="310" coveredconditionals="108" methods="65" coveredmethods="51"/>
      <file name="alerts.ts" path="D:\20251120 desktop\Desktop\MiniMax\SAW\sawtracker\src\utils\alerts.ts">
        <metrics statements="301" coveredstatements="64" conditionals="193" coveredconditionals="32" methods="30" coveredmethods="23"/>
        <line num="6" count="1" type="stmt"/>
        <line num="31" count="1" type="stmt"/>
        <line num="32" count="1" type="stmt"/>
        <line num="33" count="1" type="stmt"/>
        <line num="37" count="0" type="stmt"/>
        <line num="38" count="0" type="stmt"/>
        <line num="44" count="8" type="stmt"/>
        <line num="45" count="8" type="cond" truecount="4" falsecount="0"/>
        <line num="46" count="7" type="stmt"/>
        <line num="49" count="1" type="stmt"/>
        <line num="50" count="1" type="stmt"/>
        <line num="56" count="1" type="cond" truecount="3" falsecount="2"/>
        <line num="57" count="1" type="stmt"/>
        <line num="59" count="1" type="stmt"/>
        <line num="60" count="1" type="stmt"/>
        <line num="61" count="1" type="stmt"/>
        <line num="65" count="0" type="stmt"/>
        <line num="67" count="0" type="stmt"/>
        <line num="68" count="0" type="stmt"/>
        <line num="69" count="0" type="stmt"/>
        <line num="71" count="0" type="stmt"/>
        <line num="73" count="0" type="stmt"/>
        <line num="74" count="0" type="stmt"/>
        <line num="75" count="0" type="stmt"/>
        <line num="96" count="0" type="stmt"/>
        <line num="98" count="0" type="stmt"/>
        <line num="100" count="0" type="stmt"/>
        <line num="101" count="0" type="cond" truecount="0" falsecount="2"/>
        <line num="102" count="0" type="stmt"/>
        <line num="106" count="0" type="stmt"/>
        <line num="107" count="0" type="cond" truecount="0" falsecount="2"/>
        <line num="108" count="0" type="stmt"/>
        <line num="112" count="0" type="stmt"/>
        <line num="113" count="0" type="cond" truecount="0" falsecount="2"/>
        <line num="114" count="0" type="stmt"/>
        <line num="118" count="0" type="stmt"/>
        <line num="119" count="0" type="cond" truecount="0" falsecount="2"/>
        <line num="120" count="0" type="stmt"/>
        <line num="124" count="0" type="stmt"/>
        <line num="126" count="0" type="stmt"/>
        <line num="127" count="0" type="stmt"/>
        <line num="128" count="0" type="cond" truecount="0" falsecount="2"/>
        <line num="131" count="0" type="cond" truecount="0" falsecount="2"/>
        <line num="132" count="0" type="cond" truecount="0" falsecount="2"/>
        <line num="133" count="0" type="stmt"/>
        <line num="139" count="8" type="stmt"/>
        <line num="140" count="8" type="stmt"/>
        <line num="142" count="8" type="stmt"/>
        <line num="143" count="19" type="cond" truecount="2" falsecount="0"/>
        <line num="144" count="18" type="stmt"/>
        <line num="145" count="18" type="stmt"/>
        <line num="146" count="18" type="stmt"/>
        <line num="147" count="18" type="stmt"/>
        <line num="149" count="18" type="cond" truecount="2" falsecount="0"/>
        <line num="151" count="12" type="cond" truecount="2" falsecount="0"/>
        <line num="152" count="4" type="stmt"/>
        <line num="153" count="8" type="cond" truecount="2" falsecount="0"/>
        <line num="154" count="4" type="stmt"/>
        <line num="155" count="4" type="cond" truecount="2" falsecount="2"/>
        <line num="156" count="4" type="stmt"/>
        <line num="158" count="0" type="stmt"/>
        <line num="161" count="12" type="stmt"/>
        <line num="181" count="19" type="cond" truecount="1" falsecount="1"/>
        <line num="182" count="0" type="stmt"/>
        <line num="183" count="0" type="stmt"/>
        <line num="184" count="0" type="stmt"/>
        <line num="185" count="0" type="stmt"/>
        <line num="187" count="0" type="cond" truecount="0" falsecount="2"/>
        <line num="189" count="0" type="cond" truecount="0" falsecount="2"/>
        <line num="190" count="0" type="stmt"/>
        <line num="191" count="0" type="cond" truecount="0" falsecount="2"/>
        <line num="192" count="0" type="stmt"/>
        <line num="193" count="0" type="cond" truecount="0" falsecount="4"/>
        <line num="194" count="0" type="stmt"/>
        <line num="196" count="0" type="stmt"/>
        <line num="199" count="0" type="stmt"/>
        <line num="219" count="19" type="cond" truecount="1" falsecount="1"/>
        <line num="220" count="0" type="stmt"/>
        <line num="221" count="0" type="stmt"/>
        <line num="222" count="0" type="stmt"/>
        <line num="223" count="0" type="stmt"/>
        <line num="226" count="0" type="cond" truecount="0" falsecount="2"/>
        <line num="227" count="0" type="cond" truecount="0" falsecount="2"/>
        <line num="228" count="0" type="cond" truecount="0" falsecount="2"/>
        <line num="230" count="0" type="cond" truecount="0" falsecount="2"/>
        <line num="235" count="0" type="cond" truecount="0" falsecount="2"/>
        <line num="236" count="0" type="stmt"/>
        <line num="237" count="0" type="stmt"/>
        <line num="238" count="0" type="stmt"/>
        <line num="239" count="0" type="stmt"/>
        <line num="240" count="0" type="cond" truecount="0" falsecount="2"/>
        <line num="241" count="0" type="stmt"/>
        <line num="242" count="0" type="stmt"/>
        <line num="243" count="0" type="stmt"/>
        <line num="244" count="0" type="cond" truecount="0" falsecount="4"/>
        <line num="245" count="0" type="stmt"/>
        <line num="246" count="0" type="stmt"/>
        <line num="247" count="0" type="stmt"/>
        <line num="249" count="0" type="stmt"/>
        <line num="250" count="0" type="stmt"/>
        <line num="251" count="0" type="stmt"/>
        <line num="254" count="0" type="stmt"/>
        <line num="274" count="19" type="cond" truecount="1" falsecount="1"/>
        <line num="275" count="0" type="stmt"/>
        <line num="276" count="0" type="stmt"/>
        <line num="277" count="0" type="stmt"/>
        <line num="278" count="0" type="stmt"/>
        <line num="281" count="0" type="cond" truecount="0" falsecount="2"/>
        <line num="282" count="0" type="cond" truecount="0" falsecount="2"/>
        <line num="283" count="0" type="cond" truecount="0" falsecount="2"/>
        <line num="285" count="0" type="cond" truecount="0" falsecount="2"/>
        <line num="290" count="0" type="cond" truecount="0" falsecount="2"/>
        <line num="291" count="0" type="stmt"/>
        <line num="292" count="0" type="stmt"/>
        <line num="293" count="0" type="stmt"/>
        <line num="294" count="0" type="stmt"/>
        <line num="295" count="0" type="cond" truecount="0" falsecount="2"/>
        <line num="296" count="0" type="stmt"/>
        <line num="297" count="0" type="stmt"/>
        <line num="298" count="0" type="stmt"/>
        <line num="299" count="0" type="cond" truecount="0" falsecount="4"/>
        <line num="300" count="0" type="stmt"/>
        <line num="301" count="0" type="stmt"/>
        <line num="302" count="0" type="stmt"/>
        <line num="304" count="0" type="stmt"/>
        <line num="305" count="0" type="stmt"/>
        <line num="306" count="0" type="stmt"/>
        <line num="309" count="0" type="stmt"/>
        <line num="329" count="8" type="stmt"/>
        <line num="330" count="8" type="stmt"/>
        <line num="331" count="8" type="stmt"/>
        <line num="332" count="8" type="cond" truecount="2" falsecount="0"/>
        <line num="334" count="4" type="cond" truecount="1" falsecount="1"/>
        <line num="335" count="8" type="cond" truecount="1" falsecount="1"/>
        <line num="336" count="8" type="stmt"/>
        <line num="344" count="0" type="cond" truecount="0" falsecount="2"/>
        <line num="345" count="0" type="stmt"/>
        <line num="348" count="0" type="stmt"/>
        <line num="349" count="0" type="stmt"/>
        <line num="350" count="0" type="stmt"/>
        <line num="351" count="0" type="stmt"/>
        <line num="353" count="0" type="stmt"/>
        <line num="356" count="0" type="cond" truecount="0" falsecount="2"/>
        <line num="357" count="0" type="stmt"/>
        <line num="363" count="0" type="cond" truecount="0" falsecount="2"/>
        <line num="364" count="0" type="stmt"/>
        <line num="365" count="0" type="cond" truecount="0" falsecount="2"/>
        <line num="366" count="0" type="stmt"/>
        <line num="367" count="0" type="cond" truecount="0" falsecount="4"/>
        <line num="368" count="0" type="stmt"/>
        <line num="369" count="0" type="cond" truecount="0" falsecount="2"/>
        <line num="370" count="0" type="stmt"/>
        <line num="372" count="0" type="stmt"/>
        <line num="379" count="0" type="cond" truecount="0" falsecount="2"/>
        <line num="380" count="0" type="stmt"/>
        <line num="381" count="0" type="stmt"/>
        <line num="382" count="0" type="stmt"/>
        <line num="383" count="0" type="cond" truecount="0" falsecount="2"/>
        <line num="384" count="0" type="stmt"/>
        <line num="385" count="0" type="stmt"/>
        <line num="386" count="0" type="cond" truecount="0" falsecount="2"/>
        <line num="387" count="0" type="stmt"/>
        <line num="388" count="0" type="stmt"/>
        <line num="390" count="0" type="stmt"/>
        <line num="391" count="0" type="stmt"/>
        <line num="394" count="0" type="stmt"/>
        <line num="417" count="0" type="cond" truecount="0" falsecount="4"/>
        <line num="418" count="0" type="stmt"/>
        <line num="421" count="0" type="stmt"/>
        <line num="429" count="0" type="cond" truecount="0" falsecount="2"/>
        <line num="430" count="0" type="stmt"/>
        <line num="433" count="0" type="stmt"/>
        <line num="434" count="0" type="stmt"/>
        <line num="435" count="0" type="stmt"/>
        <line num="438" count="0" type="stmt"/>
        <line num="439" count="0" type="stmt"/>
        <line num="441" count="0" type="stmt"/>
        <line num="444" count="0" type="cond" truecount="0" falsecount="2"/>
        <line num="445" count="0" type="stmt"/>
        <line num="449" count="0" type="cond" truecount="0" falsecount="2"/>
        <line num="450" count="0" type="stmt"/>
        <line num="451" count="0" type="stmt"/>
        <line num="452" count="0" type="stmt"/>
        <line num="453" count="0" type="stmt"/>
        <line num="454" count="0" type="cond" truecount="0" falsecount="2"/>
        <line num="455" count="0" type="stmt"/>
        <line num="456" count="0" type="stmt"/>
        <line num="457" count="0" type="stmt"/>
        <line num="458" count="0" type="cond" truecount="0" falsecount="4"/>
        <line num="459" count="0" type="stmt"/>
        <line num="460" count="0" type="stmt"/>
        <line num="461" count="0" type="stmt"/>
        <line num="462" count="0" type="cond" truecount="0" falsecount="2"/>
        <line num="463" count="0" type="stmt"/>
        <line num="464" count="0" type="stmt"/>
        <line num="465" count="0" type="stmt"/>
        <line num="467" count="0" type="stmt"/>
        <line num="468" count="0" type="stmt"/>
        <line num="469" count="0" type="stmt"/>
        <line num="472" count="0" type="stmt"/>
        <line num="494" count="0" type="cond" truecount="0" falsecount="2"/>
        <line num="495" count="0" type="stmt"/>
        <line num="498" count="0" type="stmt"/>
        <line num="499" count="0" type="stmt"/>
        <line num="500" count="0" type="stmt"/>
        <line num="501" count="0" type="stmt"/>
        <line num="503" count="0" type="stmt"/>
        <line num="506" count="0" type="cond" truecount="0" falsecount="2"/>
        <line num="507" count="0" type="stmt"/>
        <line num="513" count="0" type="cond" truecount="0" falsecount="2"/>
        <line num="514" count="0" type="stmt"/>
        <line num="515" count="0" type="cond" truecount="0" falsecount="2"/>
        <line num="516" count="0" type="stmt"/>
        <line num="517" count="0" type="cond" truecount="0" falsecount="4"/>
        <line num="518" count="0" type="stmt"/>
        <line num="519" count="0" type="cond" truecount="0" falsecount="2"/>
        <line num="520" count="0" type="stmt"/>
        <line num="522" count="0" type="stmt"/>
        <line num="529" count="0" type="cond" truecount="0" falsecount="2"/>
        <line num="530" count="0" type="stmt"/>
        <line num="531" count="0" type="stmt"/>
        <line num="532" count="0" type="stmt"/>
        <line num="533" count="0" type="cond" truecount="0" falsecount="2"/>
        <line num="534" count="0" type="stmt"/>
        <line num="535" count="0" type="stmt"/>
        <line num="536" count="0" type="cond" truecount="0" falsecount="2"/>
        <line num="537" count="0" type="stmt"/>
        <line num="538" count="0" type="stmt"/>
        <line num="539" count="0" type="cond" truecount="0" falsecount="2"/>
        <line num="540" count="0" type="stmt"/>
        <line num="541" count="0" type="stmt"/>
        <line num="542" count="0" type="cond" truecount="0" falsecount="4"/>
        <line num="543" count="0" type="stmt"/>
        <line num="544" count="0" type="stmt"/>
        <line num="546" count="0" type="stmt"/>
        <line num="547" count="0" type="stmt"/>
        <line num="550" count="0" type="stmt"/>
        <line num="572" count="0" type="cond" truecount="0" falsecount="2"/>
        <line num="573" count="0" type="stmt"/>
        <line num="576" count="0" type="stmt"/>
        <line num="577" count="0" type="stmt"/>
        <line num="578" count="0" type="stmt"/>
        <line num="579" count="0" type="stmt"/>
        <line num="581" count="0" type="stmt"/>
        <line num="584" count="0" type="cond" truecount="0" falsecount="2"/>
        <line num="585" count="0" type="stmt"/>
        <line num="591" count="0" type="cond" truecount="0" falsecount="2"/>
        <line num="592" count="0" type="stmt"/>
        <line num="593" count="0" type="cond" truecount="0" falsecount="2"/>
        <line num="594" count="0" type="stmt"/>
        <line num="595" count="0" type="cond" truecount="0" falsecount="4"/>
        <line num="596" count="0" type="stmt"/>
        <line num="597" count="0" type="cond" truecount="0" falsecount="2"/>
        <line num="598" count="0" type="stmt"/>
        <line num="600" count="0" type="stmt"/>
        <line num="607" count="0" type="cond" truecount="0" falsecount="2"/>
        <line num="608" count="0" type="stmt"/>
        <line num="609" count="0" type="stmt"/>
        <line num="610" count="0" type="stmt"/>
        <line num="611" count="0" type="cond" truecount="0" falsecount="2"/>
        <line num="612" count="0" type="stmt"/>
        <line num="613" count="0" type="stmt"/>
        <line num="614" count="0" type="cond" truecount="0" falsecount="2"/>
        <line num="615" count="0" type="stmt"/>
        <line num="616" count="0" type="stmt"/>
        <line num="617" count="0" type="cond" truecount="0" falsecount="2"/>
        <line num="618" count="0" type="stmt"/>
        <line num="619" count="0" type="stmt"/>
        <line num="620" count="0" type="cond" truecount="0" falsecount="4"/>
        <line num="621" count="0" type="stmt"/>
        <line num="622" count="0" type="stmt"/>
        <line num="624" count="0" type="stmt"/>
        <line num="625" count="0" type="stmt"/>
        <line num="628" count="0" type="stmt"/>
        <line num="650" count="12" type="stmt"/>
        <line num="657" count="8" type="stmt"/>
        <line num="666" count="3" type="stmt"/>
        <line num="669" count="7" type="stmt"/>
        <line num="670" count="3" type="stmt"/>
        <line num="674" count="3" type="stmt"/>
        <line num="675" count="3" type="stmt"/>
        <line num="677" count="3" type="stmt"/>
        <line num="678" count="7" type="stmt"/>
        <line num="679" count="7" type="cond" truecount="1" falsecount="1"/>
        <line num="682" count="7" type="cond" truecount="1" falsecount="1"/>
        <line num="683" count="7" type="stmt"/>
        <line num="686" count="0" type="stmt"/>
        <line num="687" count="0" type="cond" truecount="0" falsecount="2"/>
        <line num="688" count="0" type="stmt"/>
        <line num="693" count="7" type="stmt"/>
        <line num="694" count="7" type="stmt"/>
        <line num="695" count="7" type="stmt"/>
        <line num="696" count="7" type="stmt"/>
        <line num="699" count="7" type="stmt"/>
        <line num="700" count="7" type="stmt"/>
        <line num="701" count="7" type="stmt"/>
        <line num="702" count="7" type="stmt"/>
        <line num="704" count="3" type="stmt"/>
        <line num="722" count="10" type="cond" truecount="2" falsecount="0"/>
        <line num="729" count="4" type="stmt"/>
        <line num="730" count="16" type="cond" truecount="2" falsecount="0"/>
      </file>
      <file name="autoCompanyStatus.ts" path="D:\20251120 desktop\Desktop\MiniMax\SAW\sawtracker\src\utils\autoCompanyStatus.ts">
        <metrics statements="228" coveredstatements="178" conditionals="103" coveredconditionals="72" methods="27" coveredmethods="25"/>
        <line num="9" count="1" type="stmt"/>
        <line num="25" count="1" type="stmt"/>
        <line num="26" count="1" type="stmt"/>
        <line num="27" count="1" type="stmt"/>
        <line num="31" count="0" type="stmt"/>
        <line num="32" count="0" type="stmt"/>
        <line num="38" count="0" type="stmt"/>
        <line num="39" count="0" type="cond" truecount="0" falsecount="4"/>
        <line num="40" count="0" type="stmt"/>
        <line num="43" count="0" type="stmt"/>
        <line num="44" count="0" type="stmt"/>
        <line num="50" count="0" type="cond" truecount="0" falsecount="5"/>
        <line num="51" count="0" type="stmt"/>
        <line num="53" count="0" type="stmt"/>
        <line num="54" count="0" type="stmt"/>
        <line num="55" count="0" type="stmt"/>
        <line num="59" count="0" type="stmt"/>
        <line num="61" count="0" type="stmt"/>
        <line num="62" count="0" type="stmt"/>
        <line num="63" count="0" type="stmt"/>
        <line num="65" count="0" type="stmt"/>
        <line num="67" count="0" type="stmt"/>
        <line num="68" count="0" type="stmt"/>
        <line num="69" count="0" type="stmt"/>
        <line num="75" count="73" type="cond" truecount="2" falsecount="0"/>
        <line num="81" count="1" type="stmt"/>
        <line num="82" count="79" type="cond" truecount="2" falsecount="0"/>
        <line num="84" count="77" type="stmt"/>
        <line num="85" count="77" type="stmt"/>
        <line num="88" count="77" type="stmt"/>
        <line num="89" count="77" type="stmt"/>
        <line num="91" count="77" type="stmt"/>
        <line num="98" count="1" type="stmt"/>
        <line num="114" count="73" type="cond" truecount="2" falsecount="0"/>
        <line num="115" count="7" type="stmt"/>
        <line num="116" count="7" type="stmt"/>
        <line num="126" count="66" type="cond" truecount="2" falsecount="0"/>
        <line num="128" count="14" type="cond" truecount="2" falsecount="0"/>
        <line num="134" count="14" type="stmt"/>
        <line num="144" count="52" type="cond" truecount="2" falsecount="0"/>
        <line num="146" count="9" type="stmt"/>
        <line num="156" count="43" type="cond" truecount="2" falsecount="0"/>
        <line num="158" count="1" type="stmt"/>
        <line num="170" count="42" type="stmt"/>
        <line num="191" count="1" type="stmt"/>
        <line num="205" count="54" type="cond" truecount="2" falsecount="0"/>
        <line num="206" count="8" type="stmt"/>
        <line num="220" count="46" type="cond" truecount="2" falsecount="0"/>
        <line num="221" count="54" type="stmt"/>
        <line num="222" count="54" type="stmt"/>
        <line num="223" count="54" type="stmt"/>
        <line num="225" count="54" type="stmt"/>
        <line num="226" count="54" type="stmt"/>
        <line num="228" count="54" type="stmt"/>
        <line num="238" count="1" type="stmt"/>
        <line num="252" count="31" type="cond" truecount="2" falsecount="0"/>
        <line num="253" count="4" type="stmt"/>
        <line num="267" count="27" type="cond" truecount="2" falsecount="0"/>
        <line num="268" count="31" type="stmt"/>
        <line num="269" count="31" type="stmt"/>
        <line num="270" count="31" type="stmt"/>
        <line num="272" count="31" type="stmt"/>
        <line num="273" count="31" type="stmt"/>
        <line num="275" count="31" type="stmt"/>
        <line num="300" count="1" type="stmt"/>
        <line num="301" count="10" type="stmt"/>
        <line num="317" count="10" type="stmt"/>
        <line num="318" count="21" type="stmt"/>
        <line num="320" count="21" type="cond" truecount="5" falsecount="1"/>
        <line num="322" count="2" type="stmt"/>
        <line num="323" count="2" type="stmt"/>
        <line num="325" count="3" type="stmt"/>
        <line num="326" count="3" type="stmt"/>
        <line num="328" count="2" type="stmt"/>
        <line num="329" count="2" type="stmt"/>
        <line num="331" count="0" type="stmt"/>
        <line num="332" count="0" type="stmt"/>
        <line num="334" count="10" type="stmt"/>
        <line num="335" count="10" type="stmt"/>
        <line num="337" count="4" type="stmt"/>
        <line num="338" count="4" type="stmt"/>
        <line num="343" count="10" type="cond" truecount="2" falsecount="0"/>
        <line num="344" count="8" type="stmt"/>
        <line num="345" count="8" type="stmt"/>
        <line num="346" count="8" type="stmt"/>
        <line num="347" count="8" type="stmt"/>
        <line num="348" count="8" type="stmt"/>
        <line num="349" count="8" type="stmt"/>
        <line num="352" count="10" type="stmt"/>
        <line num="375" count="1" type="stmt"/>
        <line num="376" count="8" type="stmt"/>
        <line num="392" count="8" type="stmt"/>
        <line num="393" count="11" type="stmt"/>
        <line num="395" count="11" type="cond" truecount="5" falsecount="1"/>
        <line num="397" count="1" type="stmt"/>
        <line num="398" count="1" type="stmt"/>
        <line num="400" count="1" type="stmt"/>
        <line num="401" count="1" type="stmt"/>
        <line num="403" count="1" type="stmt"/>
        <line num="404" count="1" type="stmt"/>
        <line num="406" count="0" type="stmt"/>
        <line num="407" count="0" type="stmt"/>
        <line num="409" count="7" type="stmt"/>
        <line num="410" count="7" type="stmt"/>
        <line num="412" count="1" type="stmt"/>
        <line num="413" count="1" type="stmt"/>
        <line num="418" count="8" type="cond" truecount="2" falsecount="0"/>
        <line num="419" count="5" type="stmt"/>
        <line num="420" count="5" type="stmt"/>
        <line num="421" count="5" type="stmt"/>
        <line num="422" count="5" type="stmt"/>
        <line num="423" count="5" type="stmt"/>
        <line num="424" count="5" type="stmt"/>
        <line num="427" count="8" type="stmt"/>
        <line num="434" count="1" type="stmt"/>
        <line num="448" count="21" type="cond" truecount="1" falsecount="1"/>
        <line num="449" count="21" type="stmt"/>
        <line num="462" count="0" type="cond" truecount="0" falsecount="2"/>
        <line num="463" count="21" type="stmt"/>
        <line num="464" count="21" type="stmt"/>
        <line num="472" count="21" type="stmt"/>
        <line num="482" count="1" type="stmt"/>
        <line num="496" count="21" type="cond" truecount="1" falsecount="1"/>
        <line num="497" count="21" type="stmt"/>
        <line num="510" count="0" type="cond" truecount="0" falsecount="2"/>
        <line num="511" count="21" type="stmt"/>
        <line num="512" count="21" type="stmt"/>
        <line num="520" count="21" type="stmt"/>
        <line num="545" count="1" type="stmt"/>
        <line num="546" count="5" type="stmt"/>
        <line num="562" count="5" type="stmt"/>
        <line num="563" count="7" type="stmt"/>
        <line num="565" count="7" type="cond" truecount="1" falsecount="5"/>
        <line num="567" count="0" type="stmt"/>
        <line num="568" count="0" type="stmt"/>
        <line num="570" count="0" type="stmt"/>
        <line num="571" count="0" type="stmt"/>
        <line num="573" count="0" type="stmt"/>
        <line num="574" count="0" type="stmt"/>
        <line num="576" count="0" type="stmt"/>
        <line num="577" count="0" type="stmt"/>
        <line num="579" count="0" type="stmt"/>
        <line num="580" count="0" type="stmt"/>
        <line num="582" count="7" type="stmt"/>
        <line num="583" count="7" type="stmt"/>
        <line num="588" count="5" type="cond" truecount="2" falsecount="0"/>
        <line num="589" count="4" type="stmt"/>
        <line num="590" count="4" type="stmt"/>
        <line num="591" count="4" type="stmt"/>
        <line num="592" count="4" type="stmt"/>
        <line num="593" count="4" type="stmt"/>
        <line num="594" count="4" type="stmt"/>
        <line num="597" count="5" type="stmt"/>
        <line num="619" count="1" type="stmt"/>
        <line num="620" count="5" type="stmt"/>
        <line num="636" count="5" type="stmt"/>
        <line num="637" count="7" type="stmt"/>
        <line num="639" count="7" type="cond" truecount="1" falsecount="5"/>
        <line num="641" count="0" type="stmt"/>
        <line num="642" count="0" type="stmt"/>
        <line num="644" count="0" type="stmt"/>
        <line num="645" count="0" type="stmt"/>
        <line num="647" count="0" type="stmt"/>
        <line num="648" count="0" type="stmt"/>
        <line num="650" count="0" type="stmt"/>
        <line num="651" count="0" type="stmt"/>
        <line num="653" count="0" type="stmt"/>
        <line num="654" count="0" type="stmt"/>
        <line num="656" count="7" type="stmt"/>
        <line num="657" count="7" type="stmt"/>
        <line num="662" count="5" type="cond" truecount="2" falsecount="0"/>
        <line num="663" count="4" type="stmt"/>
        <line num="664" count="4" type="stmt"/>
        <line num="665" count="4" type="stmt"/>
        <line num="666" count="4" type="stmt"/>
        <line num="667" count="4" type="stmt"/>
        <line num="668" count="4" type="stmt"/>
        <line num="671" count="5" type="stmt"/>
        <line num="697" count="1" type="stmt"/>
        <line num="705" count="7" type="stmt"/>
        <line num="709" count="7" type="stmt"/>
        <line num="713" count="7" type="stmt"/>
        <line num="717" count="7" type="stmt"/>
        <line num="721" count="5" type="stmt"/>
        <line num="722" count="5" type="stmt"/>
        <line num="723" count="5" type="stmt"/>
        <line num="724" count="5" type="stmt"/>
        <line num="727" count="5" type="stmt"/>
        <line num="728" count="5" type="stmt"/>
        <line num="730" count="5" type="stmt"/>
        <line num="731" count="7" type="stmt"/>
        <line num="732" count="7" type="stmt"/>
        <line num="733" count="7" type="stmt"/>
        <line num="734" count="7" type="stmt"/>
        <line num="736" count="7" type="cond" truecount="6" falsecount="0"/>
        <line num="740" count="2" type="stmt"/>
        <line num="743" count="7" type="cond" truecount="5" falsecount="1"/>
        <line num="747" count="0" type="stmt"/>
        <line num="757" count="5" type="stmt"/>
        <line num="758" count="5" type="stmt"/>
        <line num="759" count="5" type="stmt"/>
        <line num="760" count="5" type="stmt"/>
        <line num="762" count="5" type="stmt"/>
        <line num="763" count="7" type="stmt"/>
        <line num="764" count="7" type="stmt"/>
        <line num="765" count="7" type="stmt"/>
        <line num="766" count="7" type="stmt"/>
        <line num="768" count="7" type="stmt"/>
        <line num="769" count="28" type="stmt"/>
        <line num="770" count="28" type="stmt"/>
        <line num="773" count="7" type="cond" truecount="1" falsecount="1"/>
        <line num="774" count="0" type="stmt"/>
        <line num="775" count="7" type="cond" truecount="2" falsecount="0"/>
        <line num="778" count="2" type="stmt"/>
        <line num="779" count="5" type="cond" truecount="2" falsecount="0"/>
        <line num="782" count="1" type="stmt"/>
        <line num="783" count="4" type="cond" truecount="1" falsecount="1"/>
        <line num="786" count="0" type="stmt"/>
        <line num="787" count="4" type="cond" truecount="1" falsecount="1"/>
        <line num="789" count="16" type="stmt"/>
        <line num="790" count="4" type="stmt"/>
        <line num="794" count="0" type="stmt"/>
        <line num="798" count="5" type="stmt"/>
        <line num="799" count="5" type="cond" truecount="2" falsecount="0"/>
        <line num="800" count="5" type="cond" truecount="2" falsecount="0"/>
        <line num="801" count="5" type="cond" truecount="2" falsecount="0"/>
        <line num="802" count="5" type="cond" truecount="2" falsecount="0"/>
        <line num="804" count="5" type="stmt"/>
      </file>
      <file name="logger.ts" path="D:\20251120 desktop\Desktop\MiniMax\SAW\sawtracker\src\utils\logger.ts">
        <metrics statements="23" coveredstatements="12" conditionals="14" coveredconditionals="4" methods="8" coveredmethods="3"/>
        <line num="1" count="2" type="stmt"/>
        <line num="2" count="2" type="stmt"/>
        <line num="4" count="2" type="cond" truecount="2" falsecount="0"/>
        <line num="5" count="2" type="stmt"/>
        <line num="6" count="2" type="stmt"/>
        <line num="7" count="2" type="stmt"/>
        <line num="8" count="2" type="stmt"/>
        <line num="19" count="2" type="stmt"/>
        <line num="20" count="2" type="stmt"/>
        <line num="23" count="1" type="cond" truecount="1" falsecount="1"/>
        <line num="24" count="0" type="cond" truecount="0" falsecount="2"/>
        <line num="25" count="0" type="stmt"/>
        <line num="29" count="0" type="stmt"/>
        <line num="35" count="0" type="stmt"/>
        <line num="36" count="0" type="cond" truecount="0" falsecount="2"/>
        <line num="41" count="1" type="cond" truecount="1" falsecount="1"/>
        <line num="43" count="0" type="stmt"/>
        <line num="48" count="0" type="cond" truecount="0" falsecount="2"/>
        <line num="50" count="0" type="stmt"/>
        <line num="55" count="0" type="cond" truecount="0" falsecount="2"/>
        <line num="56" count="0" type="stmt"/>
        <line num="61" count="0" type="stmt"/>
        <line num="66" count="2" type="stmt"/>
      </file>
    </package>
  </project>
</coverage>
