{"D:\\20251120 desktop\\Desktop\\MiniMax\\SAW\\sawtracker\\src\\components\\ui\\ErrorMessage.tsx": {"path":"D:\\20251120 desktop\\Desktop\\MiniMax\\SAW\\sawtracker\\src\\components\\ui\\ErrorMessage.tsx","statementMap":{"0":{"start":{"line":21,"column":25},"end":{"line":23,"column":null}},"1":{"start":{"line":25,"column":16},"end":{"line":29,"column":null}},"2":{"start":{"line":31,"column":17},"end":{"line":50,"column":null}},"3":{"start":{"line":52,"column":22},"end":{"line":52,"column":null}},"4":{"start":{"line":54,"column":2},"end":{"line":84,"column":null}},"5":{"start":{"line":90,"column":2},"end":{"line":94,"column":null}},"6":{"start":{"line":100,"column":2},"end":{"line":110,"column":null}}},"fnMap":{"0":{"name":"ErrorMessage","decl":{"start":{"line":13,"column":16},"end":{"line":13,"column":29}},"loc":{"start":{"line":20,"column":22},"end":{"line":86,"column":null}},"line":20},"1":{"name":"InlineError","decl":{"start":{"line":89,"column":16},"end":{"line":89,"column":28}},"loc":{"start":{"line":89,"column":62},"end":{"line":96,"column":null}},"line":89},"2":{"name":"SuccessMessage","decl":{"start":{"line":99,"column":16},"end":{"line":99,"column":31}},"loc":{"start":{"line":99,"column":65},"end":{"line":112,"column":null}},"line":99}},"branchMap":{"0":{"loc":{"start":{"line":16,"column":2},"end":{"line":16,"column":null}},"type":"default-arg","locations":[{"start":{"line":16,"column":9},"end":{"line":16,"column":null}}],"line":16},"1":{"loc":{"start":{"line":19,"column":2},"end":{"line":19,"column":null}},"type":"default-arg","locations":[{"start":{"line":19,"column":13},"end":{"line":19,"column":null}}],"line":19},"2":{"loc":{"start":{"line":21,"column":25},"end":{"line":23,"column":null}},"type":"cond-expr","locations":[{"start":{"line":22,"column":6},"end":{"line":22,"column":null}},{"start":{"line":23,"column":6},"end":{"line":23,"column":null}}],"line":21},"3":{"loc":{"start":{"line":63,"column":13},"end":{"line":66,"column":null}},"type":"binary-expr","locations":[{"start":{"line":63,"column":13},"end":{"line":63,"column":null}},{"start":{"line":64,"column":14},"end":{"line":66,"column":null}}],"line":63},"4":{"loc":{"start":{"line":73,"column":11},"end":{"line":80,"column":null}},"type":"binary-expr","locations":[{"start":{"line":73,"column":11},"end":{"line":73,"column":null}},{"start":{"line":74,"column":12},"end":{"line":80,"column":null}}],"line":73}},"s":{"0":2,"1":2,"2":2,"3":2,"4":2,"5":0,"6":0},"f":{"0":2,"1":0,"2":0},"b":{"0":[2],"1":[2],"2":[0,2],"3":[2,0],"4":[2,0]},"meta":{"lastBranch":5,"lastFunction":3,"lastStatement":7,"seen":{"f:13:16:13:29":0,"b:16:9:16:Infinity":0,"b:19:13:19:Infinity":1,"s:21:25:23:Infinity":0,"b:22:6:22:Infinity:23:6:23:Infinity":2,"s:25:16:29:Infinity":1,"s:31:17:50:Infinity":2,"s:52:22:52:Infinity":3,"s:54:2:84:Infinity":4,"b:63:13:63:Infinity:64:14:66:Infinity":3,"b:73:11:73:Infinity:74:12:80:Infinity":4,"f:89:16:89:28":1,"s:90:2:94:Infinity":5,"f:99:16:99:31":2,"s:100:2:110:Infinity":6}}}
,"D:\\20251120 desktop\\Desktop\\MiniMax\\SAW\\sawtracker\\src\\lib\\supabase.ts": {"path":"D:\\20251120 desktop\\Desktop\\MiniMax\\SAW\\sawtracker\\src\\lib\\supabase.ts","statementMap":{"0":{"start":{"line":3,"column":20},"end":{"line":3,"column":null}},"1":{"start":{"line":4,"column":24},"end":{"line":4,"column":null}},"2":{"start":{"line":10,"column":0},"end":{"line":23,"column":null}},"3":{"start":{"line":12,"column":2},"end":{"line":20,"column":null}},"4":{"start":{"line":14,"column":4},"end":{"line":17,"column":null}},"5":{"start":{"line":19,"column":4},"end":{"line":19,"column":null}},"6":{"start":{"line":22,"column":2},"end":{"line":22,"column":null}}},"fnMap":{},"branchMap":{"0":{"loc":{"start":{"line":10,"column":0},"end":{"line":23,"column":null}},"type":"if","locations":[{"start":{"line":10,"column":0},"end":{"line":23,"column":null}},{"start":{"line":21,"column":7},"end":{"line":23,"column":null}}],"line":10},"1":{"loc":{"start":{"line":10,"column":4},"end":{"line":10,"column":38}},"type":"binary-expr","locations":[{"start":{"line":10,"column":4},"end":{"line":10,"column":20}},{"start":{"line":10,"column":20},"end":{"line":10,"column":38}}],"line":10},"2":{"loc":{"start":{"line":12,"column":2},"end":{"line":20,"column":null}},"type":"if","locations":[{"start":{"line":12,"column":2},"end":{"line":20,"column":null}},{"start":{"line":18,"column":9},"end":{"line":20,"column":null}}],"line":12},"3":{"loc":{"start":{"line":12,"column":6},"end":{"line":12,"column":65}},"type":"binary-expr","locations":[{"start":{"line":12,"column":6},"end":{"line":12,"column":41}},{"start":{"line":12,"column":41},"end":{"line":12,"column":65}}],"line":12}},"s":{"0":2,"1":2,"2":2,"3":0,"4":0,"5":0,"6":2},"f":{},"b":{"0":[0,2],"1":[2,2],"2":[0,0],"3":[0,0]},"meta":{"lastBranch":4,"lastFunction":0,"lastStatement":7,"seen":{"s:3:20:3:Infinity":0,"s:4:24:4:Infinity":1,"b:10:0:23:Infinity:21:7:23:Infinity":0,"s:10:0:23:Infinity":2,"b:10:4:10:20:10:20:10:38":1,"b:12:2:20:Infinity:18:9:20:Infinity":2,"s:12:2:20:Infinity":3,"b:12:6:12:41:12:41:12:65":3,"s:14:4:17:Infinity":4,"s:19:4:19:Infinity":5,"s:22:2:22:Infinity":6}}}
,"D:\\20251120 desktop\\Desktop\\MiniMax\\SAW\\sawtracker\\src\\utils\\alerts.ts": {"path":"D:\\20251120 desktop\\Desktop\\MiniMax\\SAW\\sawtracker\\src\\utils\\alerts.ts","statementMap":{"0":{"start":{"line":6,"column":27},"end":{"line":28,"column":null}},"1":{"start":{"line":31,"column":56},"end":{"line":31,"column":null}},"2":{"start":{"line":32,"column":29},"end":{"line":32,"column":null}},"3":{"start":{"line":33,"column":18},"end":{"line":33,"column":null}},"4":{"start":{"line":37,"column":2},"end":{"line":37,"column":null}},"5":{"start":{"line":38,"column":2},"end":{"line":38,"column":null}},"6":{"start":{"line":44,"column":14},"end":{"line":44,"column":null}},"7":{"start":{"line":45,"column":2},"end":{"line":47,"column":null}},"8":{"start":{"line":46,"column":4},"end":{"line":46,"column":null}},"9":{"start":{"line":49,"column":2},"end":{"line":76,"column":null}},"10":{"start":{"line":50,"column":28},"end":{"line":54,"column":null}},"11":{"start":{"line":56,"column":4},"end":{"line":62,"column":null}},"12":{"start":{"line":57,"column":6},"end":{"line":57,"column":null}},"13":{"start":{"line":59,"column":6},"end":{"line":59,"column":null}},"14":{"start":{"line":60,"column":6},"end":{"line":60,"column":null}},"15":{"start":{"line":61,"column":6},"end":{"line":61,"column":null}},"16":{"start":{"line":65,"column":29},"end":{"line":65,"column":null}},"17":{"start":{"line":67,"column":4},"end":{"line":67,"column":null}},"18":{"start":{"line":68,"column":4},"end":{"line":68,"column":null}},"19":{"start":{"line":69,"column":4},"end":{"line":69,"column":null}},"20":{"start":{"line":71,"column":4},"end":{"line":71,"column":null}},"21":{"start":{"line":73,"column":4},"end":{"line":73,"column":null}},"22":{"start":{"line":74,"column":4},"end":{"line":74,"column":null}},"23":{"start":{"line":75,"column":4},"end":{"line":75,"column":null}},"24":{"start":{"line":96,"column":26},"end":{"line":96,"column":null}},"25":{"start":{"line":98,"column":2},"end":{"line":122,"column":null}},"26":{"start":{"line":100,"column":31},"end":{"line":100,"column":null}},"27":{"start":{"line":101,"column":4},"end":{"line":103,"column":null}},"28":{"start":{"line":102,"column":6},"end":{"line":102,"column":null}},"29":{"start":{"line":106,"column":33},"end":{"line":106,"column":null}},"30":{"start":{"line":107,"column":4},"end":{"line":109,"column":null}},"31":{"start":{"line":108,"column":6},"end":{"line":108,"column":null}},"32":{"start":{"line":112,"column":23},"end":{"line":112,"column":null}},"33":{"start":{"line":113,"column":4},"end":{"line":115,"column":null}},"34":{"start":{"line":114,"column":6},"end":{"line":114,"column":null}},"35":{"start":{"line":118,"column":24},"end":{"line":118,"column":null}},"36":{"start":{"line":119,"column":4},"end":{"line":121,"column":null}},"37":{"start":{"line":120,"column":6},"end":{"line":120,"column":null}},"38":{"start":{"line":124,"column":2},"end":{"line":134,"column":null}},"39":{"start":{"line":126,"column":26},"end":{"line":126,"column":null}},"40":{"start":{"line":127,"column":25},"end":{"line":127,"column":null}},"41":{"start":{"line":128,"column":4},"end":{"line":128,"column":null}},"42":{"start":{"line":128,"column":28},"end":{"line":128,"column":null}},"43":{"start":{"line":131,"column":18},"end":{"line":131,"column":null}},"44":{"start":{"line":132,"column":18},"end":{"line":132,"column":null}},"45":{"start":{"line":133,"column":4},"end":{"line":133,"column":null}},"46":{"start":{"line":139,"column":26},"end":{"line":139,"column":null}},"47":{"start":{"line":140,"column":21},"end":{"line":140,"column":null}},"48":{"start":{"line":142,"column":2},"end":{"line":327,"column":null}},"49":{"start":{"line":143,"column":6},"end":{"line":178,"column":null}},"50":{"start":{"line":144,"column":22},"end":{"line":144,"column":null}},"51":{"start":{"line":145,"column":27},"end":{"line":145,"column":null}},"52":{"start":{"line":146,"column":25},"end":{"line":146,"column":null}},"53":{"start":{"line":147,"column":30},"end":{"line":147,"column":null}},"54":{"start":{"line":149,"column":8},"end":{"line":177,"column":null}},"55":{"start":{"line":151,"column":10},"end":{"line":159,"column":null}},"56":{"start":{"line":152,"column":12},"end":{"line":152,"column":null}},"57":{"start":{"line":153,"column":10},"end":{"line":159,"column":null}},"58":{"start":{"line":154,"column":12},"end":{"line":154,"column":null}},"59":{"start":{"line":155,"column":10},"end":{"line":159,"column":null}},"60":{"start":{"line":156,"column":12},"end":{"line":156,"column":null}},"61":{"start":{"line":158,"column":12},"end":{"line":158,"column":null}},"62":{"start":{"line":161,"column":10},"end":{"line":176,"column":null}},"63":{"start":{"line":181,"column":6},"end":{"line":216,"column":null}},"64":{"start":{"line":182,"column":22},"end":{"line":182,"column":null}},"65":{"start":{"line":183,"column":27},"end":{"line":183,"column":null}},"66":{"start":{"line":184,"column":25},"end":{"line":184,"column":null}},"67":{"start":{"line":185,"column":30},"end":{"line":185,"column":null}},"68":{"start":{"line":187,"column":8},"end":{"line":215,"column":null}},"69":{"start":{"line":189,"column":10},"end":{"line":197,"column":null}},"70":{"start":{"line":190,"column":12},"end":{"line":190,"column":null}},"71":{"start":{"line":191,"column":10},"end":{"line":197,"column":null}},"72":{"start":{"line":192,"column":12},"end":{"line":192,"column":null}},"73":{"start":{"line":193,"column":10},"end":{"line":197,"column":null}},"74":{"start":{"line":194,"column":12},"end":{"line":194,"column":null}},"75":{"start":{"line":196,"column":12},"end":{"line":196,"column":null}},"76":{"start":{"line":199,"column":10},"end":{"line":214,"column":null}},"77":{"start":{"line":219,"column":6},"end":{"line":271,"column":null}},"78":{"start":{"line":220,"column":22},"end":{"line":220,"column":null}},"79":{"start":{"line":221,"column":27},"end":{"line":221,"column":null}},"80":{"start":{"line":222,"column":25},"end":{"line":222,"column":null}},"81":{"start":{"line":223,"column":30},"end":{"line":223,"column":null}},"82":{"start":{"line":226,"column":27},"end":{"line":226,"column":null}},"83":{"start":{"line":227,"column":25},"end":{"line":227,"column":null}},"84":{"start":{"line":228,"column":27},"end":{"line":228,"column":null}},"85":{"start":{"line":230,"column":8},"end":{"line":270,"column":null}},"86":{"start":{"line":235,"column":10},"end":{"line":252,"column":null}},"87":{"start":{"line":236,"column":12},"end":{"line":236,"column":null}},"88":{"start":{"line":237,"column":32},"end":{"line":237,"column":null}},"89":{"start":{"line":238,"column":12},"end":{"line":238,"column":null}},"90":{"start":{"line":239,"column":12},"end":{"line":239,"column":null}},"91":{"start":{"line":240,"column":10},"end":{"line":252,"column":null}},"92":{"start":{"line":241,"column":12},"end":{"line":241,"column":null}},"93":{"start":{"line":242,"column":12},"end":{"line":242,"column":null}},"94":{"start":{"line":243,"column":12},"end":{"line":243,"column":null}},"95":{"start":{"line":244,"column":10},"end":{"line":252,"column":null}},"96":{"start":{"line":245,"column":12},"end":{"line":245,"column":null}},"97":{"start":{"line":246,"column":12},"end":{"line":246,"column":null}},"98":{"start":{"line":247,"column":12},"end":{"line":247,"column":null}},"99":{"start":{"line":249,"column":12},"end":{"line":249,"column":null}},"100":{"start":{"line":250,"column":12},"end":{"line":250,"column":null}},"101":{"start":{"line":251,"column":12},"end":{"line":251,"column":null}},"102":{"start":{"line":254,"column":10},"end":{"line":269,"column":null}},"103":{"start":{"line":274,"column":6},"end":{"line":326,"column":null}},"104":{"start":{"line":275,"column":22},"end":{"line":275,"column":null}},"105":{"start":{"line":276,"column":27},"end":{"line":276,"column":null}},"106":{"start":{"line":277,"column":25},"end":{"line":277,"column":null}},"107":{"start":{"line":278,"column":30},"end":{"line":278,"column":null}},"108":{"start":{"line":281,"column":27},"end":{"line":281,"column":null}},"109":{"start":{"line":282,"column":25},"end":{"line":282,"column":null}},"110":{"start":{"line":283,"column":27},"end":{"line":283,"column":null}},"111":{"start":{"line":285,"column":8},"end":{"line":325,"column":null}},"112":{"start":{"line":290,"column":10},"end":{"line":307,"column":null}},"113":{"start":{"line":291,"column":12},"end":{"line":291,"column":null}},"114":{"start":{"line":292,"column":32},"end":{"line":292,"column":null}},"115":{"start":{"line":293,"column":12},"end":{"line":293,"column":null}},"116":{"start":{"line":294,"column":12},"end":{"line":294,"column":null}},"117":{"start":{"line":295,"column":10},"end":{"line":307,"column":null}},"118":{"start":{"line":296,"column":12},"end":{"line":296,"column":null}},"119":{"start":{"line":297,"column":12},"end":{"line":297,"column":null}},"120":{"start":{"line":298,"column":12},"end":{"line":298,"column":null}},"121":{"start":{"line":299,"column":10},"end":{"line":307,"column":null}},"122":{"start":{"line":300,"column":12},"end":{"line":300,"column":null}},"123":{"start":{"line":301,"column":12},"end":{"line":301,"column":null}},"124":{"start":{"line":302,"column":12},"end":{"line":302,"column":null}},"125":{"start":{"line":304,"column":12},"end":{"line":304,"column":null}},"126":{"start":{"line":305,"column":12},"end":{"line":305,"column":null}},"127":{"start":{"line":306,"column":12},"end":{"line":306,"column":null}},"128":{"start":{"line":309,"column":10},"end":{"line":324,"column":null}},"129":{"start":{"line":329,"column":2},"end":{"line":337,"column":null}},"130":{"start":{"line":330,"column":26},"end":{"line":330,"column":null}},"131":{"start":{"line":331,"column":25},"end":{"line":331,"column":null}},"132":{"start":{"line":332,"column":4},"end":{"line":332,"column":null}},"133":{"start":{"line":332,"column":28},"end":{"line":332,"column":null}},"134":{"start":{"line":334,"column":18},"end":{"line":334,"column":null}},"135":{"start":{"line":335,"column":18},"end":{"line":335,"column":null}},"136":{"start":{"line":336,"column":4},"end":{"line":336,"column":null}},"137":{"start":{"line":344,"column":2},"end":{"line":346,"column":null}},"138":{"start":{"line":345,"column":4},"end":{"line":345,"column":null}},"139":{"start":{"line":348,"column":16},"end":{"line":348,"column":null}},"140":{"start":{"line":349,"column":21},"end":{"line":349,"column":null}},"141":{"start":{"line":350,"column":19},"end":{"line":350,"column":null}},"142":{"start":{"line":351,"column":24},"end":{"line":351,"column":null}},"143":{"start":{"line":353,"column":21},"end":{"line":353,"column":null}},"144":{"start":{"line":356,"column":2},"end":{"line":358,"column":null}},"145":{"start":{"line":357,"column":4},"end":{"line":357,"column":null}},"146":{"start":{"line":363,"column":2},"end":{"line":373,"column":null}},"147":{"start":{"line":364,"column":4},"end":{"line":364,"column":null}},"148":{"start":{"line":365,"column":2},"end":{"line":373,"column":null}},"149":{"start":{"line":366,"column":4},"end":{"line":366,"column":null}},"150":{"start":{"line":367,"column":2},"end":{"line":373,"column":null}},"151":{"start":{"line":368,"column":4},"end":{"line":368,"column":null}},"152":{"start":{"line":369,"column":2},"end":{"line":373,"column":null}},"153":{"start":{"line":370,"column":4},"end":{"line":370,"column":null}},"154":{"start":{"line":372,"column":4},"end":{"line":372,"column":null}},"155":{"start":{"line":379,"column":2},"end":{"line":392,"column":null}},"156":{"start":{"line":380,"column":24},"end":{"line":380,"column":null}},"157":{"start":{"line":381,"column":4},"end":{"line":381,"column":null}},"158":{"start":{"line":382,"column":4},"end":{"line":382,"column":null}},"159":{"start":{"line":383,"column":2},"end":{"line":392,"column":null}},"160":{"start":{"line":384,"column":4},"end":{"line":384,"column":null}},"161":{"start":{"line":385,"column":4},"end":{"line":385,"column":null}},"162":{"start":{"line":386,"column":2},"end":{"line":392,"column":null}},"163":{"start":{"line":387,"column":4},"end":{"line":387,"column":null}},"164":{"start":{"line":388,"column":4},"end":{"line":388,"column":null}},"165":{"start":{"line":390,"column":4},"end":{"line":390,"column":null}},"166":{"start":{"line":391,"column":4},"end":{"line":391,"column":null}},"167":{"start":{"line":394,"column":2},"end":{"line":409,"column":null}},"168":{"start":{"line":417,"column":2},"end":{"line":419,"column":null}},"169":{"start":{"line":418,"column":4},"end":{"line":418,"column":null}},"170":{"start":{"line":421,"column":16},"end":{"line":421,"column":null}},"171":{"start":{"line":429,"column":2},"end":{"line":436,"column":null}},"172":{"start":{"line":430,"column":4},"end":{"line":430,"column":null}},"173":{"start":{"line":433,"column":22},"end":{"line":433,"column":null}},"174":{"start":{"line":434,"column":4},"end":{"line":434,"column":null}},"175":{"start":{"line":435,"column":4},"end":{"line":435,"column":null}},"176":{"start":{"line":438,"column":19},"end":{"line":438,"column":null}},"177":{"start":{"line":439,"column":24},"end":{"line":439,"column":null}},"178":{"start":{"line":441,"column":21},"end":{"line":441,"column":null}},"179":{"start":{"line":444,"column":2},"end":{"line":446,"column":null}},"180":{"start":{"line":445,"column":4},"end":{"line":445,"column":null}},"181":{"start":{"line":449,"column":2},"end":{"line":470,"column":null}},"182":{"start":{"line":450,"column":4},"end":{"line":450,"column":null}},"183":{"start":{"line":451,"column":24},"end":{"line":451,"column":null}},"184":{"start":{"line":452,"column":4},"end":{"line":452,"column":null}},"185":{"start":{"line":453,"column":4},"end":{"line":453,"column":null}},"186":{"start":{"line":454,"column":2},"end":{"line":470,"column":null}},"187":{"start":{"line":455,"column":4},"end":{"line":455,"column":null}},"188":{"start":{"line":456,"column":4},"end":{"line":456,"column":null}},"189":{"start":{"line":457,"column":4},"end":{"line":457,"column":null}},"190":{"start":{"line":458,"column":2},"end":{"line":470,"column":null}},"191":{"start":{"line":459,"column":4},"end":{"line":459,"column":null}},"192":{"start":{"line":460,"column":4},"end":{"line":460,"column":null}},"193":{"start":{"line":461,"column":4},"end":{"line":461,"column":null}},"194":{"start":{"line":462,"column":2},"end":{"line":470,"column":null}},"195":{"start":{"line":463,"column":4},"end":{"line":463,"column":null}},"196":{"start":{"line":464,"column":4},"end":{"line":464,"column":null}},"197":{"start":{"line":465,"column":4},"end":{"line":465,"column":null}},"198":{"start":{"line":467,"column":4},"end":{"line":467,"column":null}},"199":{"start":{"line":468,"column":4},"end":{"line":468,"column":null}},"200":{"start":{"line":469,"column":4},"end":{"line":469,"column":null}},"201":{"start":{"line":472,"column":2},"end":{"line":487,"column":null}},"202":{"start":{"line":494,"column":2},"end":{"line":496,"column":null}},"203":{"start":{"line":495,"column":4},"end":{"line":495,"column":null}},"204":{"start":{"line":498,"column":16},"end":{"line":498,"column":null}},"205":{"start":{"line":499,"column":21},"end":{"line":499,"column":null}},"206":{"start":{"line":500,"column":19},"end":{"line":500,"column":null}},"207":{"start":{"line":501,"column":24},"end":{"line":501,"column":null}},"208":{"start":{"line":503,"column":21},"end":{"line":503,"column":null}},"209":{"start":{"line":506,"column":2},"end":{"line":508,"column":null}},"210":{"start":{"line":507,"column":4},"end":{"line":507,"column":null}},"211":{"start":{"line":513,"column":2},"end":{"line":523,"column":null}},"212":{"start":{"line":514,"column":4},"end":{"line":514,"column":null}},"213":{"start":{"line":515,"column":2},"end":{"line":523,"column":null}},"214":{"start":{"line":516,"column":4},"end":{"line":516,"column":null}},"215":{"start":{"line":517,"column":2},"end":{"line":523,"column":null}},"216":{"start":{"line":518,"column":4},"end":{"line":518,"column":null}},"217":{"start":{"line":519,"column":2},"end":{"line":523,"column":null}},"218":{"start":{"line":520,"column":4},"end":{"line":520,"column":null}},"219":{"start":{"line":522,"column":4},"end":{"line":522,"column":null}},"220":{"start":{"line":529,"column":2},"end":{"line":548,"column":null}},"221":{"start":{"line":530,"column":24},"end":{"line":530,"column":null}},"222":{"start":{"line":531,"column":4},"end":{"line":531,"column":null}},"223":{"start":{"line":532,"column":4},"end":{"line":532,"column":null}},"224":{"start":{"line":533,"column":2},"end":{"line":548,"column":null}},"225":{"start":{"line":534,"column":4},"end":{"line":534,"column":null}},"226":{"start":{"line":535,"column":4},"end":{"line":535,"column":null}},"227":{"start":{"line":536,"column":2},"end":{"line":548,"column":null}},"228":{"start":{"line":537,"column":4},"end":{"line":537,"column":null}},"229":{"start":{"line":538,"column":4},"end":{"line":538,"column":null}},"230":{"start":{"line":539,"column":2},"end":{"line":548,"column":null}},"231":{"start":{"line":540,"column":4},"end":{"line":540,"column":null}},"232":{"start":{"line":541,"column":4},"end":{"line":541,"column":null}},"233":{"start":{"line":542,"column":2},"end":{"line":548,"column":null}},"234":{"start":{"line":543,"column":4},"end":{"line":543,"column":null}},"235":{"start":{"line":544,"column":4},"end":{"line":544,"column":null}},"236":{"start":{"line":546,"column":4},"end":{"line":546,"column":null}},"237":{"start":{"line":547,"column":4},"end":{"line":547,"column":null}},"238":{"start":{"line":550,"column":2},"end":{"line":565,"column":null}},"239":{"start":{"line":572,"column":2},"end":{"line":574,"column":null}},"240":{"start":{"line":573,"column":4},"end":{"line":573,"column":null}},"241":{"start":{"line":576,"column":16},"end":{"line":576,"column":null}},"242":{"start":{"line":577,"column":21},"end":{"line":577,"column":null}},"243":{"start":{"line":578,"column":19},"end":{"line":578,"column":null}},"244":{"start":{"line":579,"column":24},"end":{"line":579,"column":null}},"245":{"start":{"line":581,"column":21},"end":{"line":581,"column":null}},"246":{"start":{"line":584,"column":2},"end":{"line":586,"column":null}},"247":{"start":{"line":585,"column":4},"end":{"line":585,"column":null}},"248":{"start":{"line":591,"column":2},"end":{"line":601,"column":null}},"249":{"start":{"line":592,"column":4},"end":{"line":592,"column":null}},"250":{"start":{"line":593,"column":2},"end":{"line":601,"column":null}},"251":{"start":{"line":594,"column":4},"end":{"line":594,"column":null}},"252":{"start":{"line":595,"column":2},"end":{"line":601,"column":null}},"253":{"start":{"line":596,"column":4},"end":{"line":596,"column":null}},"254":{"start":{"line":597,"column":2},"end":{"line":601,"column":null}},"255":{"start":{"line":598,"column":4},"end":{"line":598,"column":null}},"256":{"start":{"line":600,"column":4},"end":{"line":600,"column":null}},"257":{"start":{"line":607,"column":2},"end":{"line":626,"column":null}},"258":{"start":{"line":608,"column":24},"end":{"line":608,"column":null}},"259":{"start":{"line":609,"column":4},"end":{"line":609,"column":null}},"260":{"start":{"line":610,"column":4},"end":{"line":610,"column":null}},"261":{"start":{"line":611,"column":2},"end":{"line":626,"column":null}},"262":{"start":{"line":612,"column":4},"end":{"line":612,"column":null}},"263":{"start":{"line":613,"column":4},"end":{"line":613,"column":null}},"264":{"start":{"line":614,"column":2},"end":{"line":626,"column":null}},"265":{"start":{"line":615,"column":4},"end":{"line":615,"column":null}},"266":{"start":{"line":616,"column":4},"end":{"line":616,"column":null}},"267":{"start":{"line":617,"column":2},"end":{"line":626,"column":null}},"268":{"start":{"line":618,"column":4},"end":{"line":618,"column":null}},"269":{"start":{"line":619,"column":4},"end":{"line":619,"column":null}},"270":{"start":{"line":620,"column":2},"end":{"line":626,"column":null}},"271":{"start":{"line":621,"column":4},"end":{"line":621,"column":null}},"272":{"start":{"line":622,"column":4},"end":{"line":622,"column":null}},"273":{"start":{"line":624,"column":4},"end":{"line":624,"column":null}},"274":{"start":{"line":625,"column":4},"end":{"line":625,"column":null}},"275":{"start":{"line":628,"column":2},"end":{"line":643,"column":null}},"276":{"start":{"line":650,"column":2},"end":{"line":650,"column":null}},"277":{"start":{"line":650,"column":32},"end":{"line":650,"column":59}},"278":{"start":{"line":657,"column":2},"end":{"line":657,"column":null}},"279":{"start":{"line":657,"column":32},"end":{"line":657,"column":51}},"280":{"start":{"line":666,"column":22},"end":{"line":666,"column":null}},"281":{"start":{"line":669,"column":27},"end":{"line":669,"column":null}},"282":{"start":{"line":669,"column":51},"end":{"line":669,"column":64}},"283":{"start":{"line":670,"column":16},"end":{"line":670,"column":null}},"284":{"start":{"line":674,"column":29},"end":{"line":674,"column":null}},"285":{"start":{"line":675,"column":24},"end":{"line":675,"column":null}},"286":{"start":{"line":677,"column":2},"end":{"line":691,"column":null}},"287":{"start":{"line":678,"column":22},"end":{"line":678,"column":null}},"288":{"start":{"line":679,"column":4},"end":{"line":679,"column":null}},"289":{"start":{"line":679,"column":20},"end":{"line":679,"column":null}},"290":{"start":{"line":682,"column":4},"end":{"line":690,"column":null}},"291":{"start":{"line":683,"column":6},"end":{"line":683,"column":null}},"292":{"start":{"line":686,"column":30},"end":{"line":686,"column":null}},"293":{"start":{"line":687,"column":6},"end":{"line":689,"column":null}},"294":{"start":{"line":688,"column":8},"end":{"line":688,"column":null}},"295":{"start":{"line":693,"column":17},"end":{"line":693,"column":null}},"296":{"start":{"line":693,"column":69},"end":{"line":693,"column":83}},"297":{"start":{"line":694,"column":15},"end":{"line":694,"column":null}},"298":{"start":{"line":694,"column":67},"end":{"line":694,"column":79}},"299":{"start":{"line":695,"column":17},"end":{"line":695,"column":null}},"300":{"start":{"line":695,"column":69},"end":{"line":695,"column":83}},"301":{"start":{"line":696,"column":14},"end":{"line":696,"column":null}},"302":{"start":{"line":696,"column":66},"end":{"line":696,"column":77}},"303":{"start":{"line":699,"column":30},"end":{"line":699,"column":null}},"304":{"start":{"line":699,"column":49},"end":{"line":699,"column":92}},"305":{"start":{"line":700,"column":32},"end":{"line":700,"column":null}},"306":{"start":{"line":700,"column":51},"end":{"line":700,"column":87}},"307":{"start":{"line":701,"column":22},"end":{"line":701,"column":null}},"308":{"start":{"line":701,"column":41},"end":{"line":701,"column":79}},"309":{"start":{"line":702,"column":23},"end":{"line":702,"column":null}},"310":{"start":{"line":702,"column":42},"end":{"line":702,"column":81}},"311":{"start":{"line":704,"column":2},"end":{"line":715,"column":null}},"312":{"start":{"line":722,"column":2},"end":{"line":722,"column":null}},"313":{"start":{"line":722,"column":32},"end":{"line":722,"column":88}},"314":{"start":{"line":729,"column":2},"end":{"line":731,"column":null}},"315":{"start":{"line":730,"column":4},"end":{"line":730,"column":null}}},"fnMap":{"0":{"name":"invalidateNotificationThresholdsCache","decl":{"start":{"line":36,"column":16},"end":{"line":36,"column":56}},"loc":{"start":{"line":36,"column":56},"end":{"line":39,"column":null}},"line":36},"1":{"name":"getNotificationThresholds","decl":{"start":{"line":42,"column":22},"end":{"line":42,"column":50}},"loc":{"start":{"line":42,"column":50},"end":{"line":77,"column":null}},"line":42},"2":{"name":"generateCompanyAlerts","decl":{"start":{"line":95,"column":22},"end":{"line":95,"column":44}},"loc":{"start":{"line":95,"column":84},"end":{"line":135,"column":null}},"line":95},"3":{"name":"(anonymous_3)","decl":{"start":{"line":124,"column":21},"end":{"line":124,"column":22}},"loc":{"start":{"line":124,"column":31},"end":{"line":134,"column":3}},"line":124},"4":{"name":"generateCompanyAlertsSync","decl":{"start":{"line":138,"column":22},"end":{"line":138,"column":48}},"loc":{"start":{"line":138,"column":88},"end":{"line":338,"column":null}},"line":138},"5":{"name":"(anonymous_5)","decl":{"start":{"line":142,"column":20},"end":{"line":142,"column":31}},"loc":{"start":{"line":142,"column":31},"end":{"line":327,"column":3}},"line":142},"6":{"name":"(anonymous_6)","decl":{"start":{"line":329,"column":21},"end":{"line":329,"column":22}},"loc":{"start":{"line":329,"column":31},"end":{"line":337,"column":3}},"line":329},"7":{"name":"checkCommercialRegistrationExpiry","decl":{"start":{"line":343,"column":22},"end":{"line":343,"column":56}},"loc":{"start":{"line":343,"column":97},"end":{"line":410,"column":null}},"line":343},"8":{"name":"checkSocialInsuranceExpiry","decl":{"start":{"line":415,"column":22},"end":{"line":415,"column":49}},"loc":{"start":{"line":415,"column":90},"end":{"line":488,"column":null}},"line":415},"9":{"name":"checkPowerSubscriptionExpiry","decl":{"start":{"line":493,"column":22},"end":{"line":493,"column":51}},"loc":{"start":{"line":493,"column":92},"end":{"line":566,"column":null}},"line":493},"10":{"name":"checkMoqeemSubscriptionExpiry","decl":{"start":{"line":571,"column":22},"end":{"line":571,"column":52}},"loc":{"start":{"line":571,"column":93},"end":{"line":644,"column":null}},"line":571},"11":{"name":"filterAlertsByPriority","decl":{"start":{"line":649,"column":16},"end":{"line":649,"column":39}},"loc":{"start":{"line":649,"column":94},"end":{"line":651,"column":null}},"line":649},"12":{"name":"(anonymous_12)","decl":{"start":{"line":650,"column":23},"end":{"line":650,"column":32}},"loc":{"start":{"line":650,"column":32},"end":{"line":650,"column":59}},"line":650},"13":{"name":"filterAlertsByType","decl":{"start":{"line":656,"column":16},"end":{"line":656,"column":35}},"loc":{"start":{"line":656,"column":82},"end":{"line":658,"column":null}},"line":656},"14":{"name":"(anonymous_14)","decl":{"start":{"line":657,"column":23},"end":{"line":657,"column":32}},"loc":{"start":{"line":657,"column":32},"end":{"line":657,"column":51}},"line":657},"15":{"name":"getAlertsStats","decl":{"start":{"line":664,"column":16},"end":{"line":664,"column":31}},"loc":{"start":{"line":664,"column":48},"end":{"line":716,"column":null}},"line":664},"16":{"name":"(anonymous_16)","decl":{"start":{"line":669,"column":46},"end":{"line":669,"column":51}},"loc":{"start":{"line":669,"column":51},"end":{"line":669,"column":64}},"line":669},"17":{"name":"(anonymous_17)","decl":{"start":{"line":677,"column":17},"end":{"line":677,"column":26}},"loc":{"start":{"line":677,"column":26},"end":{"line":691,"column":3}},"line":677},"18":{"name":"(anonymous_18)","decl":{"start":{"line":693,"column":64},"end":{"line":693,"column":69}},"loc":{"start":{"line":693,"column":69},"end":{"line":693,"column":83}},"line":693},"19":{"name":"(anonymous_19)","decl":{"start":{"line":694,"column":62},"end":{"line":694,"column":67}},"loc":{"start":{"line":694,"column":67},"end":{"line":694,"column":79}},"line":694},"20":{"name":"(anonymous_20)","decl":{"start":{"line":695,"column":64},"end":{"line":695,"column":69}},"loc":{"start":{"line":695,"column":69},"end":{"line":695,"column":83}},"line":695},"21":{"name":"(anonymous_21)","decl":{"start":{"line":696,"column":61},"end":{"line":696,"column":66}},"loc":{"start":{"line":696,"column":66},"end":{"line":696,"column":77}},"line":696},"22":{"name":"(anonymous_22)","decl":{"start":{"line":699,"column":44},"end":{"line":699,"column":49}},"loc":{"start":{"line":699,"column":49},"end":{"line":699,"column":92}},"line":699},"23":{"name":"(anonymous_23)","decl":{"start":{"line":700,"column":46},"end":{"line":700,"column":51}},"loc":{"start":{"line":700,"column":51},"end":{"line":700,"column":87}},"line":700},"24":{"name":"(anonymous_24)","decl":{"start":{"line":701,"column":36},"end":{"line":701,"column":41}},"loc":{"start":{"line":701,"column":41},"end":{"line":701,"column":79}},"line":701},"25":{"name":"(anonymous_25)","decl":{"start":{"line":702,"column":37},"end":{"line":702,"column":42}},"loc":{"start":{"line":702,"column":42},"end":{"line":702,"column":81}},"line":702},"26":{"name":"getUrgentAlerts","decl":{"start":{"line":721,"column":16},"end":{"line":721,"column":32}},"loc":{"start":{"line":721,"column":58},"end":{"line":723,"column":null}},"line":721},"27":{"name":"(anonymous_27)","decl":{"start":{"line":722,"column":23},"end":{"line":722,"column":32}},"loc":{"start":{"line":722,"column":32},"end":{"line":722,"column":88}},"line":722},"28":{"name":"getExpiredAlerts","decl":{"start":{"line":728,"column":16},"end":{"line":728,"column":33}},"loc":{"start":{"line":728,"column":59},"end":{"line":732,"column":null}},"line":728},"29":{"name":"(anonymous_29)","decl":{"start":{"line":729,"column":23},"end":{"line":729,"column":null}},"loc":{"start":{"line":730,"column":4},"end":{"line":730,"column":null}},"line":730}},"branchMap":{"0":{"loc":{"start":{"line":45,"column":2},"end":{"line":47,"column":null}},"type":"if","locations":[{"start":{"line":45,"column":2},"end":{"line":47,"column":null}},{"start":{},"end":{}}],"line":45},"1":{"loc":{"start":{"line":45,"column":6},"end":{"line":45,"column":61}},"type":"binary-expr","locations":[{"start":{"line":45,"column":6},"end":{"line":45,"column":26}},{"start":{"line":45,"column":26},"end":{"line":45,"column":61}}],"line":45},"2":{"loc":{"start":{"line":56,"column":4},"end":{"line":62,"column":null}},"type":"if","locations":[{"start":{"line":56,"column":4},"end":{"line":62,"column":null}},{"start":{},"end":{}}],"line":56},"3":{"loc":{"start":{"line":56,"column":8},"end":{"line":56,"column":47}},"type":"binary-expr","locations":[{"start":{"line":56,"column":8},"end":{"line":56,"column":17}},{"start":{"line":56,"column":17},"end":{"line":56,"column":26}},{"start":{"line":56,"column":26},"end":{"line":56,"column":47}}],"line":56},"4":{"loc":{"start":{"line":101,"column":4},"end":{"line":103,"column":null}},"type":"if","locations":[{"start":{"line":101,"column":4},"end":{"line":103,"column":null}},{"start":{},"end":{}}],"line":101},"5":{"loc":{"start":{"line":107,"column":4},"end":{"line":109,"column":null}},"type":"if","locations":[{"start":{"line":107,"column":4},"end":{"line":109,"column":null}},{"start":{},"end":{}}],"line":107},"6":{"loc":{"start":{"line":113,"column":4},"end":{"line":115,"column":null}},"type":"if","locations":[{"start":{"line":113,"column":4},"end":{"line":115,"column":null}},{"start":{},"end":{}}],"line":113},"7":{"loc":{"start":{"line":119,"column":4},"end":{"line":121,"column":null}},"type":"if","locations":[{"start":{"line":119,"column":4},"end":{"line":121,"column":null}},{"start":{},"end":{}}],"line":119},"8":{"loc":{"start":{"line":128,"column":4},"end":{"line":128,"column":null}},"type":"if","locations":[{"start":{"line":128,"column":4},"end":{"line":128,"column":null}},{"start":{},"end":{}}],"line":128},"9":{"loc":{"start":{"line":131,"column":18},"end":{"line":131,"column":null}},"type":"binary-expr","locations":[{"start":{"line":131,"column":18},"end":{"line":131,"column":38}},{"start":{"line":131,"column":38},"end":{"line":131,"column":null}}],"line":131},"10":{"loc":{"start":{"line":132,"column":18},"end":{"line":132,"column":null}},"type":"binary-expr","locations":[{"start":{"line":132,"column":18},"end":{"line":132,"column":38}},{"start":{"line":132,"column":38},"end":{"line":132,"column":null}}],"line":132},"11":{"loc":{"start":{"line":143,"column":6},"end":{"line":178,"column":null}},"type":"if","locations":[{"start":{"line":143,"column":6},"end":{"line":178,"column":null}},{"start":{},"end":{}}],"line":143},"12":{"loc":{"start":{"line":149,"column":8},"end":{"line":177,"column":null}},"type":"if","locations":[{"start":{"line":149,"column":8},"end":{"line":177,"column":null}},{"start":{},"end":{}}],"line":149},"13":{"loc":{"start":{"line":151,"column":10},"end":{"line":159,"column":null}},"type":"if","locations":[{"start":{"line":151,"column":10},"end":{"line":159,"column":null}},{"start":{"line":153,"column":10},"end":{"line":159,"column":null}}],"line":151},"14":{"loc":{"start":{"line":153,"column":10},"end":{"line":159,"column":null}},"type":"if","locations":[{"start":{"line":153,"column":10},"end":{"line":159,"column":null}},{"start":{"line":155,"column":10},"end":{"line":159,"column":null}}],"line":153},"15":{"loc":{"start":{"line":155,"column":10},"end":{"line":159,"column":null}},"type":"if","locations":[{"start":{"line":155,"column":10},"end":{"line":159,"column":null}},{"start":{"line":157,"column":17},"end":{"line":159,"column":null}}],"line":155},"16":{"loc":{"start":{"line":155,"column":39},"end":{"line":155,"column":123}},"type":"binary-expr","locations":[{"start":{"line":155,"column":39},"end":{"line":155,"column":78}},{"start":{"line":155,"column":78},"end":{"line":155,"column":123}}],"line":155},"17":{"loc":{"start":{"line":166,"column":70},"end":{"line":166,"column":156}},"type":"cond-expr","locations":[{"start":{"line":166,"column":90},"end":{"line":166,"column":129}},{"start":{"line":166,"column":129},"end":{"line":166,"column":156}}],"line":166},"18":{"loc":{"start":{"line":181,"column":6},"end":{"line":216,"column":null}},"type":"if","locations":[{"start":{"line":181,"column":6},"end":{"line":216,"column":null}},{"start":{},"end":{}}],"line":181},"19":{"loc":{"start":{"line":187,"column":8},"end":{"line":215,"column":null}},"type":"if","locations":[{"start":{"line":187,"column":8},"end":{"line":215,"column":null}},{"start":{},"end":{}}],"line":187},"20":{"loc":{"start":{"line":189,"column":10},"end":{"line":197,"column":null}},"type":"if","locations":[{"start":{"line":189,"column":10},"end":{"line":197,"column":null}},{"start":{"line":191,"column":10},"end":{"line":197,"column":null}}],"line":189},"21":{"loc":{"start":{"line":191,"column":10},"end":{"line":197,"column":null}},"type":"if","locations":[{"start":{"line":191,"column":10},"end":{"line":197,"column":null}},{"start":{"line":193,"column":10},"end":{"line":197,"column":null}}],"line":191},"22":{"loc":{"start":{"line":193,"column":10},"end":{"line":197,"column":null}},"type":"if","locations":[{"start":{"line":193,"column":10},"end":{"line":197,"column":null}},{"start":{"line":195,"column":17},"end":{"line":197,"column":null}}],"line":193},"23":{"loc":{"start":{"line":193,"column":39},"end":{"line":193,"column":127}},"type":"binary-expr","locations":[{"start":{"line":193,"column":39},"end":{"line":193,"column":80}},{"start":{"line":193,"column":80},"end":{"line":193,"column":127}}],"line":193},"24":{"loc":{"start":{"line":204,"column":77},"end":{"line":204,"column":163}},"type":"cond-expr","locations":[{"start":{"line":204,"column":97},"end":{"line":204,"column":136}},{"start":{"line":204,"column":136},"end":{"line":204,"column":163}}],"line":204},"25":{"loc":{"start":{"line":219,"column":6},"end":{"line":271,"column":null}},"type":"if","locations":[{"start":{"line":219,"column":6},"end":{"line":271,"column":null}},{"start":{},"end":{}}],"line":219},"26":{"loc":{"start":{"line":226,"column":27},"end":{"line":226,"column":null}},"type":"binary-expr","locations":[{"start":{"line":226,"column":27},"end":{"line":226,"column":72}},{"start":{"line":226,"column":72},"end":{"line":226,"column":null}}],"line":226},"27":{"loc":{"start":{"line":227,"column":25},"end":{"line":227,"column":null}},"type":"binary-expr","locations":[{"start":{"line":227,"column":25},"end":{"line":227,"column":68}},{"start":{"line":227,"column":68},"end":{"line":227,"column":null}}],"line":227},"28":{"loc":{"start":{"line":228,"column":27},"end":{"line":228,"column":null}},"type":"binary-expr","locations":[{"start":{"line":228,"column":27},"end":{"line":228,"column":72}},{"start":{"line":228,"column":72},"end":{"line":228,"column":null}}],"line":228},"29":{"loc":{"start":{"line":230,"column":8},"end":{"line":270,"column":null}},"type":"if","locations":[{"start":{"line":230,"column":8},"end":{"line":270,"column":null}},{"start":{},"end":{}}],"line":230},"30":{"loc":{"start":{"line":235,"column":10},"end":{"line":252,"column":null}},"type":"if","locations":[{"start":{"line":235,"column":10},"end":{"line":252,"column":null}},{"start":{"line":240,"column":10},"end":{"line":252,"column":null}}],"line":235},"31":{"loc":{"start":{"line":240,"column":10},"end":{"line":252,"column":null}},"type":"if","locations":[{"start":{"line":240,"column":10},"end":{"line":252,"column":null}},{"start":{"line":244,"column":10},"end":{"line":252,"column":null}}],"line":240},"32":{"loc":{"start":{"line":244,"column":10},"end":{"line":252,"column":null}},"type":"if","locations":[{"start":{"line":244,"column":10},"end":{"line":252,"column":null}},{"start":{"line":248,"column":17},"end":{"line":252,"column":null}}],"line":244},"33":{"loc":{"start":{"line":244,"column":39},"end":{"line":244,"column":69}},"type":"binary-expr","locations":[{"start":{"line":244,"column":39},"end":{"line":244,"column":51}},{"start":{"line":244,"column":51},"end":{"line":244,"column":69}}],"line":244},"34":{"loc":{"start":{"line":274,"column":6},"end":{"line":326,"column":null}},"type":"if","locations":[{"start":{"line":274,"column":6},"end":{"line":326,"column":null}},{"start":{},"end":{}}],"line":274},"35":{"loc":{"start":{"line":281,"column":27},"end":{"line":281,"column":null}},"type":"binary-expr","locations":[{"start":{"line":281,"column":27},"end":{"line":281,"column":73}},{"start":{"line":281,"column":73},"end":{"line":281,"column":null}}],"line":281},"36":{"loc":{"start":{"line":282,"column":25},"end":{"line":282,"column":null}},"type":"binary-expr","locations":[{"start":{"line":282,"column":25},"end":{"line":282,"column":69}},{"start":{"line":282,"column":69},"end":{"line":282,"column":null}}],"line":282},"37":{"loc":{"start":{"line":283,"column":27},"end":{"line":283,"column":null}},"type":"binary-expr","locations":[{"start":{"line":283,"column":27},"end":{"line":283,"column":73}},{"start":{"line":283,"column":73},"end":{"line":283,"column":null}}],"line":283},"38":{"loc":{"start":{"line":285,"column":8},"end":{"line":325,"column":null}},"type":"if","locations":[{"start":{"line":285,"column":8},"end":{"line":325,"column":null}},{"start":{},"end":{}}],"line":285},"39":{"loc":{"start":{"line":290,"column":10},"end":{"line":307,"column":null}},"type":"if","locations":[{"start":{"line":290,"column":10},"end":{"line":307,"column":null}},{"start":{"line":295,"column":10},"end":{"line":307,"column":null}}],"line":290},"40":{"loc":{"start":{"line":295,"column":10},"end":{"line":307,"column":null}},"type":"if","locations":[{"start":{"line":295,"column":10},"end":{"line":307,"column":null}},{"start":{"line":299,"column":10},"end":{"line":307,"column":null}}],"line":295},"41":{"loc":{"start":{"line":299,"column":10},"end":{"line":307,"column":null}},"type":"if","locations":[{"start":{"line":299,"column":10},"end":{"line":307,"column":null}},{"start":{"line":303,"column":17},"end":{"line":307,"column":null}}],"line":299},"42":{"loc":{"start":{"line":299,"column":39},"end":{"line":299,"column":69}},"type":"binary-expr","locations":[{"start":{"line":299,"column":39},"end":{"line":299,"column":51}},{"start":{"line":299,"column":51},"end":{"line":299,"column":69}}],"line":299},"43":{"loc":{"start":{"line":332,"column":4},"end":{"line":332,"column":null}},"type":"if","locations":[{"start":{"line":332,"column":4},"end":{"line":332,"column":null}},{"start":{},"end":{}}],"line":332},"44":{"loc":{"start":{"line":334,"column":18},"end":{"line":334,"column":null}},"type":"binary-expr","locations":[{"start":{"line":334,"column":18},"end":{"line":334,"column":38}},{"start":{"line":334,"column":38},"end":{"line":334,"column":null}}],"line":334},"45":{"loc":{"start":{"line":335,"column":18},"end":{"line":335,"column":null}},"type":"binary-expr","locations":[{"start":{"line":335,"column":18},"end":{"line":335,"column":38}},{"start":{"line":335,"column":38},"end":{"line":335,"column":null}}],"line":335},"46":{"loc":{"start":{"line":344,"column":2},"end":{"line":346,"column":null}},"type":"if","locations":[{"start":{"line":344,"column":2},"end":{"line":346,"column":null}},{"start":{},"end":{}}],"line":344},"47":{"loc":{"start":{"line":356,"column":2},"end":{"line":358,"column":null}},"type":"if","locations":[{"start":{"line":356,"column":2},"end":{"line":358,"column":null}},{"start":{},"end":{}}],"line":356},"48":{"loc":{"start":{"line":363,"column":2},"end":{"line":373,"column":null}},"type":"if","locations":[{"start":{"line":363,"column":2},"end":{"line":373,"column":null}},{"start":{"line":365,"column":2},"end":{"line":373,"column":null}}],"line":363},"49":{"loc":{"start":{"line":365,"column":2},"end":{"line":373,"column":null}},"type":"if","locations":[{"start":{"line":365,"column":2},"end":{"line":373,"column":null}},{"start":{"line":367,"column":2},"end":{"line":373,"column":null}}],"line":365},"50":{"loc":{"start":{"line":367,"column":2},"end":{"line":373,"column":null}},"type":"if","locations":[{"start":{"line":367,"column":2},"end":{"line":373,"column":null}},{"start":{"line":369,"column":2},"end":{"line":373,"column":null}}],"line":367},"51":{"loc":{"start":{"line":367,"column":31},"end":{"line":367,"column":115}},"type":"binary-expr","locations":[{"start":{"line":367,"column":31},"end":{"line":367,"column":70}},{"start":{"line":367,"column":70},"end":{"line":367,"column":115}}],"line":367},"52":{"loc":{"start":{"line":369,"column":2},"end":{"line":373,"column":null}},"type":"if","locations":[{"start":{"line":369,"column":2},"end":{"line":373,"column":null}},{"start":{"line":371,"column":9},"end":{"line":373,"column":null}}],"line":369},"53":{"loc":{"start":{"line":379,"column":2},"end":{"line":392,"column":null}},"type":"if","locations":[{"start":{"line":379,"column":2},"end":{"line":392,"column":null}},{"start":{"line":383,"column":2},"end":{"line":392,"column":null}}],"line":379},"54":{"loc":{"start":{"line":383,"column":2},"end":{"line":392,"column":null}},"type":"if","locations":[{"start":{"line":383,"column":2},"end":{"line":392,"column":null}},{"start":{"line":386,"column":2},"end":{"line":392,"column":null}}],"line":383},"55":{"loc":{"start":{"line":386,"column":2},"end":{"line":392,"column":null}},"type":"if","locations":[{"start":{"line":386,"column":2},"end":{"line":392,"column":null}},{"start":{"line":389,"column":9},"end":{"line":392,"column":null}}],"line":386},"56":{"loc":{"start":{"line":417,"column":2},"end":{"line":419,"column":null}},"type":"if","locations":[{"start":{"line":417,"column":2},"end":{"line":419,"column":null}},{"start":{},"end":{}}],"line":417},"57":{"loc":{"start":{"line":417,"column":6},"end":{"line":417,"column":75}},"type":"binary-expr","locations":[{"start":{"line":417,"column":6},"end":{"line":417,"column":42}},{"start":{"line":417,"column":42},"end":{"line":417,"column":75}}],"line":417},"58":{"loc":{"start":{"line":429,"column":2},"end":{"line":436,"column":null}},"type":"if","locations":[{"start":{"line":429,"column":2},"end":{"line":436,"column":null}},{"start":{"line":431,"column":9},"end":{"line":436,"column":null}}],"line":429},"59":{"loc":{"start":{"line":444,"column":2},"end":{"line":446,"column":null}},"type":"if","locations":[{"start":{"line":444,"column":2},"end":{"line":446,"column":null}},{"start":{},"end":{}}],"line":444},"60":{"loc":{"start":{"line":449,"column":2},"end":{"line":470,"column":null}},"type":"if","locations":[{"start":{"line":449,"column":2},"end":{"line":470,"column":null}},{"start":{"line":454,"column":2},"end":{"line":470,"column":null}}],"line":449},"61":{"loc":{"start":{"line":454,"column":2},"end":{"line":470,"column":null}},"type":"if","locations":[{"start":{"line":454,"column":2},"end":{"line":470,"column":null}},{"start":{"line":458,"column":2},"end":{"line":470,"column":null}}],"line":454},"62":{"loc":{"start":{"line":458,"column":2},"end":{"line":470,"column":null}},"type":"if","locations":[{"start":{"line":458,"column":2},"end":{"line":470,"column":null}},{"start":{"line":462,"column":2},"end":{"line":470,"column":null}}],"line":458},"63":{"loc":{"start":{"line":458,"column":31},"end":{"line":458,"column":119}},"type":"binary-expr","locations":[{"start":{"line":458,"column":31},"end":{"line":458,"column":72}},{"start":{"line":458,"column":72},"end":{"line":458,"column":119}}],"line":458},"64":{"loc":{"start":{"line":462,"column":2},"end":{"line":470,"column":null}},"type":"if","locations":[{"start":{"line":462,"column":2},"end":{"line":470,"column":null}},{"start":{"line":466,"column":9},"end":{"line":470,"column":null}}],"line":462},"65":{"loc":{"start":{"line":494,"column":2},"end":{"line":496,"column":null}},"type":"if","locations":[{"start":{"line":494,"column":2},"end":{"line":496,"column":null}},{"start":{},"end":{}}],"line":494},"66":{"loc":{"start":{"line":506,"column":2},"end":{"line":508,"column":null}},"type":"if","locations":[{"start":{"line":506,"column":2},"end":{"line":508,"column":null}},{"start":{},"end":{}}],"line":506},"67":{"loc":{"start":{"line":513,"column":2},"end":{"line":523,"column":null}},"type":"if","locations":[{"start":{"line":513,"column":2},"end":{"line":523,"column":null}},{"start":{"line":515,"column":2},"end":{"line":523,"column":null}}],"line":513},"68":{"loc":{"start":{"line":515,"column":2},"end":{"line":523,"column":null}},"type":"if","locations":[{"start":{"line":515,"column":2},"end":{"line":523,"column":null}},{"start":{"line":517,"column":2},"end":{"line":523,"column":null}}],"line":515},"69":{"loc":{"start":{"line":517,"column":2},"end":{"line":523,"column":null}},"type":"if","locations":[{"start":{"line":517,"column":2},"end":{"line":523,"column":null}},{"start":{"line":519,"column":2},"end":{"line":523,"column":null}}],"line":517},"70":{"loc":{"start":{"line":517,"column":31},"end":{"line":517,"column":115}},"type":"binary-expr","locations":[{"start":{"line":517,"column":31},"end":{"line":517,"column":70}},{"start":{"line":517,"column":70},"end":{"line":517,"column":115}}],"line":517},"71":{"loc":{"start":{"line":519,"column":2},"end":{"line":523,"column":null}},"type":"if","locations":[{"start":{"line":519,"column":2},"end":{"line":523,"column":null}},{"start":{"line":521,"column":9},"end":{"line":523,"column":null}}],"line":519},"72":{"loc":{"start":{"line":529,"column":2},"end":{"line":548,"column":null}},"type":"if","locations":[{"start":{"line":529,"column":2},"end":{"line":548,"column":null}},{"start":{"line":533,"column":2},"end":{"line":548,"column":null}}],"line":529},"73":{"loc":{"start":{"line":533,"column":2},"end":{"line":548,"column":null}},"type":"if","locations":[{"start":{"line":533,"column":2},"end":{"line":548,"column":null}},{"start":{"line":536,"column":2},"end":{"line":548,"column":null}}],"line":533},"74":{"loc":{"start":{"line":536,"column":2},"end":{"line":548,"column":null}},"type":"if","locations":[{"start":{"line":536,"column":2},"end":{"line":548,"column":null}},{"start":{"line":539,"column":2},"end":{"line":548,"column":null}}],"line":536},"75":{"loc":{"start":{"line":539,"column":2},"end":{"line":548,"column":null}},"type":"if","locations":[{"start":{"line":539,"column":2},"end":{"line":548,"column":null}},{"start":{"line":542,"column":2},"end":{"line":548,"column":null}}],"line":539},"76":{"loc":{"start":{"line":542,"column":2},"end":{"line":548,"column":null}},"type":"if","locations":[{"start":{"line":542,"column":2},"end":{"line":548,"column":null}},{"start":{"line":545,"column":9},"end":{"line":548,"column":null}}],"line":542},"77":{"loc":{"start":{"line":542,"column":31},"end":{"line":542,"column":115}},"type":"binary-expr","locations":[{"start":{"line":542,"column":31},"end":{"line":542,"column":70}},{"start":{"line":542,"column":70},"end":{"line":542,"column":115}}],"line":542},"78":{"loc":{"start":{"line":572,"column":2},"end":{"line":574,"column":null}},"type":"if","locations":[{"start":{"line":572,"column":2},"end":{"line":574,"column":null}},{"start":{},"end":{}}],"line":572},"79":{"loc":{"start":{"line":584,"column":2},"end":{"line":586,"column":null}},"type":"if","locations":[{"start":{"line":584,"column":2},"end":{"line":586,"column":null}},{"start":{},"end":{}}],"line":584},"80":{"loc":{"start":{"line":591,"column":2},"end":{"line":601,"column":null}},"type":"if","locations":[{"start":{"line":591,"column":2},"end":{"line":601,"column":null}},{"start":{"line":593,"column":2},"end":{"line":601,"column":null}}],"line":591},"81":{"loc":{"start":{"line":593,"column":2},"end":{"line":601,"column":null}},"type":"if","locations":[{"start":{"line":593,"column":2},"end":{"line":601,"column":null}},{"start":{"line":595,"column":2},"end":{"line":601,"column":null}}],"line":593},"82":{"loc":{"start":{"line":595,"column":2},"end":{"line":601,"column":null}},"type":"if","locations":[{"start":{"line":595,"column":2},"end":{"line":601,"column":null}},{"start":{"line":597,"column":2},"end":{"line":601,"column":null}}],"line":595},"83":{"loc":{"start":{"line":595,"column":31},"end":{"line":595,"column":115}},"type":"binary-expr","locations":[{"start":{"line":595,"column":31},"end":{"line":595,"column":70}},{"start":{"line":595,"column":70},"end":{"line":595,"column":115}}],"line":595},"84":{"loc":{"start":{"line":597,"column":2},"end":{"line":601,"column":null}},"type":"if","locations":[{"start":{"line":597,"column":2},"end":{"line":601,"column":null}},{"start":{"line":599,"column":9},"end":{"line":601,"column":null}}],"line":597},"85":{"loc":{"start":{"line":607,"column":2},"end":{"line":626,"column":null}},"type":"if","locations":[{"start":{"line":607,"column":2},"end":{"line":626,"column":null}},{"start":{"line":611,"column":2},"end":{"line":626,"column":null}}],"line":607},"86":{"loc":{"start":{"line":611,"column":2},"end":{"line":626,"column":null}},"type":"if","locations":[{"start":{"line":611,"column":2},"end":{"line":626,"column":null}},{"start":{"line":614,"column":2},"end":{"line":626,"column":null}}],"line":611},"87":{"loc":{"start":{"line":614,"column":2},"end":{"line":626,"column":null}},"type":"if","locations":[{"start":{"line":614,"column":2},"end":{"line":626,"column":null}},{"start":{"line":617,"column":2},"end":{"line":626,"column":null}}],"line":614},"88":{"loc":{"start":{"line":617,"column":2},"end":{"line":626,"column":null}},"type":"if","locations":[{"start":{"line":617,"column":2},"end":{"line":626,"column":null}},{"start":{"line":620,"column":2},"end":{"line":626,"column":null}}],"line":617},"89":{"loc":{"start":{"line":620,"column":2},"end":{"line":626,"column":null}},"type":"if","locations":[{"start":{"line":620,"column":2},"end":{"line":626,"column":null}},{"start":{"line":623,"column":9},"end":{"line":626,"column":null}}],"line":620},"90":{"loc":{"start":{"line":620,"column":31},"end":{"line":620,"column":115}},"type":"binary-expr","locations":[{"start":{"line":620,"column":31},"end":{"line":620,"column":70}},{"start":{"line":620,"column":70},"end":{"line":620,"column":115}}],"line":620},"91":{"loc":{"start":{"line":679,"column":4},"end":{"line":679,"column":null}},"type":"if","locations":[{"start":{"line":679,"column":4},"end":{"line":679,"column":null}},{"start":{},"end":{}}],"line":679},"92":{"loc":{"start":{"line":682,"column":4},"end":{"line":690,"column":null}},"type":"if","locations":[{"start":{"line":682,"column":4},"end":{"line":690,"column":null}},{"start":{"line":684,"column":11},"end":{"line":690,"column":null}}],"line":682},"93":{"loc":{"start":{"line":687,"column":6},"end":{"line":689,"column":null}},"type":"if","locations":[{"start":{"line":687,"column":6},"end":{"line":689,"column":null}},{"start":{},"end":{}}],"line":687},"94":{"loc":{"start":{"line":722,"column":32},"end":{"line":722,"column":88}},"type":"binary-expr","locations":[{"start":{"line":722,"column":32},"end":{"line":722,"column":63}},{"start":{"line":722,"column":63},"end":{"line":722,"column":88}}],"line":722},"95":{"loc":{"start":{"line":730,"column":4},"end":{"line":730,"column":null}},"type":"binary-expr","locations":[{"start":{"line":730,"column":4},"end":{"line":730,"column":42}},{"start":{"line":730,"column":42},"end":{"line":730,"column":null}}],"line":730}},"s":{"0":1,"1":1,"2":1,"3":1,"4":0,"5":0,"6":8,"7":8,"8":7,"9":1,"10":1,"11":1,"12":1,"13":1,"14":1,"15":1,"16":0,"17":0,"18":0,"19":0,"20":0,"21":0,"22":0,"23":0,"24":0,"25":0,"26":0,"27":0,"28":0,"29":0,"30":0,"31":0,"32":0,"33":0,"34":0,"35":0,"36":0,"37":0,"38":0,"39":0,"40":0,"41":0,"42":0,"43":0,"44":0,"45":0,"46":8,"47":8,"48":8,"49":19,"50":18,"51":18,"52":18,"53":18,"54":18,"55":12,"56":4,"57":8,"58":4,"59":4,"60":4,"61":0,"62":12,"63":19,"64":0,"65":0,"66":0,"67":0,"68":0,"69":0,"70":0,"71":0,"72":0,"73":0,"74":0,"75":0,"76":0,"77":19,"78":0,"79":0,"80":0,"81":0,"82":0,"83":0,"84":0,"85":0,"86":0,"87":0,"88":0,"89":0,"90":0,"91":0,"92":0,"93":0,"94":0,"95":0,"96":0,"97":0,"98":0,"99":0,"100":0,"101":0,"102":0,"103":19,"104":0,"105":0,"106":0,"107":0,"108":0,"109":0,"110":0,"111":0,"112":0,"113":0,"114":0,"115":0,"116":0,"117":0,"118":0,"119":0,"120":0,"121":0,"122":0,"123":0,"124":0,"125":0,"126":0,"127":0,"128":0,"129":8,"130":8,"131":8,"132":8,"133":4,"134":4,"135":8,"136":8,"137":0,"138":0,"139":0,"140":0,"141":0,"142":0,"143":0,"144":0,"145":0,"146":0,"147":0,"148":0,"149":0,"150":0,"151":0,"152":0,"153":0,"154":0,"155":0,"156":0,"157":0,"158":0,"159":0,"160":0,"161":0,"162":0,"163":0,"164":0,"165":0,"166":0,"167":0,"168":0,"169":0,"170":0,"171":0,"172":0,"173":0,"174":0,"175":0,"176":0,"177":0,"178":0,"179":0,"180":0,"181":0,"182":0,"183":0,"184":0,"185":0,"186":0,"187":0,"188":0,"189":0,"190":0,"191":0,"192":0,"193":0,"194":0,"195":0,"196":0,"197":0,"198":0,"199":0,"200":0,"201":0,"202":0,"203":0,"204":0,"205":0,"206":0,"207":0,"208":0,"209":0,"210":0,"211":0,"212":0,"213":0,"214":0,"215":0,"216":0,"217":0,"218":0,"219":0,"220":0,"221":0,"222":0,"223":0,"224":0,"225":0,"226":0,"227":0,"228":0,"229":0,"230":0,"231":0,"232":0,"233":0,"234":0,"235":0,"236":0,"237":0,"238":0,"239":0,"240":0,"241":0,"242":0,"243":0,"244":0,"245":0,"246":0,"247":0,"248":0,"249":0,"250":0,"251":0,"252":0,"253":0,"254":0,"255":0,"256":0,"257":0,"258":0,"259":0,"260":0,"261":0,"262":0,"263":0,"264":0,"265":0,"266":0,"267":0,"268":0,"269":0,"270":0,"271":0,"272":0,"273":0,"274":0,"275":0,"276":4,"277":12,"278":3,"279":8,"280":3,"281":3,"282":7,"283":3,"284":3,"285":3,"286":3,"287":7,"288":7,"289":0,"290":7,"291":7,"292":0,"293":0,"294":0,"295":3,"296":7,"297":3,"298":7,"299":3,"300":7,"301":3,"302":7,"303":3,"304":7,"305":3,"306":7,"307":3,"308":7,"309":3,"310":7,"311":3,"312":3,"313":10,"314":4,"315":16},"f":{"0":0,"1":8,"2":0,"3":0,"4":8,"5":19,"6":8,"7":0,"8":0,"9":0,"10":0,"11":4,"12":12,"13":3,"14":8,"15":3,"16":7,"17":7,"18":7,"19":7,"20":7,"21":7,"22":7,"23":7,"24":7,"25":7,"26":3,"27":10,"28":4,"29":16},"b":{"0":[7,1],"1":[8,7],"2":[1,0],"3":[1,1,0],"4":[0,0],"5":[0,0],"6":[0,0],"7":[0,0],"8":[0,0],"9":[0,0],"10":[0,0],"11":[18,1],"12":[12,6],"13":[4,8],"14":[4,4],"15":[4,0],"16":[4,0],"17":[4,8],"18":[0,19],"19":[0,0],"20":[0,0],"21":[0,0],"22":[0,0],"23":[0,0],"24":[0,0],"25":[0,19],"26":[0,0],"27":[0,0],"28":[0,0],"29":[0,0],"30":[0,0],"31":[0,0],"32":[0,0],"33":[0,0],"34":[0,19],"35":[0,0],"36":[0,0],"37":[0,0],"38":[0,0],"39":[0,0],"40":[0,0],"41":[0,0],"42":[0,0],"43":[4,4],"44":[4,0],"45":[8,0],"46":[0,0],"47":[0,0],"48":[0,0],"49":[0,0],"50":[0,0],"51":[0,0],"52":[0,0],"53":[0,0],"54":[0,0],"55":[0,0],"56":[0,0],"57":[0,0],"58":[0,0],"59":[0,0],"60":[0,0],"61":[0,0],"62":[0,0],"63":[0,0],"64":[0,0],"65":[0,0],"66":[0,0],"67":[0,0],"68":[0,0],"69":[0,0],"70":[0,0],"71":[0,0],"72":[0,0],"73":[0,0],"74":[0,0],"75":[0,0],"76":[0,0],"77":[0,0],"78":[0,0],"79":[0,0],"80":[0,0],"81":[0,0],"82":[0,0],"83":[0,0],"84":[0,0],"85":[0,0],"86":[0,0],"87":[0,0],"88":[0,0],"89":[0,0],"90":[0,0],"91":[0,7],"92":[7,0],"93":[0,0],"94":[10,6],"95":[16,15]},"meta":{"lastBranch":96,"lastFunction":30,"lastStatement":316,"seen":{"s:6:27:28:Infinity":0,"s:31:56:31:Infinity":1,"s:32:29:32:Infinity":2,"s:33:18:33:Infinity":3,"f:36:16:36:56":0,"s:37:2:37:Infinity":4,"s:38:2:38:Infinity":5,"f:42:22:42:50":1,"s:44:14:44:Infinity":6,"b:45:2:47:Infinity:undefined:undefined:undefined:undefined":0,"s:45:2:47:Infinity":7,"b:45:6:45:26:45:26:45:61":1,"s:46:4:46:Infinity":8,"s:49:2:76:Infinity":9,"s:50:28:54:Infinity":10,"b:56:4:62:Infinity:undefined:undefined:undefined:undefined":2,"s:56:4:62:Infinity":11,"b:56:8:56:17:56:17:56:26:56:26:56:47":3,"s:57:6:57:Infinity":12,"s:59:6:59:Infinity":13,"s:60:6:60:Infinity":14,"s:61:6:61:Infinity":15,"s:65:29:65:Infinity":16,"s:67:4:67:Infinity":17,"s:68:4:68:Infinity":18,"s:69:4:69:Infinity":19,"s:71:4:71:Infinity":20,"s:73:4:73:Infinity":21,"s:74:4:74:Infinity":22,"s:75:4:75:Infinity":23,"f:95:22:95:44":2,"s:96:26:96:Infinity":24,"s:98:2:122:Infinity":25,"s:100:31:100:Infinity":26,"b:101:4:103:Infinity:undefined:undefined:undefined:undefined":4,"s:101:4:103:Infinity":27,"s:102:6:102:Infinity":28,"s:106:33:106:Infinity":29,"b:107:4:109:Infinity:undefined:undefined:undefined:undefined":5,"s:107:4:109:Infinity":30,"s:108:6:108:Infinity":31,"s:112:23:112:Infinity":32,"b:113:4:115:Infinity:undefined:undefined:undefined:undefined":6,"s:113:4:115:Infinity":33,"s:114:6:114:Infinity":34,"s:118:24:118:Infinity":35,"b:119:4:121:Infinity:undefined:undefined:undefined:undefined":7,"s:119:4:121:Infinity":36,"s:120:6:120:Infinity":37,"s:124:2:134:Infinity":38,"f:124:21:124:22":3,"s:126:26:126:Infinity":39,"s:127:25:127:Infinity":40,"b:128:4:128:Infinity:undefined:undefined:undefined:undefined":8,"s:128:4:128:Infinity":41,"s:128:28:128:Infinity":42,"s:131:18:131:Infinity":43,"b:131:18:131:38:131:38:131:Infinity":9,"s:132:18:132:Infinity":44,"b:132:18:132:38:132:38:132:Infinity":10,"s:133:4:133:Infinity":45,"f:138:22:138:48":4,"s:139:26:139:Infinity":46,"s:140:21:140:Infinity":47,"s:142:2:327:Infinity":48,"f:142:20:142:31":5,"b:143:6:178:Infinity:undefined:undefined:undefined:undefined":11,"s:143:6:178:Infinity":49,"s:144:22:144:Infinity":50,"s:145:27:145:Infinity":51,"s:146:25:146:Infinity":52,"s:147:30:147:Infinity":53,"b:149:8:177:Infinity:undefined:undefined:undefined:undefined":12,"s:149:8:177:Infinity":54,"b:151:10:159:Infinity:153:10:159:Infinity":13,"s:151:10:159:Infinity":55,"s:152:12:152:Infinity":56,"b:153:10:159:Infinity:155:10:159:Infinity":14,"s:153:10:159:Infinity":57,"s:154:12:154:Infinity":58,"b:155:10:159:Infinity:157:17:159:Infinity":15,"s:155:10:159:Infinity":59,"b:155:39:155:78:155:78:155:123":16,"s:156:12:156:Infinity":60,"s:158:12:158:Infinity":61,"s:161:10:176:Infinity":62,"b:166:90:166:129:166:129:166:156":17,"b:181:6:216:Infinity:undefined:undefined:undefined:undefined":18,"s:181:6:216:Infinity":63,"s:182:22:182:Infinity":64,"s:183:27:183:Infinity":65,"s:184:25:184:Infinity":66,"s:185:30:185:Infinity":67,"b:187:8:215:Infinity:undefined:undefined:undefined:undefined":19,"s:187:8:215:Infinity":68,"b:189:10:197:Infinity:191:10:197:Infinity":20,"s:189:10:197:Infinity":69,"s:190:12:190:Infinity":70,"b:191:10:197:Infinity:193:10:197:Infinity":21,"s:191:10:197:Infinity":71,"s:192:12:192:Infinity":72,"b:193:10:197:Infinity:195:17:197:Infinity":22,"s:193:10:197:Infinity":73,"b:193:39:193:80:193:80:193:127":23,"s:194:12:194:Infinity":74,"s:196:12:196:Infinity":75,"s:199:10:214:Infinity":76,"b:204:97:204:136:204:136:204:163":24,"b:219:6:271:Infinity:undefined:undefined:undefined:undefined":25,"s:219:6:271:Infinity":77,"s:220:22:220:Infinity":78,"s:221:27:221:Infinity":79,"s:222:25:222:Infinity":80,"s:223:30:223:Infinity":81,"s:226:27:226:Infinity":82,"b:226:27:226:72:226:72:226:Infinity":26,"s:227:25:227:Infinity":83,"b:227:25:227:68:227:68:227:Infinity":27,"s:228:27:228:Infinity":84,"b:228:27:228:72:228:72:228:Infinity":28,"b:230:8:270:Infinity:undefined:undefined:undefined:undefined":29,"s:230:8:270:Infinity":85,"b:235:10:252:Infinity:240:10:252:Infinity":30,"s:235:10:252:Infinity":86,"s:236:12:236:Infinity":87,"s:237:32:237:Infinity":88,"s:238:12:238:Infinity":89,"s:239:12:239:Infinity":90,"b:240:10:252:Infinity:244:10:252:Infinity":31,"s:240:10:252:Infinity":91,"s:241:12:241:Infinity":92,"s:242:12:242:Infinity":93,"s:243:12:243:Infinity":94,"b:244:10:252:Infinity:248:17:252:Infinity":32,"s:244:10:252:Infinity":95,"b:244:39:244:51:244:51:244:69":33,"s:245:12:245:Infinity":96,"s:246:12:246:Infinity":97,"s:247:12:247:Infinity":98,"s:249:12:249:Infinity":99,"s:250:12:250:Infinity":100,"s:251:12:251:Infinity":101,"s:254:10:269:Infinity":102,"b:274:6:326:Infinity:undefined:undefined:undefined:undefined":34,"s:274:6:326:Infinity":103,"s:275:22:275:Infinity":104,"s:276:27:276:Infinity":105,"s:277:25:277:Infinity":106,"s:278:30:278:Infinity":107,"s:281:27:281:Infinity":108,"b:281:27:281:73:281:73:281:Infinity":35,"s:282:25:282:Infinity":109,"b:282:25:282:69:282:69:282:Infinity":36,"s:283:27:283:Infinity":110,"b:283:27:283:73:283:73:283:Infinity":37,"b:285:8:325:Infinity:undefined:undefined:undefined:undefined":38,"s:285:8:325:Infinity":111,"b:290:10:307:Infinity:295:10:307:Infinity":39,"s:290:10:307:Infinity":112,"s:291:12:291:Infinity":113,"s:292:32:292:Infinity":114,"s:293:12:293:Infinity":115,"s:294:12:294:Infinity":116,"b:295:10:307:Infinity:299:10:307:Infinity":40,"s:295:10:307:Infinity":117,"s:296:12:296:Infinity":118,"s:297:12:297:Infinity":119,"s:298:12:298:Infinity":120,"b:299:10:307:Infinity:303:17:307:Infinity":41,"s:299:10:307:Infinity":121,"b:299:39:299:51:299:51:299:69":42,"s:300:12:300:Infinity":122,"s:301:12:301:Infinity":123,"s:302:12:302:Infinity":124,"s:304:12:304:Infinity":125,"s:305:12:305:Infinity":126,"s:306:12:306:Infinity":127,"s:309:10:324:Infinity":128,"s:329:2:337:Infinity":129,"f:329:21:329:22":6,"s:330:26:330:Infinity":130,"s:331:25:331:Infinity":131,"b:332:4:332:Infinity:undefined:undefined:undefined:undefined":43,"s:332:4:332:Infinity":132,"s:332:28:332:Infinity":133,"s:334:18:334:Infinity":134,"b:334:18:334:38:334:38:334:Infinity":44,"s:335:18:335:Infinity":135,"b:335:18:335:38:335:38:335:Infinity":45,"s:336:4:336:Infinity":136,"f:343:22:343:56":7,"b:344:2:346:Infinity:undefined:undefined:undefined:undefined":46,"s:344:2:346:Infinity":137,"s:345:4:345:Infinity":138,"s:348:16:348:Infinity":139,"s:349:21:349:Infinity":140,"s:350:19:350:Infinity":141,"s:351:24:351:Infinity":142,"s:353:21:353:Infinity":143,"b:356:2:358:Infinity:undefined:undefined:undefined:undefined":47,"s:356:2:358:Infinity":144,"s:357:4:357:Infinity":145,"b:363:2:373:Infinity:365:2:373:Infinity":48,"s:363:2:373:Infinity":146,"s:364:4:364:Infinity":147,"b:365:2:373:Infinity:367:2:373:Infinity":49,"s:365:2:373:Infinity":148,"s:366:4:366:Infinity":149,"b:367:2:373:Infinity:369:2:373:Infinity":50,"s:367:2:373:Infinity":150,"b:367:31:367:70:367:70:367:115":51,"s:368:4:368:Infinity":151,"b:369:2:373:Infinity:371:9:373:Infinity":52,"s:369:2:373:Infinity":152,"s:370:4:370:Infinity":153,"s:372:4:372:Infinity":154,"b:379:2:392:Infinity:383:2:392:Infinity":53,"s:379:2:392:Infinity":155,"s:380:24:380:Infinity":156,"s:381:4:381:Infinity":157,"s:382:4:382:Infinity":158,"b:383:2:392:Infinity:386:2:392:Infinity":54,"s:383:2:392:Infinity":159,"s:384:4:384:Infinity":160,"s:385:4:385:Infinity":161,"b:386:2:392:Infinity:389:9:392:Infinity":55,"s:386:2:392:Infinity":162,"s:387:4:387:Infinity":163,"s:388:4:388:Infinity":164,"s:390:4:390:Infinity":165,"s:391:4:391:Infinity":166,"s:394:2:409:Infinity":167,"f:415:22:415:49":8,"b:417:2:419:Infinity:undefined:undefined:undefined:undefined":56,"s:417:2:419:Infinity":168,"b:417:6:417:42:417:42:417:75":57,"s:418:4:418:Infinity":169,"s:421:16:421:Infinity":170,"b:429:2:436:Infinity:431:9:436:Infinity":58,"s:429:2:436:Infinity":171,"s:430:4:430:Infinity":172,"s:433:22:433:Infinity":173,"s:434:4:434:Infinity":174,"s:435:4:435:Infinity":175,"s:438:19:438:Infinity":176,"s:439:24:439:Infinity":177,"s:441:21:441:Infinity":178,"b:444:2:446:Infinity:undefined:undefined:undefined:undefined":59,"s:444:2:446:Infinity":179,"s:445:4:445:Infinity":180,"b:449:2:470:Infinity:454:2:470:Infinity":60,"s:449:2:470:Infinity":181,"s:450:4:450:Infinity":182,"s:451:24:451:Infinity":183,"s:452:4:452:Infinity":184,"s:453:4:453:Infinity":185,"b:454:2:470:Infinity:458:2:470:Infinity":61,"s:454:2:470:Infinity":186,"s:455:4:455:Infinity":187,"s:456:4:456:Infinity":188,"s:457:4:457:Infinity":189,"b:458:2:470:Infinity:462:2:470:Infinity":62,"s:458:2:470:Infinity":190,"b:458:31:458:72:458:72:458:119":63,"s:459:4:459:Infinity":191,"s:460:4:460:Infinity":192,"s:461:4:461:Infinity":193,"b:462:2:470:Infinity:466:9:470:Infinity":64,"s:462:2:470:Infinity":194,"s:463:4:463:Infinity":195,"s:464:4:464:Infinity":196,"s:465:4:465:Infinity":197,"s:467:4:467:Infinity":198,"s:468:4:468:Infinity":199,"s:469:4:469:Infinity":200,"s:472:2:487:Infinity":201,"f:493:22:493:51":9,"b:494:2:496:Infinity:undefined:undefined:undefined:undefined":65,"s:494:2:496:Infinity":202,"s:495:4:495:Infinity":203,"s:498:16:498:Infinity":204,"s:499:21:499:Infinity":205,"s:500:19:500:Infinity":206,"s:501:24:501:Infinity":207,"s:503:21:503:Infinity":208,"b:506:2:508:Infinity:undefined:undefined:undefined:undefined":66,"s:506:2:508:Infinity":209,"s:507:4:507:Infinity":210,"b:513:2:523:Infinity:515:2:523:Infinity":67,"s:513:2:523:Infinity":211,"s:514:4:514:Infinity":212,"b:515:2:523:Infinity:517:2:523:Infinity":68,"s:515:2:523:Infinity":213,"s:516:4:516:Infinity":214,"b:517:2:523:Infinity:519:2:523:Infinity":69,"s:517:2:523:Infinity":215,"b:517:31:517:70:517:70:517:115":70,"s:518:4:518:Infinity":216,"b:519:2:523:Infinity:521:9:523:Infinity":71,"s:519:2:523:Infinity":217,"s:520:4:520:Infinity":218,"s:522:4:522:Infinity":219,"b:529:2:548:Infinity:533:2:548:Infinity":72,"s:529:2:548:Infinity":220,"s:530:24:530:Infinity":221,"s:531:4:531:Infinity":222,"s:532:4:532:Infinity":223,"b:533:2:548:Infinity:536:2:548:Infinity":73,"s:533:2:548:Infinity":224,"s:534:4:534:Infinity":225,"s:535:4:535:Infinity":226,"b:536:2:548:Infinity:539:2:548:Infinity":74,"s:536:2:548:Infinity":227,"s:537:4:537:Infinity":228,"s:538:4:538:Infinity":229,"b:539:2:548:Infinity:542:2:548:Infinity":75,"s:539:2:548:Infinity":230,"s:540:4:540:Infinity":231,"s:541:4:541:Infinity":232,"b:542:2:548:Infinity:545:9:548:Infinity":76,"s:542:2:548:Infinity":233,"b:542:31:542:70:542:70:542:115":77,"s:543:4:543:Infinity":234,"s:544:4:544:Infinity":235,"s:546:4:546:Infinity":236,"s:547:4:547:Infinity":237,"s:550:2:565:Infinity":238,"f:571:22:571:52":10,"b:572:2:574:Infinity:undefined:undefined:undefined:undefined":78,"s:572:2:574:Infinity":239,"s:573:4:573:Infinity":240,"s:576:16:576:Infinity":241,"s:577:21:577:Infinity":242,"s:578:19:578:Infinity":243,"s:579:24:579:Infinity":244,"s:581:21:581:Infinity":245,"b:584:2:586:Infinity:undefined:undefined:undefined:undefined":79,"s:584:2:586:Infinity":246,"s:585:4:585:Infinity":247,"b:591:2:601:Infinity:593:2:601:Infinity":80,"s:591:2:601:Infinity":248,"s:592:4:592:Infinity":249,"b:593:2:601:Infinity:595:2:601:Infinity":81,"s:593:2:601:Infinity":250,"s:594:4:594:Infinity":251,"b:595:2:601:Infinity:597:2:601:Infinity":82,"s:595:2:601:Infinity":252,"b:595:31:595:70:595:70:595:115":83,"s:596:4:596:Infinity":253,"b:597:2:601:Infinity:599:9:601:Infinity":84,"s:597:2:601:Infinity":254,"s:598:4:598:Infinity":255,"s:600:4:600:Infinity":256,"b:607:2:626:Infinity:611:2:626:Infinity":85,"s:607:2:626:Infinity":257,"s:608:24:608:Infinity":258,"s:609:4:609:Infinity":259,"s:610:4:610:Infinity":260,"b:611:2:626:Infinity:614:2:626:Infinity":86,"s:611:2:626:Infinity":261,"s:612:4:612:Infinity":262,"s:613:4:613:Infinity":263,"b:614:2:626:Infinity:617:2:626:Infinity":87,"s:614:2:626:Infinity":264,"s:615:4:615:Infinity":265,"s:616:4:616:Infinity":266,"b:617:2:626:Infinity:620:2:626:Infinity":88,"s:617:2:626:Infinity":267,"s:618:4:618:Infinity":268,"s:619:4:619:Infinity":269,"b:620:2:626:Infinity:623:9:626:Infinity":89,"s:620:2:626:Infinity":270,"b:620:31:620:70:620:70:620:115":90,"s:621:4:621:Infinity":271,"s:622:4:622:Infinity":272,"s:624:4:624:Infinity":273,"s:625:4:625:Infinity":274,"s:628:2:643:Infinity":275,"f:649:16:649:39":11,"s:650:2:650:Infinity":276,"f:650:23:650:32":12,"s:650:32:650:59":277,"f:656:16:656:35":13,"s:657:2:657:Infinity":278,"f:657:23:657:32":14,"s:657:32:657:51":279,"f:664:16:664:31":15,"s:666:22:666:Infinity":280,"s:669:27:669:Infinity":281,"f:669:46:669:51":16,"s:669:51:669:64":282,"s:670:16:670:Infinity":283,"s:674:29:674:Infinity":284,"s:675:24:675:Infinity":285,"s:677:2:691:Infinity":286,"f:677:17:677:26":17,"s:678:22:678:Infinity":287,"b:679:4:679:Infinity:undefined:undefined:undefined:undefined":91,"s:679:4:679:Infinity":288,"s:679:20:679:Infinity":289,"b:682:4:690:Infinity:684:11:690:Infinity":92,"s:682:4:690:Infinity":290,"s:683:6:683:Infinity":291,"s:686:30:686:Infinity":292,"b:687:6:689:Infinity:undefined:undefined:undefined:undefined":93,"s:687:6:689:Infinity":293,"s:688:8:688:Infinity":294,"s:693:17:693:Infinity":295,"f:693:64:693:69":18,"s:693:69:693:83":296,"s:694:15:694:Infinity":297,"f:694:62:694:67":19,"s:694:67:694:79":298,"s:695:17:695:Infinity":299,"f:695:64:695:69":20,"s:695:69:695:83":300,"s:696:14:696:Infinity":301,"f:696:61:696:66":21,"s:696:66:696:77":302,"s:699:30:699:Infinity":303,"f:699:44:699:49":22,"s:699:49:699:92":304,"s:700:32:700:Infinity":305,"f:700:46:700:51":23,"s:700:51:700:87":306,"s:701:22:701:Infinity":307,"f:701:36:701:41":24,"s:701:41:701:79":308,"s:702:23:702:Infinity":309,"f:702:37:702:42":25,"s:702:42:702:81":310,"s:704:2:715:Infinity":311,"f:721:16:721:32":26,"s:722:2:722:Infinity":312,"f:722:23:722:32":27,"s:722:32:722:88":313,"b:722:32:722:63:722:63:722:88":94,"f:728:16:728:33":28,"s:729:2:731:Infinity":314,"f:729:23:729:Infinity":29,"s:730:4:730:Infinity":315,"b:730:4:730:42:730:42:730:Infinity":95}}}
,"D:\\20251120 desktop\\Desktop\\MiniMax\\SAW\\sawtracker\\src\\utils\\autoCompanyStatus.ts": {"path":"D:\\20251120 desktop\\Desktop\\MiniMax\\SAW\\sawtracker\\src\\utils\\autoCompanyStatus.ts","statementMap":{"0":{"start":{"line":9,"column":41},"end":{"line":22,"column":null}},"1":{"start":{"line":25,"column":69},"end":{"line":25,"column":null}},"2":{"start":{"line":26,"column":35},"end":{"line":26,"column":null}},"3":{"start":{"line":27,"column":25},"end":{"line":27,"column":null}},"4":{"start":{"line":31,"column":2},"end":{"line":31,"column":null}},"5":{"start":{"line":32,"column":2},"end":{"line":32,"column":null}},"6":{"start":{"line":38,"column":14},"end":{"line":38,"column":null}},"7":{"start":{"line":39,"column":2},"end":{"line":41,"column":null}},"8":{"start":{"line":40,"column":4},"end":{"line":40,"column":null}},"9":{"start":{"line":43,"column":2},"end":{"line":70,"column":null}},"10":{"start":{"line":44,"column":28},"end":{"line":48,"column":null}},"11":{"start":{"line":50,"column":4},"end":{"line":56,"column":null}},"12":{"start":{"line":51,"column":6},"end":{"line":51,"column":null}},"13":{"start":{"line":53,"column":6},"end":{"line":53,"column":null}},"14":{"start":{"line":54,"column":6},"end":{"line":54,"column":null}},"15":{"start":{"line":55,"column":6},"end":{"line":55,"column":null}},"16":{"start":{"line":59,"column":29},"end":{"line":59,"column":null}},"17":{"start":{"line":61,"column":4},"end":{"line":61,"column":null}},"18":{"start":{"line":62,"column":4},"end":{"line":62,"column":null}},"19":{"start":{"line":63,"column":4},"end":{"line":63,"column":null}},"20":{"start":{"line":65,"column":4},"end":{"line":65,"column":null}},"21":{"start":{"line":67,"column":4},"end":{"line":67,"column":null}},"22":{"start":{"line":68,"column":4},"end":{"line":68,"column":null}},"23":{"start":{"line":69,"column":4},"end":{"line":69,"column":null}},"24":{"start":{"line":75,"column":2},"end":{"line":75,"column":null}},"25":{"start":{"line":81,"column":38},"end":{"line":92,"column":null}},"26":{"start":{"line":82,"column":2},"end":{"line":82,"column":null}},"27":{"start":{"line":82,"column":13},"end":{"line":82,"column":null}},"28":{"start":{"line":84,"column":21},"end":{"line":84,"column":null}},"29":{"start":{"line":85,"column":16},"end":{"line":85,"column":null}},"30":{"start":{"line":88,"column":2},"end":{"line":88,"column":null}},"31":{"start":{"line":89,"column":2},"end":{"line":89,"column":null}},"32":{"start":{"line":91,"column":2},"end":{"line":91,"column":null}},"33":{"start":{"line":98,"column":38},"end":{"line":181,"column":null}},"34":{"start":{"line":114,"column":2},"end":{"line":180,"column":null}},"35":{"start":{"line":115,"column":24},"end":{"line":115,"column":null}},"36":{"start":{"line":116,"column":4},"end":{"line":125,"column":null}},"37":{"start":{"line":126,"column":2},"end":{"line":180,"column":null}},"38":{"start":{"line":128,"column":24},"end":{"line":132,"column":null}},"39":{"start":{"line":134,"column":4},"end":{"line":143,"column":null}},"40":{"start":{"line":144,"column":2},"end":{"line":180,"column":null}},"41":{"start":{"line":146,"column":4},"end":{"line":155,"column":null}},"42":{"start":{"line":156,"column":2},"end":{"line":180,"column":null}},"43":{"start":{"line":158,"column":4},"end":{"line":167,"column":null}},"44":{"start":{"line":170,"column":4},"end":{"line":179,"column":null}},"45":{"start":{"line":191,"column":53},"end":{"line":232,"column":null}},"46":{"start":{"line":205,"column":2},"end":{"line":217,"column":null}},"47":{"start":{"line":206,"column":4},"end":{"line":216,"column":null}},"48":{"start":{"line":220,"column":27},"end":{"line":220,"column":null}},"49":{"start":{"line":221,"column":21},"end":{"line":221,"column":null}},"50":{"start":{"line":222,"column":19},"end":{"line":222,"column":null}},"51":{"start":{"line":223,"column":21},"end":{"line":223,"column":null}},"52":{"start":{"line":225,"column":24},"end":{"line":225,"column":null}},"53":{"start":{"line":226,"column":17},"end":{"line":226,"column":null}},"54":{"start":{"line":228,"column":2},"end":{"line":231,"column":null}},"55":{"start":{"line":238,"column":46},"end":{"line":279,"column":null}},"56":{"start":{"line":252,"column":2},"end":{"line":264,"column":null}},"57":{"start":{"line":253,"column":4},"end":{"line":263,"column":null}},"58":{"start":{"line":267,"column":27},"end":{"line":267,"column":null}},"59":{"start":{"line":268,"column":21},"end":{"line":268,"column":null}},"60":{"start":{"line":269,"column":19},"end":{"line":269,"column":null}},"61":{"start":{"line":270,"column":21},"end":{"line":270,"column":null}},"62":{"start":{"line":272,"column":24},"end":{"line":272,"column":null}},"63":{"start":{"line":273,"column":17},"end":{"line":273,"column":null}},"64":{"start":{"line":275,"column":2},"end":{"line":278,"column":null}},"65":{"start":{"line":300,"column":43},"end":{"line":353,"column":null}},"66":{"start":{"line":301,"column":16},"end":{"line":315,"column":null}},"67":{"start":{"line":317,"column":2},"end":{"line":340,"column":null}},"68":{"start":{"line":318,"column":23},"end":{"line":318,"column":null}},"6
[...]
{"line":795,"column":null}},"type":"if","locations":[{"start":{"line":779,"column":4},"end":{"line":795,"column":null}},{"start":{"line":783,"column":4},"end":{"line":795,"column":null}}],"line":779},"35":{"loc":{"start":{"line":783,"column":4},"end":{"line":795,"column":null}},"type":"if","locations":[{"start":{"line":783,"column":4},"end":{"line":795,"column":null}},{"start":{"line":787,"column":4},"end":{"line":795,"column":null}}],"line":783},"36":{"loc":{"start":{"line":787,"column":4},"end":{"line":795,"column":null}},"type":"if","locations":[{"start":{"line":787,"column":4},"end":{"line":795,"column":null}},{"start":{"line":793,"column":9},"end":{"line":795,"column":null}}],"line":787},"37":{"loc":{"start":{"line":799,"column":31},"end":{"line":799,"column":null}},"type":"cond-expr","locations":[{"start":{"line":799,"column":52},"end":{"line":799,"column":102}},{"start":{"line":799,"column":102},"end":{"line":799,"column":null}}],"line":799},"38":{"loc":{"start":{"line":800,"column":32},"end":{"line":800,"column":null}},"type":"cond-expr","locations":[{"start":{"line":800,"column":53},"end":{"line":800,"column":104}},{"start":{"line":800,"column":104},"end":{"line":800,"column":null}}],"line":800},"39":{"loc":{"start":{"line":801,"column":34},"end":{"line":801,"column":null}},"type":"cond-expr","locations":[{"start":{"line":801,"column":55},"end":{"line":801,"column":108}},{"start":{"line":801,"column":108},"end":{"line":801,"column":null}}],"line":801},"40":{"loc":{"start":{"line":802,"column":33},"end":{"line":802,"column":null}},"type":"cond-expr","locations":[{"start":{"line":802,"column":54},"end":{"line":802,"column":106}},{"start":{"line":802,"column":106},"end":{"line":802,"column":null}}],"line":802}},"s":{"0":1,"1":1,"2":1,"3":1,"4":0,"5":0,"6":0,"7":0,"8":0,"9":0,"10":0,"11":0,"12":0,"13":0,"14":0,"15":0,"16":0,"17":0,"18":0,"19":0,"20":0,"21":0,"22":0,"23":0,"24":73,"25":1,"26":79,"27":2,"28":77,"29":77,"30":77,"31":77,"32":77,"33":1,"34":73,"35":7,"36":7,"37":66,"38":14,"39":14,"40":52,"41":9,"42":43,"43":1,"44":42,"45":1,"46":54,"47":8,"48":46,"49":54,"50":54,"51":54,"52":54,"53":54,"54":54,"55":1,"56":31,"57":4,"58":27,"59":31,"60":31,"61":31,"62":31,"63":31,"64":31,"65":1,"66":10,"67":10,"68":21,"69":21,"70":2,"71":2,"72":3,"73":3,"74":2,"75":2,"76":0,"77":0,"78":10,"79":10,"80":4,"81":4,"82":10,"83":8,"84":8,"85":8,"86":8,"87":8,"88":8,"89":10,"90":1,"91":8,"92":8,"93":11,"94":11,"95":1,"96":1,"97":1,"98":1,"99":1,"100":1,"101":0,"102":0,"103":7,"104":7,"105":1,"106":1,"107":8,"108":5,"109":5,"110":5,"111":5,"112":5,"113":5,"114":8,"115":1,"116":21,"117":21,"118":0,"119":21,"120":21,"121":21,"122":1,"123":21,"124":21,"125":0,"126":21,"127":21,"128":21,"129":1,"130":5,"131":5,"132":7,"133":7,"134":0,"135":0,"136":0,"137":0,"138":0,"139":0,"140":0,"141":0,"142":0,"143":0,"144":7,"145":7,"146":5,"147":4,"148":4,"149":4,"150":4,"151":4,"152":4,"153":5,"154":1,"155":5,"156":5,"157":7,"158":7,"159":0,"160":0,"161":0,"162":0,"163":0,"164":0,"165":0,"166":0,"167":0,"168":0,"169":7,"170":7,"171":5,"172":4,"173":4,"174":4,"175":4,"176":4,"177":4,"178":5,"179":1,"180":5,"181":7,"182":5,"183":7,"184":5,"185":7,"186":5,"187":7,"188":5,"189":5,"190":5,"191":5,"192":5,"193":5,"194":5,"195":7,"196":7,"197":7,"198":7,"199":7,"200":2,"201":7,"202":0,"203":5,"204":5,"205":5,"206":5,"207":5,"208":7,"209":7,"210":7,"211":7,"212":7,"213":7,"214":28,"215":7,"216":28,"217":7,"218":0,"219":7,"220":2,"221":5,"222":1,"223":4,"224":0,"225":4,"226":16,"227":4,"228":0,"229":5,"230":5,"231":5,"232":5,"233":5,"234":5},"f":{"0":0,"1":0,"2":73,"3":79,"4":73,"5":54,"6":31,"7":10,"8":21,"9":8,"10":11,"11":21,"12":21,"13":5,"14":7,"15":5,"16":7,"17":5,"18":7,"19":7,"20":7,"21":7,"22":7,"23":7,"24":28,"25":28,"26":16},"b":{"0":[0,0],"1":[0,0],"2":[0,0],"3":[0,0,0],"4":[73,73],"5":[2,77],"6":[7,66],"7":[14,52],"8":[2,12],"9":[1,11],"10":[9,43],"11":[1,42],"12":[8,46],"13":[46,46],"14":[4,27],"15":[27,27],"16":[2,3,2,0,10,4],"17":[8,2],"18":[1,1,1,0,7,1],"19":[5,3],"20":[21,0],"21":[0,0],"22":[21,0],"23":[0,0],"24":[0,0,0,0,0,7],"25":[4,1],"26":[0,0,0,0,0,7],"27":[4,1],"28":[2,5],"29":[7,5,5,5],"30":[0,7],"31":[7,7,7,7],"32":[0,7],"33":[2,5],"34":[1,4],"35":[0,4],"36":[4,0],"37":[4,1],"38":[4,1],"39":[4,1],"40":[4,1]},"meta":{"lastBranch":41,"lastFunction":27,"lastStatement":235,"seen":{"s:9:41:22:Infinity":0,"s:25:69:25:Infinity":1,"s:26:35:26:Infinity":2,"s:27:25:27:Infinity":3,"f:30:16:30:50":0,"s:31:2:31:Infinity":4,"s:32:2:32:Infinity":5,"f:36:22:36:44":1,"s:38:14:38:Infinity":6,"b:39:2:41:Infinity:undefined:undefined:undefined:undefined":0,"s:39:2:41:Infinity":7,"b:39:6:39:32:39:32:39:80":1,"s:40:4:40:Infinity":8,"s:43:2:70:Infinity":9,"s:44:28:48:Infinity":10,"b:50:4:56:Infinity:undefined:undefined:undefined:undefined":2,"s:50:4:56:Infinity":11,"b:50:8:50:17:50:17:50:26:50:26:50:47":3,"s:51:6:51:Infinity":12,"s:53:6:53:Infinity":13,"s:54:6:54:Infinity":14,"s:55:6:55:Infinity":15,"s:59:29:59:Infinity":16,"s:61:4:61:Infinity":17,"s:62:4:62:Infinity":18,"s:63:4:63:Infinity":19,"s:65:4:65:Infinity":20,"s:67:4:67:Infinity":21,"s:68:4:68:Infinity":22,"s:69:4:69:Infinity":23,"f:74:9:74:69":2,"s:75:2:75:Infinity":24,"b:75:9:75:34:75:34:75:Infinity":4,"s:81:38:92:Infinity":25,"f:81:38:81:39":3,"b:82:2:82:Infinity:undefined:undefined:undefined:undefined":5,"s:82:2:82:Infinity":26,"s:82:13:82:Infinity":27,"s:84:21:84:Infinity":28,"s:85:16:85:Infinity":29,"s:88:2:88:Infinity":30,"s:89:2:89:Infinity":31,"s:91:2:91:Infinity":32,"s:98:38:181:Infinity":33,"f:98:38:98:Infinity":4,"b:114:2:180:Infinity:126:2:180:Infinity":6,"s:114:2:180:Infinity":34,"s:115:24:115:Infinity":35,"s:116:4:125:Infinity":36,"b:126:2:180:Infinity:144:2:180:Infinity":7,"s:126:2:180:Infinity":37,"s:128:24:132:Infinity":38,"b:129:8:129:Infinity:130:8:132:Infinity":8,"b:131:8:131:Infinity:132:8:132:Infinity":9,"s:134:4:143:Infinity":39,"b:144:2:180:Infinity:156:2:180:Infinity":10,"s:144:2:180:Infinity":40,"s:146:4:155:Infinity":41,"b:156:2:180:Infinity:168:9:180:Infinity":11,"s:156:2:180:Infinity":42,"s:158:4:167:Infinity":43,"s:170:4:179:Infinity":44,"s:191:53:232:Infinity":45,"f:191:53:191:Infinity":5,"b:205:2:217:Infinity:undefined:undefined:undefined:undefined":12,"s:205:2:217:Infinity":46,"s:206:4:216:Infinity":47,"s:220:27:220:Infinity":48,"b:220:27:220:41:220:41:220:Infinity":13,"s:221:21:221:Infinity":49,"s:222:19:222:Infinity":50,"s:223:21:223:Infinity":51,"s:225:24:225:Infinity":52,"s:226:17:226:Infinity":53,"s:228:2:231:Infinity":54,"s:238:46:279:Infinity":55,"f:238:46:238:Infinity":6,"b:252:2:264:Infinity:undefined:undefined:undefined:undefined":14,"s:252:2:264:Infinity":56,"s:253:4:263:Infinity":57,"s:267:27:267:Infinity":58,"b:267:27:267:41:267:41:267:Infinity":15,"s:268:21:268:Infinity":59,"s:269:19:269:Infinity":60,"s:270:21:270:Infinity":61,"s:272:24:272:Infinity":62,"s:273:17:273:Infinity":63,"s:275:2:278:Infinity":64,"s:300:43:353:Infinity":65,"f:300:43:300:44":7,"s:301:16:315:Infinity":66,"s:317:2:340:Infinity":67,"f:317:20:317:31":8,"s:318:23:318:Infinity":68,"b:321:6:323:Infinity:324:6:326:Infinity:327:6:329:Infinity:330:6:332:Infinity:333:6:335:Infinity:336:6:338:Infinity":16,"s:320:4:339:Infinity":69,"s:322:8:322:Infinity":70,"s:323:8:323:Infinity":71,"s:325:8:325:Infinity":72,"s:326:8:326:Infinity":73,"s:328:8:328:Infinity":74,"s:329:8:329:Infinity":75,"s:331:8:331:Infinity":76,"s:332:8:332:Infinity":77,"s:334:8:334:Infinity":78,"s:335:8:335:Infinity":79,"s:337:8:337:Infinity":80,"s:338:8:338:Infinity":81,"b:343:2:350:Infinity:undefined:undefined:undefined:undefined":17,"s:343:2:350:Infinity":82,"s:344:4:344:Infinity":83,"s:345:4:345:Infinity":84,"s:346:4:346:Infinity":85,"s:347:4:347:Infinity":86,"s:348:4:348:Infinity":87,"s:349:4:349:Infinity":88,"s:352:2:352:Infinity":89,"s:375:45:428:Infinity":90,"f:375:45:375:46":9,"s:376:16:390:Infinity":91,"s:392:2:415:Infinity":92,"f:392:20:392:31":10,"s:393:23:393:Infinity":93,"b:396:6:398:Infinity:399:6:401:Infinity:402:6:404:Infinity:405:6:407:Infinity:408:6:410:Infinity:411:6:413:Infinity":18,"s:395:4:414:Infinity":94,"s:397:8:397:Infinity":95,"s:398:8:398:Infinity":96,"s:400:8:400:Infinity":97,"s:401:8:401:Infinity":98,"s:403:8:403:Infinity":99,"s:404:8:404:Infinity":100,"s:406:8:406:Infinity":101,"s:407:8:407:Infinity":102,"s:409:8:409:Infinity":103,"s:410:8:410:Infinity":104,"s:412:8:412:Infinity":105,"s:413:8:413:Infinity":106,"b:418:2:425:Infinity:undefined:undefined:undefined:undefined":19,"s:418:2:425:Infinity":107,"s:419:4:419:Infinity":108,"s:420:4:420:Infinity":109,"s:421:4:421:Infinity":110,"s:422:4:422:Infinity":111,"s:423:4:423:Infinity":112,"s:424:4:424:Infinity":113,"s:427:2:427:Infinity":114,"s:434:48:476:Infinity":115,"f:434:48:434:Infinity":11,"b:448:2:460:Infinity:undefined:undefined:undefined:undefined":20,"s:448:2:460:Infinity":116,"s:449:4:459:Infinity":117,"s:462:27:462:Infinity":118,"b:462:27:462:41:462:41:462:Infinity":21,"s:463:24:463:Infinity":119,"s:464:17:470:Infinity":120,"s:472:2:475:Infinity":121,"s:482:49:524:Infinity":122,"f:482:49:482:Infinity":12,"b:496:2:508:Infinity:undefined:undefined:undefined:undefined":22,"s:496:2:508:Infinity":123,"s:497:4:507:Infinity":124,"s:510:27:510:Infinity":125,"b:510:27:510:41:510:41:510:Infinity":23,"s:511:24:511:Infinity":126,"s:512:17:518:Infinity":127,"s:520:2:523:Infinity":128,"s:545:35:598:Infinity":129,"f:545:35:545:36":13,"s:546:16:560:Infinity":130,"s:562:2:585:Infinity":131,"f:562:20:562:31":14,"s:563:23:563:Infinity":132,"b:566:6:568:Infinity:569:6:571:Infinity:572:6:574:Infinity:575:6:577:Infinity:578:6:580:Infinity:581:6:583:Infinity":24,"s:565:4:584:Infinity":133,"s:567:8:567:Infinity":134,"s:568:8:568:Infinity":135,"s:570:8:570:Infinity":136,"s:571:8:571:Infinity":137,"s:573:8:573:Infinity":138,"s:574:8:574:Infinity":139,"s:576:8:576:Infinity":140,"s:577:8:577:Infinity":141,"s:579:8:579:Infinity":142,"s:580:8:580:Infinity":143,"s:582:8:582:Infinity":144,"s:583:8:583:Infinity":145,"b:588:2:595:Infinity:undefined:undefined:undefined:undefined":25,"s:588:2:595:Infinity":146,"s:589:4:589:Infinity":147,"s:590:4:590:Infinity":148,"s:591:4:591:Infinity":149,"s:592:4:592:Infinity":150,"s:593:4:593:Infinity":151,"s:594:4:594:Infinity":152,"s:597:2:597:Infinity":153,"s:619:36:672:Infinity":154,"f:619:36:619:37":15,"s:620:16:634:Infinity":155,"s:636:2:659:Infinity":156,"f:636:20:636:31":16,"s:637:23:637:Infinity":157,"b:640:6:642:Infinity:643:6:645:Infinity:646:6:648:Infinity:649:6:651:Infinity:652:6:654:Infinity:655:6:657:Infinity":26,"s:639:4:658:Infinity":158,"s:641:8:641:Infinity":159,"s:642:8:642:Infinity":160,"s:644:8:644:Infinity":161,"s:645:8:645:Infinity":162,"s:647:8:647:Infinity":163,"s:648:8:648:Infinity":164,"s:650:8:650:Infinity":165,"s:651:8:651:Infinity":166,"s:653:8:653:Infinity":167,"s:654:8:654:Infinity":168,"s:656:8:656:Infinity":169,"s:657:8:657:Infinity":170,"b:662:2:669:Infinity:undefined:undefined:undefined:undefined":27,"s:662:2:669:Infinity":171,"s:663:4:663:Infinity":172,"s:664:4:664:Infinity":173,"s:665:4:665:Infinity":174,"s:666:4:666:Infinity":175,"s:667:4:667:Infinity":176,"s:668:4:668:Infinity":177,"s:671:2:671:Infinity":178,"s:697:43:821:Infinity":179,"f:697:43:697:44":17,"s:705:33:707:Infinity":180,"f:705:47:705:53":18,"s:705:53:707:4":181,"s:709:35:711:Infinity":182,"f:709:49:709:55":19,"s:709:55:711:4":183,"s:713:25:715:Infinity":184,"f:713:39:713:45":20,"s:713:45:715:4":185,"s:717:26:719:Infinity":186,"f:717:40:717:46":21,"s:717:46:719:4":187,"s:721:29:721:Infinity":188,"s:722:31:722:Infinity":189,"s:723:21:723:Infinity":190,"s:724:22:724:Infinity":191,"s:727:28:727:Infinity":192,"s:728:26:728:Infinity":193,"s:730:2:749:Infinity":194,"f:730:20:730:31":22,"s:731:29:731:Infinity":195,"s:732:28:732:Infinity":196,"s:733:24:733:Infinity":197,"s:734:25:734:Infinity":198,"b:736:4:741:Infinity:undefined:undefined:undefined:undefined":28,"s:736:4:741:Infinity":199,"b:736:8:736:Infinity:737:8:737:Infinity:738:8:738:Infinity:739:8:739:44":29,"s:740:6:740:Infinity":200,"b:743:4:748:Infinity:undefined:undefined:undefined:undefined":30,"s:743:4:748:Infinity":201,"b:743:8:743:Infinity:744:8:744:Infinity:745:8:745:Infinity:746:8:746:44":31,"s:747:6:747:Infinity":202,"s:757:19:757:Infinity":203,"s:758:20:758:Infinity":204,"s:759:22:759:Infinity":205,"s:760:21:760:Infinity":206,"s:762:2:796:Infinity":207,"f:762:20:762:31":23,"s:763:29:763:Infinity":208,"s:764:28:764:Infinity":209,"s:765:24:765:Infinity":210,"s:766:25:766:Infinity":211,"s:768:24:768:Infinity":212,"s:769:23:769:Infinity":213,"f:769:39:769:44":24,"s:769:44:769:54":214,"s:770:21:770:Infinity":215,"f:770:37:770:42":25,"s:770:42:770:50":216,"b:773:4:795:Infinity:775:4:795:Infinity":32,"s:773:4:795:Infinity":217,"s:774:6:774:Infinity":218,"b:775:4:795:Infinity:779:4:795:Infinity":33,"s:775:4:795:Infinity":219,"s:778:6:778:Infinity":220,"b:779:4:795:Infinity:783:4:795:Infinity":34,"s:779:4:795:Infinity":221,"s:782:6:782:Infinity":222,"b:783:4:795:Infinity:787:4:795:Infinity":35,"s:783:4:795:Infinity":223,"s:786:6:786:Infinity":224,"b:787:4:795:Infinity:793:9:795:Infinity":36,"s:787:4:795:Infinity":225,"f:789:30:789:35":26,"s:789:35:789:46":226,"s:790:6:790:Infinity":227,"s:794:6:794:Infinity":228,"s:798:25:798:Infinity":229,"s:799:31:799:Infinity":230,"b:799:52:799:102:799:102:799:Infinity":37,"s:800:32:800:Infinity":231,"b:800:53:800:104:800:104:800:Infinity":38,"s:801:34:801:Infinity":232,"b:801:55:801:108:801:108:801:Infinity":39,"s:802:33:802:Infinity":233,"b:802:54:802:106:802:106:802:Infinity":40,"s:804:2:820:Infinity":234}}}
,"D:\\20251120 desktop\\Desktop\\MiniMax\\SAW\\sawtracker\\src\\utils\\logger.ts": {"path":"D:\\20251120 desktop\\Desktop\\MiniMax\\SAW\\sawtracker\\src\\utils\\logger.ts","statementMap":{"0":{"start":{"line":1,"column":14},"end":{"line":1,"column":null}},"1":{"start":{"line":2,"column":15},"end":{"line":2,"column":null}},"2":{"start":{"line":4,"column":7},"end":{"line":4,"column":null}},"3":{"start":{"line":5,"column":2},"end":{"line":5,"column":10}},"4":{"start":{"line":6,"column":2},"end":{"line":6,"column":9}},"5":{"start":{"line":7,"column":2},"end":{"line":7,"column":9}},"6":{"start":{"line":8,"column":2},"end":{"line":8,"column":10}},"7":{"start":{"line":4,"column":12},"end":{"line":4,"column":null}},"8":{"start":{"line":19,"column":29},"end":{"line":19,"column":null}},"9":{"start":{"line":20,"column":20},"end":{"line":20,"column":null}},"10":{"start":{"line":23,"column":4},"end":{"line":23,"column":null}},"11":{"start":{"line":23,"column":16},"end":{"line":23,"column":null}},"12":{"start":{"line":24,"column":4},"end":{"line":24,"column":null}},"13":{"start":{"line":24,"column":34},"end":{"line":24,"column":null}},"14":{"start":{"line":25,"column":4},"end":{"line":25,"column":null}},"15":{"start":{"line":29,"column":19},"end":{"line":34,"column":null}},"16":{"start":{"line":35,"column":4},"end":{"line":37,"column":null}},"17":{"start":{"line":36,"column":6},"end":{"line":36,"column":null}},"18":{"start":{"line":41,"column":4},"end":{"line":44,"column":null}},"19":{"start":{"line":43,"column":6},"end":{"line":43,"column":null}},"20":{"start":{"line":48,"column":4},"end":{"line":51,"column":null}},"21":{"start":{"line":50,"column":6},"end":{"line":50,"column":null}},"22":{"start":{"line":55,"column":4},"end":{"line":57,"column":null}},"23":{"start":{"line":56,"column":6},"end":{"line":56,"column":null}},"24":{"start":{"line":61,"column":4},"end":{"line":61,"column":null}},"25":{"start":{"line":66,"column":22},"end":{"line":66,"column":null}}},"fnMap":{"0":{"name":"(anonymous_0)","decl":{"start":{"line":4,"column":7},"end":{"line":4,"column":12}},"loc":{"start":{"line":4,"column":7},"end":{"line":4,"column":null}},"line":4},"1":{"name":"(anonymous_1)","decl":{"start":{"line":22,"column":10},"end":{"line":22,"column":20}},"loc":{"start":{"line":22,"column":46},"end":{"line":26,"column":null}},"line":22},"2":{"name":"(anonymous_2)","decl":{"start":{"line":28,"column":10},"end":{"line":28,"column":24}},"loc":{"start":{"line":28,"column":69},"end":{"line":38,"column":null}},"line":28},"3":{"name":"(anonymous_3)","decl":{"start":{"line":35,"column":33},"end":{"line":35,"column":null}},"loc":{"start":{"line":36,"column":6},"end":{"line":36,"column":null}},"line":36},"4":{"name":"(anonymous_4)","decl":{"start":{"line":40,"column":2},"end":{"line":40,"column":11}},"loc":{"start":{"line":40,"column":34},"end":{"line":45,"column":null}},"line":40},"5":{"name":"(anonymous_5)","decl":{"start":{"line":47,"column":2},"end":{"line":47,"column":10}},"loc":{"start":{"line":47,"column":33},"end":{"line":52,"column":null}},"line":47},"6":{"name":"(anonymous_6)","decl":{"start":{"line":54,"column":2},"end":{"line":54,"column":10}},"loc":{"start":{"line":54,"column":33},"end":{"line":58,"column":null}},"line":54},"7":{"name":"(anonymous_7)","decl":{"start":{"line":60,"column":2},"end":{"line":60,"column":11}},"loc":{"start":{"line":60,"column":34},"end":{"line":63,"column":null}},"line":60}},"branchMap":{"0":{"loc":{"start":{"line":4,"column":12},"end":{"line":4,"column":null}},"type":"binary-expr","locations":[{"start":{"line":4,"column":12},"end":{"line":4,"column":null}},{"start":{"line":4,"column":12},"end":{"line":4,"column":null}}],"line":4},"1":{"loc":{"start":{"line":23,"column":4},"end":{"line":23,"column":null}},"type":"if","locations":[{"start":{"line":23,"column":4},"end":{"line":23,"column":null}},{"start":{},"end":{}}],"line":23},"2":{"loc":{"start":{"line":24,"column":4},"end":{"line":24,"column":null}},"type":"if","locations":[{"start":{"line":24,"column":4},"end":{"line":24,"column":null}},{"start":{},"end":{}}],"line":24},"3":{"loc":{"start":{"line":36,"column":6},"end":{"line":36,"column":null}},"type":"cond-expr","locations":[{"start":{"line":36,"column":32},"end":{"line":36,"column":63}},{"start":{"line":36,"column":63},"end":{"line":36,"column":null}}],"line":36},"4":{"loc":{"start":{"line":41,"column":4},"end":{"line":44,"column":null}},"type":"if","locations":[{"start":{"line":41,"column":4},"end":{"line":44,"column":null}},{"start":{},"end":{}}],"line":41},"5":{"loc":{"start":{"line":48,"column":4},"end":{"line":51,"column":null}},"type":"if","locations":[{"start":{"line":48,"column":4},"end":{"line":51,"column":null}},{"start":{},"end":{}}],"line":48},"6":{"loc":{"start":{"line":55,"column":4},"end":{"line":57,"column":null}},"type":"if","locations":[{"start":{"line":55,"column":4},"end":{"line":57,"column":null}},{"start":{},"end":{}}],"line":55}},"s":{"0":2,"1":2,"2":2,"3":2,"4":2,"5":2,"6":2,"7":2,"8":2,"9":2,"10":1,"11":1,"12":0,"13":0,"14":0,"15":0,"16":0,"17":0,"18":1,"19":0,"20":0,"21":0,"22":0,"23":0,"24":0,"25":2},"f":{"0":2,"1":1,"2":0,"3":0,"4":1,"5":0,"6":0,"7":0},"b":{"0":[2,2],"1":[1,0],"2":[0,0],"3":[0,0],"4":[0,1],"5":[0,0],"6":[0,0]},"meta":{"lastBranch":7,"lastFunction":8,"lastStatement":26,"seen":{"s:1:14:1:Infinity":0,"s:2:15:2:Infinity":1,"s:4:7:4:Infinity":2,"f:4:7:4:12":0,"s:5:2:5:10":3,"s:6:2:6:9":4,"s:7:2:7:9":5,"s:8:2:8:10":6,"s:4:12:4:Infinity":7,"b:4:12:4:Infinity:4:12:4:Infinity":0,"s:19:29:19:Infinity":8,"s:20:20:20:Infinity":9,"f:22:10:22:20":1,"b:23:4:23:Infinity:undefined:undefined:undefined:undefined":1,"s:23:4:23:Infinity":10,"s:23:16:23:Infinity":11,"b:24:4:24:Infinity:undefined:undefined:undefined:undefined":2,"s:24:4:24:Infinity":12,"s:24:34:24:Infinity":13,"s:25:4:25:Infinity":14,"f:28:10:28:24":2,"s:29:19:34:Infinity":15,"s:35:4:37:Infinity":16,"f:35:33:35:Infinity":3,"s:36:6:36:Infinity":17,"b:36:32:36:63:36:63:36:Infinity":3,"f:40:2:40:11":4,"b:41:4:44:Infinity:undefined:undefined:undefined:undefined":4,"s:41:4:44:Infinity":18,"s:43:6:43:Infinity":19,"f:47:2:47:10":5,"b:48:4:51:Infinity:undefined:undefined:undefined:undefined":5,"s:48:4:51:Infinity":20,"s:50:6:50:Infinity":21,"f:54:2:54:10":6,"b:55:4:57:Infinity:undefined:undefined:undefined:undefined":6,"s:55:4:57:Infinity":22,"s:56:6:56:Infinity":23,"f:60:2:60:11":7,"s:61:4:61:Infinity":24,"s:66:22:66:Infinity":25}}}
}
