{"D:\\20251120 desktop\\Desktop\\MiniMax\\SAW\\sawtracker\\src\\components\\ui\\ErrorMessage.tsx": {"path":"D:\\20251120 desktop\\Desktop\\MiniMax\\SAW\\sawtracker\\src\\components\\ui\\ErrorMessage.tsx","statementMap":{"0":{"start":{"line":21,"column":25},"end":{"line":23,"column":null}},"1":{"start":{"line":25,"column":16},"end":{"line":29,"column":null}},"2":{"start":{"line":31,"column":17},"end":{"line":50,"column":null}},"3":{"start":{"line":52,"column":22},"end":{"line":52,"column":null}},"4":{"start":{"line":54,"column":2},"end":{"line":84,"column":null}},"5":{"start":{"line":90,"column":2},"end":{"line":94,"column":null}},"6":{"start":{"line":100,"column":2},"end":{"line":110,"column":null}}},"fnMap":{"0":{"name":"ErrorMessage","decl":{"start":{"line":13,"column":16},"end":{"line":13,"column":29}},"loc":{"start":{"line":20,"column":22},"end":{"line":86,"column":null}},"line":20},"1":{"name":"InlineError","decl":{"start":{"line":89,"column":16},"end":{"line":89,"column":28}},"loc":{"start":{"line":89,"column":62},"end":{"line":96,"column":null}},"line":89},"2":{"name":"SuccessMessage","decl":{"start":{"line":99,"column":16},"end":{"line":99,"column":31}},"loc":{"start":{"line":99,"column":65},"end":{"line":112,"column":null}},"line":99}},"branchMap":{"0":{"loc":{"start":{"line":16,"column":2},"end":{"line":16,"column":null}},"type":"default-arg","locations":[{"start":{"line":16,"column":9},"end":{"line":16,"column":null}}],"line":16},"1":{"loc":{"start":{"line":19,"column":2},"end":{"line":19,"column":null}},"type":"default-arg","locations":[{"start":{"line":19,"column":13},"end":{"line":19,"column":null}}],"line":19},"2":{"loc":{"start":{"line":21,"column":25},"end":{"line":23,"column":null}},"type":"cond-expr","locations":[{"start":{"line":22,"column":6},"end":{"line":22,"column":null}},{"start":{"line":23,"column":6},"end":{"line":23,"column":null}}],"line":21},"3":{"loc":{"start":{"line":63,"column":13},"end":{"line":66,"column":null}},"type":"binary-expr","locations":[{"start":{"line":63,"column":13},"end":{"line":63,"column":null}},{"start":{"line":64,"column":14},"end":{"line":66,"column":null}}],"line":63},"4":{"loc":{"start":{"line":73,"column":11},"end":{"line":80,"column":null}},"type":"binary-expr","locations":[{"start":{"line":73,"column":11},"end":{"line":73,"column":null}},{"start":{"line":74,"column":12},"end":{"line":80,"column":null}}],"line":73}},"s":{"0":2,"1":2,"2":2,"3":2,"4":2,"5":0,"6":0},"f":{"0":2,"1":0,"2":0},"b":{"0":[2],"1":[2],"2":[0,2],"3":[2,0],"4":[2,0]},"meta":{"lastBranch":5,"lastFunction":3,"lastStatement":7,"seen":{"f:13:16:13:29":0,"b:16:9:16:Infinity":0,"b:19:13:19:Infinity":1,"s:21:25:23:Infinity":0,"b:22:6:22:Infinity:23:6:23:Infinity":2,"s:25:16:29:Infinity":1,"s:31:17:50:Infinity":2,"s:52:22:52:Infinity":3,"s:54:2:84:Infinity":4,"b:63:13:63:Infinity:64:14:66:Infinity":3,"b:73:11:73:Infinity:74:12:80:Infinity":4,"f:89:16:89:28":1,"s:90:2:94:Infinity":5,"f:99:16:99:31":2,"s:100:2:110:Infinity":6}}}
,"D:\\20251120 desktop\\Desktop\\MiniMax\\SAW\\sawtracker\\src\\utils\\alerts.ts": {"path":"D:\\20251120 desktop\\Desktop\\MiniMax\\SAW\\sawtracker\\src\\utils\\alerts.ts","statementMap":{"0":{"start":{"line":4,"column":27},"end":{"line":15,"column":null}},"1":{"start":{"line":20,"column":2},"end":{"line":20,"column":null}},"2":{"start":{"line":40,"column":26},"end":{"line":40,"column":null}},"3":{"start":{"line":42,"column":2},"end":{"line":66,"column":null}},"4":{"start":{"line":44,"column":31},"end":{"line":44,"column":null}},"5":{"start":{"line":45,"column":4},"end":{"line":47,"column":null}},"6":{"start":{"line":46,"column":6},"end":{"line":46,"column":null}},"7":{"start":{"line":50,"column":27},"end":{"line":50,"column":null}},"8":{"start":{"line":51,"column":4},"end":{"line":53,"column":null}},"9":{"start":{"line":52,"column":6},"end":{"line":52,"column":null}},"10":{"start":{"line":56,"column":23},"end":{"line":56,"column":null}},"11":{"start":{"line":57,"column":4},"end":{"line":59,"column":null}},"12":{"start":{"line":58,"column":6},"end":{"line":58,"column":null}},"13":{"start":{"line":62,"column":24},"end":{"line":62,"column":null}},"14":{"start":{"line":63,"column":4},"end":{"line":65,"column":null}},"15":{"start":{"line":64,"column":6},"end":{"line":64,"column":null}},"16":{"start":{"line":68,"column":2},"end":{"line":78,"column":null}},"17":{"start":{"line":70,"column":26},"end":{"line":70,"column":null}},"18":{"start":{"line":71,"column":25},"end":{"line":71,"column":null}},"19":{"start":{"line":72,"column":4},"end":{"line":72,"column":null}},"20":{"start":{"line":72,"column":28},"end":{"line":72,"column":null}},"21":{"start":{"line":75,"column":18},"end":{"line":75,"column":null}},"22":{"start":{"line":76,"column":18},"end":{"line":76,"column":null}},"23":{"start":{"line":77,"column":4},"end":{"line":77,"column":null}},"24":{"start":{"line":84,"column":26},"end":{"line":84,"column":null}},"25":{"start":{"line":86,"column":2},"end":{"line":122,"column":null}},"26":{"start":{"line":88,"column":4},"end":{"line":121,"column":null}},"27":{"start":{"line":89,"column":20},"end":{"line":89,"column":null}},"28":{"start":{"line":90,"column":25},"end":{"line":90,"column":null}},"29":{"start":{"line":91,"column":23},"end":{"line":91,"column":null}},"30":{"start":{"line":92,"column":28},"end":{"line":92,"column":null}},"31":{"start":{"line":94,"column":6},"end":{"line":120,"column":null}},"32":{"start":{"line":96,"column":8},"end":{"line":102,"column":null}},"33":{"start":{"line":97,"column":10},"end":{"line":97,"column":null}},"34":{"start":{"line":98,"column":8},"end":{"line":102,"column":null}},"35":{"start":{"line":99,"column":10},"end":{"line":99,"column":null}},"36":{"start":{"line":101,"column":10},"end":{"line":101,"column":null}},"37":{"start":{"line":104,"column":8},"end":{"line":119,"column":null}},"38":{"start":{"line":124,"column":2},"end":{"line":132,"column":null}},"39":{"start":{"line":125,"column":26},"end":{"line":125,"column":null}},"40":{"start":{"line":126,"column":25},"end":{"line":126,"column":null}},"41":{"start":{"line":127,"column":4},"end":{"line":127,"column":null}},"42":{"start":{"line":127,"column":28},"end":{"line":127,"column":null}},"43":{"start":{"line":129,"column":18},"end":{"line":129,"column":null}},"44":{"start":{"line":130,"column":18},"end":{"line":130,"column":null}},"45":{"start":{"line":131,"column":4},"end":{"line":131,"column":null}},"46":{"start":{"line":139,"column":2},"end":{"line":141,"column":null}},"47":{"start":{"line":140,"column":4},"end":{"line":140,"column":null}},"48":{"start":{"line":143,"column":16},"end":{"line":143,"column":null}},"49":{"start":{"line":144,"column":21},"end":{"line":144,"column":null}},"50":{"start":{"line":145,"column":19},"end":{"line":145,"column":null}},"51":{"start":{"line":146,"column":24},"end":{"line":146,"column":null}},"52":{"start":{"line":148,"column":21},"end":{"line":148,"column":null}},"53":{"start":{"line":151,"column":2},"end":{"line":153,"column":null}},"54":{"start":{"line":152,"column":4},"end":{"line":152,"column":null}},"55":{"start":{"line":159,"column":2},"end":{"line":171,"column":null}},"56":{"start":{"line":160,"column":4},"end":{"line":160,"column":null}},"57":{"start":{"line":161,"column":4},"end":{"line":161,"column":null}},"58":{"start":{"line":162,"column":2},"end":{"line":171,"column":null}},"59":{"start":{"line":163,"column":4},"end":{"line":163,"column":null}},"60":{"start":{"line":164,"column":4},"end":{"line":164,"column":null}},"61":{"start":{"line":165,"column":2},"end":{"line":171,"column":null}},"62":{"start":{"line":166,"column":4},"end":{"line":166,"column":null}},"63":{"start":{"line":167,"column":4},"end":{"line":167,"column":null}},"64":{"start":{"line":169,"column":4},"end":{"line":169,"column":null}},"65":{"start":{"line":170,"column":4},"end":{"line":170,"column":null}},"66":{"start":{"line":177,"column":2},"end":{"line":190,"column":null}},"67":{"start":{"line":178,"column":24},"end":{"line":178,"column":null}},"68":{"start":{"line":179,"column":4},"end":{"line":179,"column":null}},"69":{"start":{"line":180,"column":4},"end":{"line":180,"column":null}},"70":{"start":{"line":181,"column":2},"end":{"line":190,"column":null}},"71":{"start":{"line":182,"column":4},"end":{"line":182,"column":null}},"72":{"start":{"line":183,"column":4},"end":{"line":183,"column":null}},"73":{"start":{"line":184,"column":2},"end":{"line":190,"column":null}},"74":{"start":{"line":185,"column":4},"end":{"line":185,"column":null}},"75":{"start":{"line":186,"column":4},"end":{"line":186,"column":null}},"76":{"start":{"line":188,"column":4},"end":{"line":188,"column":null}},"77":{"start":{"line":189,"column":4},"end":{"line":189,"column":null}},"78":{"start":{"line":192,"column":2},"end":{"line":207,"column":null}},"79":{"start":{"line":215,"column":2},"end":{"line":217,"column":null}},"80":{"start":{"line":216,"column":4},"end":{"line":216,"column":null}},"81":{"start":{"line":219,"column":16},"end":{"line":219,"column":null}},"82":{"start":{"line":227,"column":2},"end":{"line":234,"column":null}},"83":{"start":{"line":228,"column":4},"end":{"line":228,"column":null}},"84":{"start":{"line":231,"column":22},"end":{"line":231,"column":null}},"85":{"start":{"line":232,"column":4},"end":{"line":232,"column":null}},"86":{"start":{"line":233,"column":4},"end":{"line":233,"column":null}},"87":{"start":{"line":236,"column":19},"end":{"line":236,"column":null}},"88":{"start":{"line":237,"column":24},"end":{"line":237,"column":null}},"89":{"start":{"line":239,"column":21},"end":{"line":239,"column":null}},"90":{"start":{"line":242,"column":2},"end":{"line":244,"column":null}},"91":{"start":{"line":243,"column":4},"end":{"line":243,"column":null}},"92":{"start":{"line":247,"column":2},"end":{"line":264,"column":null}},"93":{"start":{"line":248,"column":4},"end":{"line":248,"column":null}},"94":{"start":{"line":249,"column":24},"end":{"line":249,"column":null}},"95":{"start":{"line":250,"column":4},"end":{"line":250,"column":null}},"96":{"start":{"line":251,"column":4},"end":{"line":251,"column":null}},"97":{"start":{"line":252,"column":2},"end":{"line":264,"column":null}},"98":{"start":{"line":253,"column":4},"end":{"line":253,"column":null}},"99":{"start":{"line":254,"column":4},"end":{"line":254,"column":null}},"100":{"start":{"line":255,"column":4},"end":{"line":255,"column":null}},"101":{"start":{"line":256,"column":2},"end":{"line":264,"column":null}},"102":{"start":{"line":257,"column":4},"end":{"line":257,"column":null}},"103":{"start":{"line":258,"column":4},"end":{"line":258,"column":null}},"104":{"start":{"line":259,"column":4},"end":{"line":259,"column":null}},"105":{"start":{"line":261,"column":4},"end":{"line":261,"column":null}},"106":{"start":{"line":262,"column":4},"end":{"line":262,"column":null}},"107":{"start":{"line":263,"column":4},"end":{"line":263,"column":null}},"108":{"start":{"line":266,"column":2},"end":{"line":281,"column":null}},"109":{"start":{"line":288,"column":2},"end":{"line":290,"column":null}},"110":{"start":{"line":289,"column":4},"end":{"line":289,"column":null}},"111":{"start":{"line":292,"column":16},"end":{"line":292,"column":null}},"112":{"start":{"line":293,"column":21},"end":{"line":293,"column":null}},"113":{"start":{"line":294,"column":19},"end":{"line":294,"column":null}},"114":{"start":{"line":295,"column":24},"end":{"line":295,"column":null}},"115":{"start":{"line":297,"column":21},"end":{"line":297,"column":null}},"116":{"start":{"line":300,"column":2},"end":{"line":302,"column":null}},"117":{"start":{"line":301,"column":4},"end":{"line":301,"column":null}},"118":{"start":{"line":308,"column":2},"end":{"line":320,"column":null}},"119":{"start":{"line":309,"column":4},"end":{"line":309,"column":null}},"120":{"start":{"line":310,"column":4},"end":{"line":310,"column":null}},"121":{"start":{"line":311,"column":2},"end":{"line":320,"column":null}},"122":{"start":{"line":312,"column":4},"end":{"line":312,"column":null}},"123":{"start":{"line":313,"column":4},"end":{"line":313,"column":null}},"124":{"start":{"line":314,"column":2},"end":{"line":320,"column":null}},"125":{"start":{"line":315,"column":4},"end":{"line":315,"column":null}},"126":{"start":{"line":316,"column":4},"end":{"line":316,"column":null}},"127":{"start":{"line":318,"column":4},"end":{"line":318,"column":null}},"128":{"start":{"line":319,"column":4},"end":{"line":319,"column":null}},"129":{"start":{"line":326,"column":2},"end":{"line":342,"column":null}},"130":{"start":{"line":327,"column":24},"end":{"line":327,"column":null}},"131":{"start":{"line":328,"column":4},"end":{"line":328,"column":null}},"132":{"start":{"line":329,"column":4},"end":{"line":329,"column":null}},"133":{"start":{"line":330,"column":2},"end":{"line":342,"column":null}},"134":{"start":{"line":331,"column":4},"end":{"line":331,"column":null}},"135":{"start":{"line":332,"column":4},"end":{"line":332,"column":null}},"136":{"start":{"line":333,"column":2},"end":{"line":342,"column":null}},"137":{"start":{"line":334,"column":4},"end":{"line":334,"column":null}},"138":{"start":{"line":335,"column":4},"end":{"line":335,"column":null}},"139":{"start":{"line":336,"column":2},"end":{"line":342,"column":null}},"140":{"start":{"line":337,"column":4},"end":{"line":337,"column":null}},"141":{"start":{"line":338,"column":4},"end":{"line":338,"column":null}},"142":{"start":{"line":340,"column":4},"end":{"line":340,"column":null}},"143":{"start":{"line":341,"column":4},"end":{"line":341,"column":null}},"144":{"start":{"line":344,"column":2},"end":{"line":359,"column":null}},"145":{"start":{"line":366,"column":2},"end":{"line":368,"column":null}},"146":{"start":{"line":367,"column":4},"end":{"line":367,"column":null}},"147":{"start":{"line":370,"column":16},"end":{"line":370,"column":null}},"148":{"start":{"line":371,"column":21},"end":{"line":371,"column":null}},"149":{"start":{"line":372,"column":19},"end":{"line":372,"column":null}},"150":{"start":{"line":373,"column":24},"end":{"line":373,"column":null}},"151":{"start":{"line":375,"column":21},"end":{"line":375,"column":null}},"152":{"start":{"line":378,"column":2},"end":{"line":380,"column":null}},"153":{"start":{"line":379,"column":4},"end":{"line":379,"column":null}},"154":{"start":{"line":386,"column":2},"end":{"line":398,"column":null}},"155":{"start":{"line":387,"column":4},"end":{"line":387,"column":null}},"156":{"start":{"line":388,"column":4},"end":{"line":388,"column":null}},"157":{"start":{"line":389,"column":2},"end":{"line":398,"column":null}},"158":{"start":{"line":390,"column":4},"end":{"line":390,"column":null}},"159":{"start":{"line":391,"column":4},"end":{"line":391,"column":null}},"160":{"start":{"line":392,"column":2},"end":{"line":398,"column":null}},"161":{"start":{"line":393,"column":4},"end":{"line":393,"column":null}},"162":{"start":{"line":394,"column":4},"end":{"line":394,"column":null}},"163":{"start":{"line":396,"column":4},"end":{"line":396,"column":null}},"164":{"start":{"line":397,"column":4},"end":{"line":397,"column":null}},"165":{"start":{"line":404,"column":2},"end":{"line":420,"column":null}},"166":{"start":{"line":405,"column":24},"end":{"line":405,"column":null}},"167":{"start":{"line":406,"column":4},"end":{"line":406,"column":null}},"168":{"start":{"line":407,"column":4},"end":{"line":407,"column":null}},"169":{"start":{"line":408,"column":2},"end":{"line":420,"column":null}},"170":{"start":{"line":409,"column":4},"end":{"line":409,"column":null}},"171":{"start":{"line":410,"column":4},"end":{"line":410,"column":null}},"172":{"start":{"line":411,"column":2},"end":{"line":420,"column":null}},"173":{"start":{"line":412,"column":4},"end":{"line":412,"column":null}},"174":{"start":{"line":413,"column":4},"end":{"line":413,"column":null}},"175":{"start":{"line":414,"column":2},"end":{"line":420,"column":null}},"176":{"start":{"line":415,"column":4},"end":{"line":415,"column":null}},"177":{"start":{"line":416,"column":4},"end":{"line":416,"column":null}},"178":{"start":{"line":418,"column":4},"end":{"line":418,"column":null}},"179":{"start":{"line":419,"column":4},"end":{"line":419,"column":null}},"180":{"start":{"line":422,"column":2},"end":{"line":437,"column":null}},"181":{"start":{"line":444,"column":2},"end":{"line":444,"column":null}},"182":{"start":{"line":444,"column":32},"end":{"line":444,"column":59}},"183":{"start":{"line":451,"column":2},"end":{"line":451,"column":null}},"184":{"start":{"line":451,"column":32},"end":{"line":451,"column":51}},"185":{"start":{"line":458,"column":16},"end":{"line":458,"column":null}},"186":{"start":{"line":459,"column":17},"end":{"line":459,"column":null}},"187":{"start":{"line":459,"column":36},"end":{"line":459,"column":59}},"188":{"start":{"line":460,"column":17},"end":{"line":460,"column":null}},"189":{"start":{"line":460,"column":36},"end":{"line":460,"column":59}},"190":{"start":{"line":461,"column":14},"end":{"line":461,"column":null}},"191":{"start":{"line":461,"column":33},"end":{"line":461,"column":53}},"192":{"start":{"line":462,"column":30},"end":{"line":462,"column":null}},"193":{"start":{"line":462,"column":49},"end":{"line":462,"column":85}},"194":{"start":{"line":463,"column":26},"end":{"line":463,"column":null}},"195":{"start":{"line":463,"column":45},"end":{"line":463,"column":80}},"196":{"start":{"line":464,"column":22},"end":{"line":464,"column":null}},"197":{"start":{"line":464,"column":41},"end":{"line":464,"column":72}},"198":{"start":{"line":465,"column":23},"end":{"line":465,"column":null}},"199":{"start":{"line":465,"column":42},"end":{"line":465,"column":74}},"200":{"start":{"line":467,"column":2},"end":{"line":476,"column":null}},"201":{"start":{"line":483,"column":2},"end":{"line":483,"column":null}},"202":{"start":{"line":483,"column":32},"end":{"line":483,"column":59}},"203":{"start":{"line":490,"column":2},"end":{"line":492,"column":null}},"204":{"start":{"line":491,"column":4},"end":{"line":491,"column":null}}},"fnMap":{"0":{"name":"getNotificationThresholds","decl":{"start":{"line":18,"column":15},"end":{"line":18,"column":43}},"loc":{"start":{"line":18,"column":43},"end":{"line":21,"column":null}},"line":18},"1":{"name":"generateCompanyAlerts","decl":{"start":{"line":39,"column":22},"end":{"line":39,"column":44}},"loc":{"start":{"line":39,"column":84},"end":{"line":79,"column":null}},"line":39},"2":{"name":"(anonymous_2)","decl":{"start":{"line":68,"column":21},"end":{"line":68,"column":22}},"loc":{"start":{"line":68,"column":31},"end":{"line":78,"column":3}},"line":68},"3":{"name":"generateCompanyAlertsSync","decl":{"start":{"line":82,"column":16},"end":{"line":82,"column":42}},"loc":{"start":{"line":82,"column":73},"end":{"line":133,"column":null}},"line":82},"4":{"name":"(anonymous_4)","decl":{"start":{"line":86,"column":20},"end":{"line":86,"column":31}},"loc":{"start":{"line":86,"column":31},"end":{"line":122,"column":3}},"line":86},"5":{"name":"(anonymous_5)","decl":{"start":{"line":124,"column":21},"end":{"line":124,"column":22}},"loc":{"start":{"line":124,"column":31},"end":{"line":132,"column":3}},"line":124},"6":{"name":"checkCommercialRegistrationExpiry","decl":{"start":{"line":138,"column":22},"end":{"line":138,"column":56}},"loc":{"start":{"line":138,"column":97},"end":{"line":208,"column":null}},"line":138},"7":{"name":"checkInsuranceSubscriptionExpiry","decl":{"start":{"line":213,"column":22},"end":{"line":213,"column":55}},"loc":{"start":{"line":213,"column":96},"end":{"line":282,"column":null}},"line":213},"8":{"name":"checkPowerSubscriptionExpiry","decl":{"start":{"line":287,"column":22},"end":{"line":287,"column":51}},"loc":{"start":{"line":287,"column":92},"end":{"line":360,"column":null}},"line":287},"9":{"name":"checkMoqeemSubscriptionExpiry","decl":{"start":{"line":365,"column":22},"end":{"line":365,"column":52}},"loc":{"start":{"line":365,"column":93},"end":{"line":438,"column":null}},"line":365},"10":{"name":"filterAlertsByPriority","decl":{"start":{"line":443,"column":16},"end":{"line":443,"column":39}},"loc":{"start":{"line":443,"column":94},"end":{"line":445,"column":null}},"line":443},"11":{"name":"(anonymous_11)","decl":{"start":{"line":444,"column":23},"end":{"line":444,"column":32}},"loc":{"start":{"line":444,"column":32},"end":{"line":444,"column":59}},"line":444},"12":{"name":"filterAlertsByType","decl":{"start":{"line":450,"column":16},"end":{"line":450,"column":35}},"loc":{"start":{"line":450,"column":82},"end":{"line":452,"column":null}},"line":450},"13":{"name":"(anonymous_13)","decl":{"start":{"line":451,"column":23},"end":{"line":451,"column":32}},"loc":{"start":{"line":451,"column":32},"end":{"line":451,"column":51}},"line":451},"14":{"name":"getAlertsStats","decl":{"start":{"line":457,"column":16},"end":{"line":457,"column":31}},"loc":{"start":{"line":457,"column":48},"end":{"line":477,"column":null}},"line":457},"15":{"name":"(anonymous_15)","decl":{"start":{"line":459,"column":31},"end":{"line":459,"column":36}},"loc":{"start":{"line":459,"column":36},"end":{"line":459,"column":59}},"line":459},"16":{"name":"(anonymous_16)","decl":{"start":{"line":460,"column":31},"end":{"line":460,"column":36}},"loc":{"start":{"line":460,"column":36},"end":{"line":460,"column":59}},"line":460},"17":{"name":"(anonymous_17)","decl":{"start":{"line":461,"column":28},"end":{"line":461,"column":33}},"loc":{"start":{"line":461,"column":33},"end":{"line":461,"column":53}},"line":461},"18":{"name":"(anonymous_18)","decl":{"start":{"line":462,"column":44},"end":{"line":462,"column":49}},"loc":{"start":{"line":462,"column":49},"end":{"line":462,"column":85}},"line":462},"19":{"name":"(anonymous_19)","decl":{"start":{"line":463,"column":40},"end":{"line":463,"column":45}},"loc":{"start":{"line":463,"column":45},"end":{"line":463,"column":80}},"line":463},"20":{"name":"(anonymous_20)","decl":{"start":{"line":464,"column":36},"end":{"line":464,"column":41}},"loc":{"start":{"line":464,"column":41},"end":{"line":464,"column":72}},"line":464},"21":{"name":"(anonymous_21)","decl":{"start":{"line":465,"column":37},"end":{"line":465,"column":42}},"loc":{"start":{"line":465,"column":42},"end":{"line":465,"column":74}},"line":465},"22":{"name":"getUrgentAlerts","decl":{"start":{"line":482,"column":16},"end":{"line":482,"column":32}},"loc":{"start":{"line":482,"column":58},"end":{"line":484,"column":null}},"line":482},"23":{"name":"(anonymous_23)","decl":{"start":{"line":483,"column":23},"end":{"line":483,"column":32}},"loc":{"start":{"line":483,"column":32},"end":{"line":483,"column":59}},"line":483},"24":{"name":"getExpiredAlerts","decl":{"start":{"line":489,"column":16},"end":{"line":489,"column":33}},"loc":{"start":{"line":489,"column":59},"end":{"line":493,"column":null}},"line":489},"25":{"name":"(anonymous_25)","decl":{"start":{"line":490,"column":23},"end":{"line":490,"column":null}},"loc":{"start":{"line":491,"column":4},"end":{"line":491,"column":null}},"line":491}},"branchMap":{"0":{"loc":{"start":{"line":45,"column":4},"end":{"line":47,"column":null}},"type":"if","locations":[{"start":{"line":45,"column":4},"end":{"line":47,"column":null}},{"start":{},"end":{}}],"line":45},"1":{"loc":{"start":{"line":51,"column":4},"end":{"line":53,"column":null}},"type":"if","locations":[{"start":{"line":51,"column":4},"end":{"line":53,"column":null}},{"start":{},"end":{}}],"line":51},"2":{"loc":{"start":{"line":57,"column":4},"end":{"line":59,"column":null}},"type":"if","locations":[{"start":{"line":57,"column":4},"end":{"line":59,"column":null}},{"start":{},"end":{}}],"line":57},"3":{"loc":{"start":{"line":63,"column":4},"end":{"line":65,"column":null}},"type":"if","locations":[{"start":{"line":63,"column":4},"end":{"line":65,"column":null}},{"start":{},"end":{}}],"line":63},"4":{"loc":{"start":{"line":72,"column":4},"end":{"line":72,"column":null}},"type":"if","locations":[{"start":{"line":72,"column":4},"end":{"line":72,"column":null}},{"start":{},"end":{}}],"line":72},"5":{"loc":{"start":{"line":75,"column":18},"end":{"line":75,"column":null}},"type":"binary-expr","locations":[{"start":{"line":75,"column":18},"end":{"line":75,"column":38}},{"start":{"line":75,"column":38},"end":{"line":75,"column":null}}],"line":75},"6":{"loc":{"start":{"line":76,"column":18},"end":{"line":76,"column":null}},"type":"binary-expr","locations":[{"start":{"line":76,"column":18},"end":{"line":76,"column":38}},{"start":{"line":76,"column":38},"end":{"line":76,"column":null}}],"line":76},"7":{"loc":{"start":{"line":88,"column":4},"end":{"line":121,"column":null}},"type":"if","locations":[{"start":{"line":88,"column":4},"end":{"line":121,"column":null}},{"start":{},"end":{}}],"line":88},"8":{"loc":{"start":{"line":94,"column":6},"end":{"line":120,"column":null}},"type":"if","locations":[{"start":{"line":94,"column":6},"end":{"line":120,"column":null}},{"start":{},"end":{}}],"line":94},"9":{"loc":{"start":{"line":96,"column":8},"end":{"line":102,"column":null}},"type":"if","locations":[{"start":{"line":96,"column":8},"end":{"line":102,"column":null}},{"start":{"line":98,"column":8},"end":{"line":102,"column":null}}],"line":96},"10":{"loc":{"start":{"line":98,"column":8},"end":{"line":102,"column":null}},"type":"if","locations":[{"start":{"line":98,"column":8},"end":{"line":102,"column":null}},{"start":{"line":100,"column":15},"end":{"line":102,"column":null}}],"line":98},"11":{"loc":{"start":{"line":109,"column":68},"end":{"line":109,"column":154}},"type":"cond-expr","locations":[{"start":{"line":109,"column":88},"end":{"line":109,"column":127}},{"start":{"line":109,"column":127},"end":{"line":109,"column":154}}],"line":109},"12":{"loc":{"start":{"line":127,"column":4},"end":{"line":127,"column":null}},"type":"if","locations":[{"start":{"line":127,"column":4},"end":{"line":127,"column":null}},{"start":{},"end":{}}],"line":127},"13":{"loc":{"start":{"line":129,"column":18},"end":{"line":129,"column":null}},"type":"binary-expr","locations":[{"start":{"line":129,"column":18},"end":{"line":129,"column":38}},{"start":{"line":129,"column":38},"end":{"line":129,"column":null}}],"line":129},"14":{"loc":{"start":{"line":130,"column":18},"end":{"line":130,"column":null}},"type":"binary-expr","locations":[{"start":{"line":130,"column":18},"end":{"line":130,"column":38}},{"start":{"line":130,"column":38},"end":{"line":130,"column":null}}],"line":130},"15":{"loc":{"start":{"line":139,"column":2},"end":{"line":141,"column":null}},"type":"if","locations":[{"start":{"line":139,"column":2},"end":{"line":141,"column":null}},{"start":{},"end":{}}],"line":139},"16":{"loc":{"start":{"line":151,"column":2},"end":{"line":153,"column":null}},"type":"if","locations":[{"start":{"line":151,"column":2},"end":{"line":153,"column":null}},{"start":{},"end":{}}],"line":151},"17":{"loc":{"start":{"line":159,"column":2},"end":{"line":171,"column":null}},"type":"if","locations":[{"start":{"line":159,"column":2},"end":{"line":171,"column":null}},{"start":{"line":162,"column":2},"end":{"line":171,"column":null}}],"line":159},"18":{"loc":{"start":{"line":162,"column":2},"end":{"line":171,"column":null}},"type":"if","locations":[{"start":{"line":162,"column":2},"end":{"line":171,"column":null}},{"start":{"line":165,"column":2},"end":{"line":171,"column":null}}],"line":162},"19":{"loc":{"start":{"line":165,"column":2},"end":{"line":171,"column":null}},"type":"if","locations":[{"start":{"line":165,"column":2},"end":{"line":171,"column":null}},{"start":{"line":168,"column":9},"end":{"line":171,"column":null}}],"line":165},"20":{"loc":{"start":{"line":177,"column":2},"end":{"line":190,"column":null}},"type":"if","locations":[{"start":{"line":177,"column":2},"end":{"line":190,"column":null}},{"start":{"line":181,"column":2},"end":{"line":190,"column":null}}],"line":177},"21":{"loc":{"start":{"line":181,"column":2},"end":{"line":190,"column":null}},"type":"if","locations":[{"start":{"line":181,"column":2},"end":{"line":190,"column":null}},{"start":{"line":184,"column":2},"end":{"line":190,"column":null}}],"line":181},"22":{"loc":{"start":{"line":184,"column":2},"end":{"line":190,"column":null}},"type":"if","locations":[{"start":{"line":184,"column":2},"end":{"line":190,"column":null}},{"start":{"line":187,"column":9},"end":{"line":190,"column":null}}],"line":184},"23":{"loc":{"start":{"line":215,"column":2},"end":{"line":217,"column":null}},"type":"if","locations":[{"start":{"line":215,"column":2},"end":{"line":217,"column":null}},{"start":{},"end":{}}],"line":215},"24":{"loc":{"start":{"line":215,"column":6},"end":{"line":215,"column":87}},"type":"binary-expr","locations":[{"start":{"line":215,"column":6},"end":{"line":215,"column":48}},{"start":{"line":215,"column":48},"end":{"line":215,"column":87}}],"line":215},"25":{"loc":{"start":{"line":227,"column":2},"end":{"line":234,"column":null}},"type":"if","locations":[{"start":{"line":227,"column":2},"end":{"line":234,"column":null}},{"start":{"line":229,"column":9},"end":{"line":234,"column":null}}],"line":227},"26":{"loc":{"start":{"line":242,"column":2},"end":{"line":244,"column":null}},"type":"if","locations":[{"start":{"line":242,"column":2},"end":{"line":244,"column":null}},{"start":{},"end":{}}],"line":242},"27":{"loc":{"start":{"line":247,"column":2},"end":{"line":264,"column":null}},"type":"if","locations":[{"start":{"line":247,"column":2},"end":{"line":264,"column":null}},{"start":{"line":252,"column":2},"end":{"line":264,"column":null}}],"line":247},"28":{"loc":{"start":{"line":252,"column":2},"end":{"line":264,"column":null}},"type":"if","locations":[{"start":{"line":252,"column":2},"end":{"line":264,"column":null}},{"start":{"line":256,"column":2},"end":{"line":264,"column":null}}],"line":252},"29":{"loc":{"start":{"line":256,"column":2},"end":{"line":264,"column":null}},"type":"if","locations":[{"start":{"line":256,"column":2},"end":{"line":264,"column":null}},{"start":{"line":260,"column":9},"end":{"line":264,"column":null}}],"line":256},"30":{"loc":{"start":{"line":288,"column":2},"end":{"line":290,"column":null}},"type":"if","locations":[{"start":{"line":288,"column":2},"end":{"line":290,"column":null}},{"start":{},"end":{}}],"line":288},"31":{"loc":{"start":{"line":300,"column":2},"end":{"line":302,"column":null}},"type":"if","locations":[{"start":{"line":300,"column":2},"end":{"line":302,"column":null}},{"start":{},"end":{}}],"line":300},"32":{"loc":{"start":{"line":308,"column":2},"end":{"line":320,"column":null}},"type":"if","locations":[{"start":{"line":308,"column":2},"end":{"line":320,"column":null}},{"start":{"line":311,"column":2},"end":{"line":320,"column":null}}],"line":308},"33":{"loc":{"start":{"line":311,"column":2},"end":{"line":320,"column":null}},"type":"if","locations":[{"start":{"line":311,"column":2},"end":{"line":320,"column":null}},{"start":{"line":314,"column":2},"end":{"line":320,"column":null}}],"line":311},"34":{"loc":{"start":{"line":314,"column":2},"end":{"line":320,"column":null}},"type":"if","locations":[{"start":{"line":314,"column":2},"end":{"line":320,"column":null}},{"start":{"line":317,"column":9},"end":{"line":320,"column":null}}],"line":314},"35":{"loc":{"start":{"line":326,"column":2},"end":{"line":342,"column":null}},"type":"if","locations":[{"start":{"line":326,"column":2},"end":{"line":342,"column":null}},{"start":{"line":330,"column":2},"end":{"line":342,"column":null}}],"line":326},"36":{"loc":{"start":{"line":330,"column":2},"end":{"line":342,"column":null}},"type":"if","locations":[{"start":{"line":330,"column":2},"end":{"line":342,"column":null}},{"start":{"line":333,"column":2},"end":{"line":342,"column":null}}],"line":330},"37":{"loc":{"start":{"line":333,"column":2},"end":{"line":342,"column":null}},"type":"if","locations":[{"start":{"line":333,"column":2},"end":{"line":342,"column":null}},{"start":{"line":336,"column":2},"end":{"line":342,"column":null}}],"line":333},"38":{"loc":{"start":{"line":336,"column":2},"end":{"line":342,"column":null}},"type":"if","locations":[{"start":{"line":336,"column":2},"end":{"line":342,"column":null}},{"start":{"line":339,"column":9},"end":{"line":342,"column":null}}],"line":336},"39":{"loc":{"start":{"line":366,"column":2},"end":{"line":368,"column":null}},"type":"if","locations":[{"start":{"line":366,"column":2},"end":{"line":368,"column":null}},{"start":{},"end":{}}],"line":366},"40":{"loc":{"start":{"line":378,"column":2},"end":{"line":380,"column":null}},"type":"if","locations":[{"start":{"line":378,"column":2},"end":{"line":380,"column":null}},{"start":{},"end":{}}],"line":378},"41":{"loc":{"start":{"line":386,"column":2},"end":{"line":398,"column":null}},"type":"if","locations":[{"start":{"line":386,"column":2},"end":{"line":398,"column":null}},{"start":{"line":389,"column":2},"end":{"line":398,"column":null}}],"line":386},"42":{"loc":{"start":{"line":389,"column":2},"end":{"line":398,"column":null}},"type":"if","locations":[{"start":{"line":389,"column":2},"end":{"line":398,"column":null}},{"start":{"line":392,"column":2},"end":{"line":398,"column":null}}],"line":389},"43":{"loc":{"start":{"line":392,"column":2},"end":{"line":398,"column":null}},"type":"if","locations":[{"start":{"line":392,"column":2},"end":{"line":398,"column":null}},{"start":{"line":395,"column":9},"end":{"line":398,"column":null}}],"line":392},"44":{"loc":{"start":{"line":404,"column":2},"end":{"line":420,"column":null}},"type":"if","locations":[{"start":{"line":404,"column":2},"end":{"line":420,"column":null}},{"start":{"line":408,"column":2},"end":{"line":420,"column":null}}],"line":404},"45":{"loc":{"start":{"line":408,"column":2},"end":{"line":420,"column":null}},"type":"if","locations":[{"start":{"line":408,"column":2},"end":{"line":420,"column":null}},{"start":{"line":411,"column":2},"end":{"line":420,"column":null}}],"line":408},"46":{"loc":{"start":{"line":411,"column":2},"end":{"line":420,"column":null}},"type":"if","locations":[{"start":{"line":411,"column":2},"end":{"line":420,"column":null}},{"start":{"line":414,"column":2},"end":{"line":420,"column":null}}],"line":411},"47":{"loc":{"start":{"line":414,"column":2},"end":{"line":420,"column":null}},"type":"if","locations":[{"start":{"line":414,"column":2},"end":{"line":420,"column":null}},{"start":{"line":417,"column":9},"end":{"line":420,"column":null}}],"line":414},"48":{"loc":{"start":{"line":491,"column":4},"end":{"line":491,"column":null}},"type":"binary-expr","locations":[{"start":{"line":491,"column":4},"end":{"line":491,"column":42}},{"start":{"line":491,"column":42},"end":{"line":491,"column":null}}],"line":491}},"s":{"0":1,"1":0,"2":0,"3":0,"4":0,"5":0,"6":0,"7":0,"8":0,"9":0,"10":0,"11":0,"12":0,"13":0,"14":0,"15":0,"16":0,"17":0,"18":0,"19":0,"20":0,"21":0,"22":0,"23":0,"24":8,"25":8,"26":19,"27":18,"28":18,"29":18,"30":18,"31":18,"32":12,"33":4,"34":8,"35":4,"36":4,"37":12,"38":8,"39":8,"40":8,"41":8,"42":4,"43":4,"44":8,"45":8,"46":0,"47":0,"48":0,"49":0,"50":0,"51":0,"52":0,"53":0,"54":0,"55":0,"56":0,"57":0,"58":0,"59":0,"60":0,"61":0,"62":0,"63":0,"64":0,"65":0,"66":0,"67":0,"68":0,"69":0,"70":0,"71":0,"72":0,"73":0,"74":0,"75":0,"76":0,"77":0,"78":0,"79":0,"80":0,"81":0,"82":0,"83":0,"84":0,"85":0,"86":0,"87":0,"88":0,"89":0,"90":0,"91":0,"92":0,"93":0,"94":0,"95":0,"96":0,"97":0,"98":0,"99":0,"100":0,"101":0,"102":0,"103":0,"104":0,"105":0,"106":0,"107":0,"108":0,"109":0,"110":0,"111":0,"112":0,"113":0,"114":0,"115":0,"116":0,"117":0,"118":0,"119":0,"120":0,"121":0,"122":0,"123":0,"124":0,"125":0,"126":0,"127":0,"128":0,"129":0,"130":0,"131":0,"132":0,"133":0,"134":0,"135":0,"136":0,"137":0,"138":0,"139":0,"140":0,"141":0,"142":0,"143":0,"144":0,"145":0,"146":0,"147":0,"148":0,"149":0,"150":0,"151":0,"152":0,"153":0,"154":0,"155":0,"156":0,"157":0,"158":0,"159":0,"160":0,"161":0,"162":0,"163":0,"164":0,"165":0,"166":0,"167":0,"168":0,"169":0,"170":0,"171":0,"172":0,"173":0,"174":0,"175":0,"176":0,"177":0,"178":0,"179":0,"180":0,"181":4,"182":12,"183":3,"184":8,"185":3,"186":3,"187":7,"188":3,"189":7,"190":3,"191":7,"192":3,"193":7,"194":3,"195":7,"196":3,"197":7,"198":3,"199":7,"200":3,"201":3,"202":10,"203":4,"204":16},"f":{"0":0,"1":0,"2":0,"3":8,"4":19,"5":8,"6":0,"7":0,"8":0,"9":0,"10":4,"11":12,"12":3,"13":8,"14":3,"15":7,"16":7,"17":7,"18":7,"19":7,"20":7,"21":7,"22":3,"23":10,"24":4,"25":16},"b":{"0":[0,0],"1":[0,0],"2":[0,0],"3":[0,0],"4":[0,0],"5":[0,0],"6":[0,0],"7":[18,1],"8":[12,6],"9":[4,8],"10":[4,4],"11":[4,8],"12":[4,4],"13":[4,0],"14":[8,0],"15":[0,0],"16":[0,0],"17":[0,0],"18":[0,0],"19":[0,0],"20":[0,0],"21":[0,0],"22":[0,0],"23":[0,0],"24":[0,0],"25":[0,0],"26":[0,0],"27":[0,0],"28":[0,0],"29":[0,0],"30":[0,0],"31":[0,0],"32":[0,0],"33":[0,0],"34":[0,0],"35":[0,0],"36":[0,0],"37":[0,0],"38":[0,0],"39":[0,0],"40":[0,0],"41":[0,0],"42":[0,0],"43":[0,0],"44":[0,0],"45":[0,0],"46":[0,0],"47":[0,0],"48":[16,15]},"meta":{"lastBranch":49,"lastFunction":26,"lastStatement":205,"seen":{"s:4:27:15:Infinity":0,"f:18:15:18:43":0,"s:20:2:20:Infinity":1,"f:39:22:39:44":1,"s:40:26:40:Infinity":2,"s:42:2:66:Infinity":3,"s:44:31:44:Infinity":4,"b:45:4:47:Infinity:undefined:undefined:undefined:undefined":0,"s:45:4:47:Infinity":5,"s:46:6:46:Infinity":6,"s:50:27:50:Infinity":7,"b:51:4:53:Infinity:undefined:undefined:undefined:undefined":1,"s:51:4:53:Infinity":8,"s:52:6:52:Infinity":9,"s:56:23:56:Infinity":10,"b:57:4:59:Infinity:undefined:undefined:undefined:undefined":2,"s:57:4:59:Infinity":11,"s:58:6:58:Infinity":12,"s:62:24:62:Infinity":13,"b:63:4:65:Infinity:undefined:undefined:undefined:undefined":3,"s:63:4:65:Infinity":14,"s:64:6:64:Infinity":15,"s:68:2:78:Infinity":16,"f:68:21:68:22":2,"s:70:26:70:Infinity":17,"s:71:25:71:Infinity":18,"b:72:4:72:Infinity:undefined:undefined:undefined:undefined":4,"s:72:4:72:Infinity":19,"s:72:28:72:Infinity":20,"s:75:18:75:Infinity":21,"b:75:18:75:38:75:38:75:Infinity":5,"s:76:18:76:Infinity":22,"b:76:18:76:38:76:38:76:Infinity":6,"s:77:4:77:Infinity":23,"f:82:16:82:42":3,"s:84:26:84:Infinity":24,"s:86:2:122:Infinity":25,"f:86:20:86:31":4,"b:88:4:121:Infinity:undefined:undefined:undefined:undefined":7,"s:88:4:121:Infinity":26,"s:89:20:89:Infinity":27,"s:90:25:90:Infinity":28,"s:91:23:91:Infinity":29,"s:92:28:92:Infinity":30,"b:94:6:120:Infinity:undefined:undefined:undefined:undefined":8,"s:94:6:120:Infinity":31,"b:96:8:102:Infinity:98:8:102:Infinity":9,"s:96:8:102:Infinity":32,"s:97:10:97:Infinity":33,"b:98:8:102:Infinity:100:15:102:Infinity":10,"s:98:8:102:Infinity":34,"s:99:10:99:Infinity":35,"s:101:10:101:Infinity":36,"s:104:8:119:Infinity":37,"b:109:88:109:127:109:127:109:154":11,"s:124:2:132:Infinity":38,"f:124:21:124:22":5,"s:125:26:125:Infinity":39,"s:126:25:126:Infinity":40,"b:127:4:127:Infinity:undefined:undefined:undefined:undefined":12,"s:127:4:127:Infinity":41,"s:127:28:127:Infinity":42,"s:129:18:129:Infinity":43,"b:129:18:129:38:129:38:129:Infinity":13,"s:130:18:130:Infinity":44,"b:130:18:130:38:130:38:130:Infinity":14,"s:131:4:131:Infinity":45,"f:138:22:138:56":6,"b:139:2:141:Infinity:undefined:undefined:undefined:undefined":15,"s:139:2:141:Infinity":46,"s:140:4:140:Infinity":47,"s:143:16:143:Infinity":48,"s:144:21:144:Infinity":49,"s:145:19:145:Infinity":50,"s:146:24:146:Infinity":51,"s:148:21:148:Infinity":52,"b:151:2:153:Infinity:undefined:undefined:undefined:undefined":16,"s:151:2:153:Infinity":53,"s:152:4:152:Infinity":54,"b:159:2:171:Infinity:162:2:171:Infinity":17,"s:159:2:171:Infinity":55,"s:160:4:160:Infinity":56,"s:161:4:161:Infinity":57,"b:162:2:171:Infinity:165:2:171:Infinity":18,"s:162:2:171:Infinity":58,"s:163:4:163:Infinity":59,"s:164:4:164:Infinity":60,"b:165:2:171:Infinity:168:9:171:Infinity":19,"s:165:2:171:Infinity":61,"s:166:4:166:Infinity":62,"s:167:4:167:Infinity":63,"s:169:4:169:Infinity":64,"s:170:4:170:Infinity":65,"b:177:2:190:Infinity:181:2:190:Infinity":20,"s:177:2:190:Infinity":66,"s:178:24:178:Infinity":67,"s:179:4:179:Infinity":68,"s:180:4:180:Infinity":69,"b:181:2:190:Infinity:184:2:190:Infinity":21,"s:181:2:190:Infinity":70,"s:182:4:182:Infinity":71,"s:183:4:183:Infinity":72,"b:184:2:190:Infinity:187:9:190:Infinity":22,"s:184:2:190:Infinity":73,"s:185:4:185:Infinity":74,"s:186:4:186:Infinity":75,"s:188:4:188:Infinity":76,"s:189:4:189:Infinity":77,"s:192:2:207:Infinity":78,"f:213:22:213:55":7,"b:215:2:217:Infinity:undefined:undefined:undefined:undefined":23,"s:215:2:217:Infinity":79,"b:215:6:215:48:215:48:215:87":24,"s:216:4:216:Infinity":80,"s:219:16:219:Infinity":81,"b:227:2:234:Infinity:229:9:234:Infinity":25,"s:227:2:234:Infinity":82,"s:228:4:228:Infinity":83,"s:231:22:231:Infinity":84,"s:232:4:232:Infinity":85,"s:233:4:233:Infinity":86,"s:236:19:236:Infinity":87,"s:237:24:237:Infinity":88,"s:239:21:239:Infinity":89,"b:242:2:244:Infinity:undefined:undefined:undefined:undefined":26,"s:242:2:244:Infinity":90,"s:243:4:243:Infinity":91,"b:247:2:264:Infinity:252:2:264:Infinity":27,"s:247:2:264:Infinity":92,"s:248:4:248:Infinity":93,"s:249:24:249:Infinity":94,"s:250:4:250:Infinity":95,"s:251:4:251:Infinity":96,"b:252:2:264:Infinity:256:2:264:Infinity":28,"s:252:2:264:Infinity":97,"s:253:4:253:Infinity":98,"s:254:4:254:Infinity":99,"s:255:4:255:Infinity":100,"b:256:2:264:Infinity:260:9:264:Infinity":29,"s:256:2:264:Infinity":101,"s:257:4:257:Infinity":102,"s:258:4:258:Infinity":103,"s:259:4:259:Infinity":104,"s:261:4:261:Infinity":105,"s:262:4:262:Infinity":106,"s:263:4:263:Infinity":107,"s:266:2:281:Infinity":108,"f:287:22:287:51":8,"b:288:2:290:Infinity:undefined:undefined:undefined:undefined":30,"s:288:2:290:Infinity":109,"s:289:4:289:Infinity":110,"s:292:16:292:Infinity":111,"s:293:21:293:Infinity":112,"s:294:19:294:Infinity":113,"s:295:24:295:Infinity":114,"s:297:21:297:Infinity":115,"b:300:2:302:Infinity:undefined:undefined:undefined:undefined":31,"s:300:2:302:Infinity":116,"s:301:4:301:Infinity":117,"b:308:2:320:Infinity:311:2:320:Infinity":32,"s:308:2:320:Infinity":118,"s:309:4:309:Infinity":119,"s:310:4:310:Infinity":120,"b:311:2:320:Infinity:314:2:320:Infinity":33,"s:311:2:320:Infinity":121,"s:312:4:312:Infinity":122,"s:313:4:313:Infinity":123,"b:314:2:320:Infinity:317:9:320:Infinity":34,"s:314:2:320:Infinity":124,"s:315:4:315:Infinity":125,"s:316:4:316:Infinity":126,"s:318:4:318:Infinity":127,"s:319:4:319:Infinity":128,"b:326:2:342:Infinity:330:2:342:Infinity":35,"s:326:2:342:Infinity":129,"s:327:24:327:Infinity":130,"s:328:4:328:Infinity":131,"s:329:4:329:Infinity":132,"b:330:2:342:Infinity:333:2:342:Infinity":36,"s:330:2:342:Infinity":133,"s:331:4:331:Infinity":134,"s:332:4:332:Infinity":135,"b:333:2:342:Infinity:336:2:342:Infinity":37,"s:333:2:342:Infinity":136,"s:334:4:334:Infinity":137,"s:335:4:335:Infinity":138,"b:336:2:342:Infinity:339:9:342:Infinity":38,"s:336:2:342:Infinity":139,"s:337:4:337:Infinity":140,"s:338:4:338:Infinity":141,"s:340:4:340:Infinity":142,"s:341:4:341:Infinity":143,"s:344:2:359:Infinity":144,"f:365:22:365:52":9,"b:366:2:368:Infinity:undefined:undefined:undefined:undefined":39,"s:366:2:368:Infinity":145,"s:367:4:367:Infinity":146,"s:370:16:370:Infinity":147,"s:371:21:371:Infinity":148,"s:372:19:372:Infinity":149,"s:373:24:373:Infinity":150,"s:375:21:375:Infinity":151,"b:378:2:380:Infinity:undefined:undefined:undefined:undefined":40,"s:378:2:380:Infinity":152,"s:379:4:379:Infinity":153,"b:386:2:398:Infinity:389:2:398:Infinity":41,"s:386:2:398:Infinity":154,"s:387:4:387:Infinity":155,"s:388:4:388:Infinity":156,"b:389:2:398:Infinity:392:2:398:Infinity":42,"s:389:2:398:Infinity":157,"s:390:4:390:Infinity":158,"s:391:4:391:Infinity":159,"b:392:2:398:Infinity:395:9:398:Infinity":43,"s:392:2:398:Infinity":160,"s:393:4:393:Infinity":161,"s:394:4:394:Infinity":162,"s:396:4:396:Infinity":163,"s:397:4:397:Infinity":164,"b:404:2:420:Infinity:408:2:420:Infinity":44,"s:404:2:420:Infinity":165,"s:405:24:405:Infinity":166,"s:406:4:406:Infinity":167,"s:407:4:407:Infinity":168,"b:408:2:420:Infinity:411:2:420:Infinity":45,"s:408:2:420:Infinity":169,"s:409:4:409:Infinity":170,"s:410:4:410:Infinity":171,"b:411:2:420:Infinity:414:2:420:Infinity":46,"s:411:2:420:Infinity":172,"s:412:4:412:Infinity":173,"s:413:4:413:Infinity":174,"b:414:2:420:Infinity:417:9:420:Infinity":47,"s:414:2:420:Infinity":175,"s:415:4:415:Infinity":176,"s:416:4:416:Infinity":177,"s:418:4:418:Infinity":178,"s:419:4:419:Infinity":179,"s:422:2:437:Infinity":180,"f:443:16:443:39":10,"s:444:2:444:Infinity":181,"f:444:23:444:32":11,"s:444:32:444:59":182,"f:450:16:450:35":12,"s:451:2:451:Infinity":183,"f:451:23:451:32":13,"s:451:32:451:51":184,"f:457:16:457:31":14,"s:458:16:458:Infinity":185,"s:459:17:459:Infinity":186,"f:459:31:459:36":15,"s:459:36:459:59":187,"s:460:17:460:Infinity":188,"f:460:31:460:36":16,"s:460:36:460:59":189,"s:461:14:461:Infinity":190,"f:461:28:461:33":17,"s:461:33:461:53":191,"s:462:30:462:Infinity":192,"f:462:44:462:49":18,"s:462:49:462:85":193,"s:463:26:463:Infinity":194,"f:463:40:463:45":19,"s:463:45:463:80":195,"s:464:22:464:Infinity":196,"f:464:36:464:41":20,"s:464:41:464:72":197,"s:465:23:465:Infinity":198,"f:465:37:465:42":21,"s:465:42:465:74":199,"s:467:2:476:Infinity":200,"f:482:16:482:32":22,"s:483:2:483:Infinity":201,"f:483:23:483:32":23,"s:483:32:483:59":202,"f:489:16:489:33":24,"s:490:2:492:Infinity":203,"f:490:23:490:Infinity":25,"s:491:4:491:Infinity":204,"b:491:4:491:42:491:42:491:Infinity":48}}}
,"D:\\20251120 desktop\\Desktop\\MiniMax\\SAW\\sawtracker\\src\\utils\\autoCompanyStatus.ts": {"path":"D:\\20251120 desktop\\Desktop\\MiniMax\\SAW\\sawtracker\\src\\utils\\autoCompanyStatus.ts","statementMap":{"0":{"start":{"line":6,"column":38},"end":{"line":17,"column":null}},"1":{"start":{"line":7,"column":2},"end":{"line":7,"column":null}},"2":{"start":{"line":7,"column":13},"end":{"line":7,"column":null}},"3":{"start":{"line":9,"column":21},"end":{"line":9,"column":null}},"4":{"start":{"line":10,"column":16},"end":{"line":10,"column":null}},"5":{"start":{"line":13,"column":2},"end":{"line":13,"column":null}},"6":{"start":{"line":14,"column":2},"end":{"line":14,"column":null}},"7":{"start":{"line":16,"column":2},"end":{"line":16,"column":null}},"8":{"start":{"line":26,"column":53},"end":{"line":117,"column":null}},"9":{"start":{"line":37,"column":2},"end":{"line":49,"column":null}},"10":{"start":{"line":38,"column":4},"end":{"line":48,"column":null}},"11":{"start":{"line":51,"column":24},"end":{"line":51,"column":null}},"12":{"start":{"line":53,"column":2},"end":{"line":116,"column":null}},"13":{"start":{"line":55,"column":24},"end":{"line":55,"column":null}},"14":{"start":{"line":56,"column":4},"end":{"line":66,"column":null}},"15":{"start":{"line":67,"column":2},"end":{"line":116,"column":null}},"16":{"start":{"line":69,"column":24},"end":{"line":73,"column":null}},"17":{"start":{"line":75,"column":4},"end":{"line":85,"column":null}},"18":{"start":{"line":86,"column":2},"end":{"line":116,"column":null}},"19":{"start":{"line":88,"column":24},"end":{"line":90,"column":null}},"20":{"start":{"line":92,"column":4},"end":{"line":102,"column":null}},"21":{"start":{"line":105,"column":4},"end":{"line":115,"column":null}},"22":{"start":{"line":123,"column":52},"end":{"line":214,"column":null}},"23":{"start":{"line":134,"column":2},"end":{"line":146,"column":null}},"24":{"start":{"line":135,"column":4},"end":{"line":145,"column":null}},"25":{"start":{"line":148,"column":24},"end":{"line":148,"column":null}},"26":{"start":{"line":150,"column":2},"end":{"line":213,"column":null}},"27":{"start":{"line":152,"column":24},"end":{"line":152,"column":null}},"28":{"start":{"line":153,"column":4},"end":{"line":163,"column":null}},"29":{"start":{"line":164,"column":2},"end":{"line":213,"column":null}},"30":{"start":{"line":166,"column":24},"end":{"line":170,"column":null}},"31":{"start":{"line":172,"column":4},"end":{"line":182,"column":null}},"32":{"start":{"line":183,"column":2},"end":{"line":213,"column":null}},"33":{"start":{"line":185,"column":24},"end":{"line":187,"column":null}},"34":{"start":{"line":189,"column":4},"end":{"line":199,"column":null}},"35":{"start":{"line":202,"column":4},"end":{"line":212,"column":null}},"36":{"start":{"line":233,"column":43},"end":{"line":280,"column":null}},"37":{"start":{"line":234,"column":16},"end":{"line":246,"column":null}},"38":{"start":{"line":248,"column":2},"end":{"line":268,"column":null}},"39":{"start":{"line":249,"column":23},"end":{"line":249,"column":null}},"40":{"start":{"line":251,"column":4},"end":{"line":267,"column":null}},"41":{"start":{"line":253,"column":8},"end":{"line":253,"column":null}},"42":{"start":{"line":254,"column":8},"end":{"line":254,"column":null}},"43":{"start":{"line":256,"column":8},"end":{"line":256,"column":null}},"44":{"start":{"line":257,"column":8},"end":{"line":257,"column":null}},"45":{"start":{"line":259,"column":8},"end":{"line":259,"column":null}},"46":{"start":{"line":260,"column":8},"end":{"line":260,"column":null}},"47":{"start":{"line":262,"column":8},"end":{"line":262,"column":null}},"48":{"start":{"line":263,"column":8},"end":{"line":263,"column":null}},"49":{"start":{"line":265,"column":8},"end":{"line":265,"column":null}},"50":{"start":{"line":266,"column":8},"end":{"line":266,"column":null}},"51":{"start":{"line":271,"column":2},"end":{"line":277,"column":null}},"52":{"start":{"line":272,"column":4},"end":{"line":272,"column":null}},"53":{"start":{"line":273,"column":4},"end":{"line":273,"column":null}},"54":{"start":{"line":274,"column":4},"end":{"line":274,"column":null}},"55":{"start":{"line":275,"column":4},"end":{"line":275,"column":null}},"56":{"start":{"line":276,"column":4},"end":{"line":276,"column":null}},"57":{"start":{"line":279,"column":2},"end":{"line":279,"column":null}},"58":{"start":{"line":299,"column":39},"end":{"line":346,"column":null}},"59":{"start":{"line":300,"column":16},"end":{"line":312,"column":null}},"60":{"start":{"line":314,"column":2},"end":{"line":334,"column":null}},"61":{"start":{"line":315,"column":23},"end":{"line":315,"column":null}},"62":{"start":{"line":317,"column":4},"end":{"line":333,"column":null}},"63":{"start":{"line":319,"column":8},"end":{"line":319,"column":null}},"64":{"start":{"line":320,"column":8},"end":{"line":320,"column":null}},"65":{"start":{"line":322,"column":8},"end":{"line":322,"column":null}},"66":{"start":{"line":323,"column":8},"end":{"line":323,"column":null}},"67":{"start":{"line":325,"column":8},"end":{"line":325,"column":null}},"68":{"start":{"line":326,"column":8},"end":{"line":326,"column":null}},"69":{"start":{"line":328,"column":8},"end":{"line":328,"column":null}},"70":{"start":{"line":329,"column":8},"end":{"line":329,"column":null}},"71":{"start":{"line":331,"column":8},"end":{"line":331,"column":null}},"72":{"start":{"line":332,"column":8},"end":{"line":332,"column":null}},"73":{"start":{"line":337,"column":2},"end":{"line":343,"column":null}},"74":{"start":{"line":338,"column":4},"end":{"line":338,"column":null}},"75":{"start":{"line":339,"column":4},"end":{"line":339,"column":null}},"76":{"start":{"line":340,"column":4},"end":{"line":340,"column":null}},"77":{"start":{"line":341,"column":4},"end":{"line":341,"column":null}},"78":{"start":{"line":342,"column":4},"end":{"line":342,"column":null}},"79":{"start":{"line":345,"column":2},"end":{"line":345,"column":null}},"80":{"start":{"line":352,"column":48},"end":{"line":439,"column":null}},"81":{"start":{"line":363,"column":2},"end":{"line":375,"column":null}},"82":{"start":{"line":364,"column":4},"end":{"line":374,"column":null}},"83":{"start":{"line":377,"column":24},"end":{"line":377,"column":null}},"84":{"start":{"line":379,"column":2},"end":{"line":438,"column":null}},"85":{"start":{"line":380,"column":24},"end":{"line":380,"column":null}},"86":{"start":{"line":381,"column":4},"end":{"line":391,"column":null}},"87":{"start":{"line":392,"column":2},"end":{"line":438,"column":null}},"88":{"start":{"line":393,"column":24},"end":{"line":397,"column":null}},"89":{"start":{"line":399,"column":4},"end":{"line":409,"column":null}},"90":{"start":{"line":410,"column":2},"end":{"line":438,"column":null}},"91":{"start":{"line":411,"column":24},"end":{"line":413,"column":null}},"92":{"start":{"line":415,"column":4},"end":{"line":425,"column":null}},"93":{"start":{"line":427,"column":4},"end":{"line":437,"column":null}},"94":{"start":{"line":445,"column":49},"end":{"line":532,"column":null}},"95":{"start":{"line":456,"column":2},"end":{"line":468,"column":null}},"96":{"start":{"line":457,"column":4},"end":{"line":467,"column":null}},"97":{"start":{"line":470,"column":24},"end":{"line":470,"column":null}},"98":{"start":{"line":472,"column":2},"end":{"line":531,"column":null}},"99":{"start":{"line":473,"column":24},"end":{"line":473,"column":null}},"100":{"start":{"line":474,"column":4},"end":{"line":484,"column":null}},"101":{"start":{"line":485,"column":2},"end":{"line":531,"column":null}},"102":{"start":{"line":486,"column":24},"end":{"line":490,"column":null}},"103":{"start":{"line":492,"column":4},"end":{"line":502,"column":null}},"104":{"start":{"line":503,"column":2},"end":{"line":531,"column":null}},"105":{"start":{"line":504,"column":24},"end":{"line":506,"column":null}},"106":{"start":{"line":508,"column":4},"end":{"line":518,"column":null}},"107":{"start":{"line":520,"column":4},"end":{"line":530,"column":null}},"108":{"start":{"line":551,"column":35},"end":{"line":598,"column":null}},"109":{"start":{"line":552,"column":16},"end":{"line":564,"column":null}},"110":{"start":{"line":566,"column":2},"end":{"line":586,"column":null}},"111":{"start":{"line":567,"column":23},"end":{"line":567,"column":null}},"112":{"start":{"line":569,"column":4},"end":{"line":585,"column":null}},"113":{"start":{"line":571,"column":8},"end":{"line":571,"column":null}},"114":{"start":{"line":572,"column":8},"end":{"line":572,"column":null}},"115":{"start":{"line":574,"column":8},"end":{"line":574,"column":null}},"116":{"start":{"line":575,"column":8},"end":{"line":575,"column":null}},"117":{"start":{"line":577,"column":8},"end":{"line":577,"column":null}},"118":{"start":{"line":578,"column":8},"end":{"line":578,"column":null}},"119":{"start":{"line":580,"column":8},"end":{"line":580,"column":null}},"120":{"start":{"line":581,"column":8},"end":{"line":581,"column":null}},"121":{"start":{"line":583,"column":8},"end":{"line":583,"column":null}},"122":{"start":{"line":584,"column":8},"end":{"line":584,"column":null}},"123":{"start":{"line":589,"column":2},"end":{"line":595,"column":null}},"124":{"start":{"line":590,"column":4},"end":{"line":590,"column":null}},"125":{"start":{"line":591,"column":4},"end":{"line":591,"column":null}},"126":{"start":{"line":592,"column":4},"end":{"line":592,"column":null}},"127":{"start":{"line":593,"column":4},"end":{"line":593,"column":null}},"128":{"start":{"line":594,"column":4},"end":{"line":594,"column":null}},"129":{"start":{"line":597,"column":2},"end":{"line":597,"column":null}},"130":{"start":{"line":617,"column":36},"end":{"line":664,"column":null}},"131":{"start":{"line":618,"column":16},"end":{"line":630,"column":null}},"132":{"start":{"line":632,"column":2},"end":{"line":652,"column":null}},"133":{"start":{"line":633,"column":23},"end":{"line":633,"column":null}},"134":{"start":{"line":635,"column":4},"end":{"line":651,"column":null}},"135":{"start":{"line":637,"column":8},"end":{"line":637,"column":null}},"136":{"start":{"line":638,"column":8},"end":{"line":638,"column":null}},"137":{"start":{"line":640,"column":8},"end":{"line":640,"column":null}},"138":{"start":{"line":641,"column":8},"end":{"line":641,"column":null}},"139":{"start":{"line":643,"column":8},"end":{"line":643,"column":null}},"140":{"start":{"line":644,"column":8},"end":{"line":644,"column":null}},"141":{"start":{"line":646,"column":8},"end":{"line":646,"column":null}},"142":{"start":{"line":647,"column":8},"end":{"line":647,"column":null}},"143":{"start":{"line":649,"column":8},"end":{"line":649,"column":null}},"144":{"start":{"line":650,"column":8},"end":{"line":650,"column":null}},"145":{"start":{"line":655,"column":2},"end":{"line":661,"column":null}},"146":{"start":{"line":656,"column":4},"end":{"line":656,"column":null}},"147":{"start":{"line":657,"column":4},"end":{"line":657,"column":null}},"148":{"start":{"line":658,"column":4},"end":{"line":658,"column":null}},"149":{"start":{"line":659,"column":4},"end":{"line":659,"column":null}},"150":{"start":{"line":660,"column":4},"end":{"line":660,"column":null}},"151":{"start":{"line":663,"column":2},"end":{"line":663,"column":null}},"152":{"start":{"line":688,"column":43},"end":{"line":808,"column":null}},"153":{"start":{"line":696,"column":33},"end":{"line":698,"column":null}},"154":{"start":{"line":696,"column":53},"end":{"line":698,"column":4}},"155":{"start":{"line":700,"column":29},"end":{"line":702,"column":null}},"156":{"start":{"line":700,"column":49},"end":{"line":702,"column":4}},"157":{"start":{"line":704,"column":25},"end":{"line":706,"column":null}},"158":{"start":{"line":704,"column":45},"end":{"line":706,"column":4}},"159":{"start":{"line":708,"column":26},"end":{"line":710,"column":null}},"160":{"start":{"line":708,"column":46},"end":{"line":710,"column":4}},"161":{"start":{"line":712,"column":29},"end":{"line":712,"column":null}},"162":{"start":{"line":713,"column":25},"end":{"line":713,"column":null}},"163":{"start":{"line":714,"column":21},"end":{"line":714,"column":null}},"164":{"start":{"line":715,"column":22},"end":{"line":715,"column":null}},"165":{"start":{"line":718,"column":28},"end":{"line":718,"column":null}},"166":{"start":{"line":719,"column":26},"end":{"line":719,"column":null}},"167":{"start":{"line":721,"column":2},"end":{"line":740,"column":null}},"168":{"start":{"line":722,"column":29},"end":{"line":722,"column":null}},"169":{"start":{"line":723,"column":28},"end":{"line":723,"column":null}},"170":{"start":{"line":724,"column":24},"end":{"line":724,"column":null}},"171":{"start":{"line":725,"column":25},"end":{"line":725,"column":null}},"172":{"start":{"line":727,"column":4},"end":{"line":732,"column":null}},"173":{"start":{"line":731,"column":6},"end":{"line":731,"column":null}},"174":{"start":{"line":734,"column":4},"end":{"line":739,"column":null}},"175":{"start":{"line":738,"column":6},"end":{"line":738,"column":null}},"176":{"start":{"line":748,"column":19},"end":{"line":748,"column":null}},"177":{"start":{"line":749,"column":20},"end":{"line":749,"column":null}},"178":{"start":{"line":750,"column":22},"end":{"line":750,"column":null}},"179":{"start":{"line":751,"column":21},"end":{"line":751,"column":null}},"180":{"start":{"line":753,"column":2},"end":{"line":783,"column":null}},"181":{"start":{"line":754,"column":29},"end":{"line":754,"column":null}},"182":{"start":{"line":755,"column":28},"end":{"line":755,"column":null}},"183":{"start":{"line":756,"column":24},"end":{"line":756,"column":null}},"184":{"start":{"line":757,"column":25},"end":{"line":757,"column":null}},"185":{"start":{"line":759,"column":24},"end":{"line":759,"column":null}},"186":{"start":{"line":760,"column":23},"end":{"line":760,"column":null}},"187":{"start":{"line":760,"column":44},"end":{"line":760,"column":54}},"188":{"start":{"line":761,"column":21},"end":{"line":761,"column":null}},"189":{"start":{"line":761,"column":42},"end":{"line":761,"column":50}},"190":{"start":{"line":764,"column":4},"end":{"line":782,"column":null}},"191":{"start":{"line":765,"column":6},"end":{"line":765,"column":null}},"192":{"start":{"line":766,"column":4},"end":{"line":782,"column":null}},"193":{"start":{"line":769,"column":6},"end":{"line":769,"column":null}},"194":{"start":{"line":770,"column":4},"end":{"line":782,"column":null}},"195":{"start":{"line":773,"column":6},"end":{"line":773,"column":null}},"196":{"start":{"line":774,"column":4},"end":{"line":782,"column":null}},"197":{"start":{"line":776,"column":35},"end":{"line":776,"column":46}},"198":{"start":{"line":777,"column":6},"end":{"line":777,"column":null}},"199":{"start":{"line":781,"column":6},"end":{"line":781,"column":null}},"200":{"start":{"line":785,"column":25},"end":{"line":785,"column":null}},"201":{"start":{"line":786,"column":31},"end":{"line":786,"column":null}},"202":{"start":{"line":787,"column":32},"end":{"line":787,"column":null}},"203":{"start":{"line":788,"column":34},"end":{"line":788,"column":null}},"204":{"start":{"line":789,"column":33},"end":{"line":789,"column":null}},"205":{"start":{"line":791,"column":2},"end":{"line":807,"column":null}}},"fnMap":{"0":{"name":"(anonymous_0)","decl":{"start":{"line":6,"column":38},"end":{"line":6,"column":39}},"loc":{"start":{"line":6,"column":83},"end":{"line":17,"column":null}},"line":6},"1":{"name":"(anonymous_1)","decl":{"start":{"line":26,"column":53},"end":{"line":26,"column":54}},"loc":{"start":{"line":36,"column":5},"end":{"line":117,"column":null}},"line":36},"2":{"name":"(anonymous_2)","decl":{"start":{"line":123,"column":52},"end":{"line":123,"column":53}},"loc":{"start":{"line":133,"column":5},"end":{"line":214,"column":null}},"line":133},"3":{"name":"(anonymous_3)","decl":{"start":{"line":233,"column":43},"end":{"line":233,"column":44}},"loc":{"start":{"line":233,"column":136},"end":{"line":280,"column":null}},"line":233},"4":{"name":"(anonymous_4)","decl":{"start":{"line":248,"column":20},"end":{"line":248,"column":31}},"loc":{"start":{"line":248,"column":31},"end":{"line":268,"column":3}},"line":248},"5":{"name":"(anonymous_5)","decl":{"start":{"line":299,"column":39},"end":{"line":299,"column":40}},"loc":{"start":{"line":299,"column":127},"end":{"line":346,"column":null}},"line":299},"6":{"name":"(anonymous_6)","decl":{"start":{"line":314,"column":20},"end":{"line":314,"column":31}},"loc":{"start":{"line":314,"column":31},"end":{"line":334,"column":3}},"line":314},"7":{"name":"(anonymous_7)","decl":{"start":{"line":352,"column":48},"end":{"line":352,"column":49}},"loc":{"start":{"line":362,"column":5},"end":{"line":439,"column":null}},"line":362},"8":{"name":"(anonymous_8)","decl":{"start":{"line":445,"column":49},"end":{"line":445,"column":50}},"loc":{"start":{"line":455,"column":5},"end":{"line":532,"column":null}},"line":455},"9":{"name":"(anonymous_9)","decl":{"start":{"line":551,"column":35},"end":{"line":551,"column":36}},"loc":{"start":{"line":551,"column":120},"end":{"line":598,"column":null}},"line":551},"10":{"name":"(anonymous_10)","decl":{"start":{"line":566,"column":20},"end":{"line":566,"column":31}},"loc":{"start":{"line":566,"column":31},"end":{"line":586,"column":3}},"line":566},"11":{"name":"(anonymous_11)","decl":{"start":{"line":617,"column":36},"end":{"line":617,"column":37}},"loc":{"start":{"line":617,"column":123},"end":{"line":664,"column":null}},"line":617},"12":{"name":"(anonymous_12)","decl":{"start":{"line":632,"column":20},"end":{"line":632,"column":31}},"loc":{"start":{"line":632,"column":31},"end":{"line":652,"column":3}},"line":632},"13":{"name":"(anonymous_13)","decl":{"start":{"line":688,"column":43},"end":{"line":688,"column":44}},"loc":{"start":{"line":695,"column":27},"end":{"line":808,"column":null}},"line":695},"14":{"name":"(anonymous_14)","decl":{"start":{"line":696,"column":47},"end":{"line":696,"column":53}},"loc":{"start":{"line":696,"column":53},"end":{"line":698,"column":4}},"line":696},"15":{"name":"(anonymous_15)","decl":{"start":{"line":700,"column":43},"end":{"line":700,"column":49}},"loc":{"start":{"line":700,"column":49},"end":{"line":702,"column":4}},"line":700},"16":{"name":"(anonymous_16)","decl":{"start":{"line":704,"column":39},"end":{"line":704,"column":45}},"loc":{"start":{"line":704,"column":45},"end":{"line":706,"column":4}},"line":704},"17":{"name":"(anonymous_17)","decl":{"start":{"line":708,"column":40},"end":{"line":708,"column":46}},"loc":{"start":{"line":708,"column":46},"end":{"line":710,"column":4}},"line":708},"18":{"name":"(anonymous_18)","decl":{"start":{"line":721,"column":20},"end":{"line":721,"column":31}},"loc":{"start":{"line":721,"column":31},"end":{"line":740,"column":3}},"line":721},"19":{"name":"(anonymous_19)","decl":{"start":{"line":753,"column":20},"end":{"line":753,"column":31}},"loc":{"start":{"line":753,"column":31},"end":{"line":783,"column":3}},"line":753},"20":{"name":"(anonymous_20)","decl":{"start":{"line":760,"column":39},"end":{"line":760,"column":44}},"loc":{"start":{"line":760,"column":44},"end":{"line":760,"column":54}},"line":760},"21":{"name":"(anonymous_21)","decl":{"start":{"line":761,"column":37},"end":{"line":761,"column":42}},"loc":{"start":{"line":761,"column":42},"end":{"line":761,"column":50}},"line":761},"22":{"name":"(anonymous_22)","decl":{"start":{"line":776,"column":30},"end":{"line":776,"column":35}},"loc":{"start":{"line":776,"column":35},"end":{"line":776,"column":46}},"line":776}},"branchMap":{"0":{"loc":{"start":{"line":7,"column":2},"end":{"line":7,"column":null}},"type":"if","locations":[{"start":{"line":7,"column":2},"end":{"line":7,"column":null}},{"start":{},"end":{}}],"line":7},"1":{"loc":{"start":{"line":37,"column":2},"end":{"line":49,"column":null}},"type":"if","locations":[{"start":{"line":37,"column":2},"end":{"line":49,"column":null}},{"start":{},"end":{}}],"line":37},"2":{"loc":{"start":{"line":53,"column":2},"end":{"line":116,"column":null}},"type":"if","locations":[{"start":{"line":53,"column":2},"end":{"line":116,"column":null}},{"start":{"line":67,"column":2},"end":{"line":116,"column":null}}],"line":53},"3":{"loc":{"start":{"line":67,"column":2},"end":{"line":116,"column":null}},"type":"if","locations":[{"start":{"line":67,"column":2},"end":{"line":116,"column":null}},{"start":{"line":86,"column":2},"end":{"line":116,"column":null}}],"line":67},"4":{"loc":{"start":{"line":69,"column":24},"end":{"line":73,"column":null}},"type":"cond-expr","locations":[{"start":{"line":70,"column":8},"end":{"line":70,"column":null}},{"start":{"line":71,"column":8},"end":{"line":73,"column":null}}],"line":69},"5":{"loc":{"start":{"line":71,"column":8},"end":{"line":73,"column":null}},"type":"cond-expr","locations":[{"start":{"line":72,"column":8},"end":{"line":72,"column":null}},{"start":{"line":73,"column":8},"end":{"line":73,"column":null}}],"line":71},"6":{"loc":{"start":{"line":86,"column":2},"end":{"line":116,"column":null}},"type":"if","locations":[{"start":{"line":86,"column":2},"end":{"line":116,"column":null}},{"start":{"line":103,"column":9},"end":{"line":116,"column":null}}],"line":86},"7":{"loc":{"start":{"line":88,"column":24},"end":{"line":90,"column":null}},"type":"cond-expr","locations":[{"start":{"line":89,"column":8},"end":{"line":89,"column":null}},{"start":{"line":90,"column":8},"end":{"line":90,"column":null}}],"line":88},"8":{"loc":{"start":{"line":134,"column":2},"end":{"line":146,"column":null}},"type":"if","locations":[{"start":{"line":134,"column":2},"end":{"line":146,"column":null}},{"start":{},"end":{}}],"line":134},"9":{"loc":{"start":{"line":150,"column":2},"end":{"line":213,"column":null}},"type":"if","locations":[{"start":{"line":150,"column":2},"end":{"line":213,"column":null}},{"start":{"line":164,"column":2},"end":{"line":213,"column":null}}],"line":150},"10":{"loc":{"start":{"line":164,"column":2},"end":{"line":213,"column":null}},"type":"if","locations":[{"start":{"line":164,"column":2},"end":{"line":213,"column":null}},{"start":{"line":183,"column":2},"end":{"line":213,"column":null}}],"line":164},"11":{"loc":{"start":{"line":166,"column":24},"end":{"line":170,"column":null}},"type":"cond-expr","locations":[{"start":{"line":167,"column":8},"end":{"line":167,"column":null}},{"start":{"line":168,"column":8},"end":{"line":170,"column":null}}],"line":166},"12":{"loc":{"start":{"line":168,"column":8},"end":{"line":170,"column":null}},"type":"cond-expr","locations":[{"start":{"line":169,"column":8},"end":{"line":169,"column":null}},{"start":{"line":170,"column":8},"end":{"line":170,"column":null}}],"line":168},"13":{"loc":{"start":{"line":183,"column":2},"end":{"line":213,"column":null}},"type":"if","locations":[{"start":{"line":183,"column":2},"end":{"line":213,"column":null}},{"start":{"line":200,"column":9},"end":{"line":213,"column":null}}],"line":183},"14":{"loc":{"start":{"line":185,"column":24},"end":{"line":187,"column":null}},"type":"cond-expr","locations":[{"start":{"line":186,"column":8},"end":{"line":186,"column":null}},{"start":{"line":187,"column":8},"end":{"line":187,"column":null}}],"line":185},"15":{"loc":{"start":{"line":251,"column":4},"end":{"line":267,"column":null}},"type":"switch","locations":[{"start":{"line":252,"column":6},"end":{"line":254,"column":null}},{"start":{"line":255,"column":6},"end":{"line":257,"column":null}},{"start":{"line":258,"column":6},"end":{"line":260,"column":null}},{"start":{"line":261,"column":6},"end":{"line":263,"column":null}},{"start":{"line":264,"column":6},"end":{"line":266,"column":null}}],"line":251},"16":{"loc":{"start":{"line":271,"column":2},"end":{"line":277,"column":null}},"type":"if","locations":[{"start":{"line":271,"column":2},"end":{"line":277,"column":null}},{"start":{},"end":{}}],"line":271},"17":{"loc":{"start":{"line":317,"column":4},"end":{"line":333,"column":null}},"type":"switch","locations":[{"start":{"line":318,"column":6},"end":{"line":320,"column":null}},{"start":{"line":321,"column":6},"end":{"line":323,"column":null}},{"start":{"line":324,"column":6},"end":{"line":326,"column":null}},{"start":{"line":327,"column":6},"end":{"line":329,"column":null}},{"start":{"line":330,"column":6},"end":{"line":332,"column":null}}],"line":317},"18":{"loc":{"start":{"line":337,"column":2},"end":{"line":343,"column":null}},"type":"if","locations":[{"start":{"line":337,"column":2},"end":{"line":343,"column":null}},{"start":{},"end":{}}],"line":337},"19":{"loc":{"start":{"line":363,"column":2},"end":{"line":375,"column":null}},"type":"if","locations":[{"start":{"line":363,"column":2},"end":{"line":375,"column":null}},{"start":{},"end":{}}],"line":363},"20":{"loc":{"start":{"line":379,"column":2},"end":{"line":438,"column":null}},"type":"if","locations":[{"start":{"line":379,"column":2},"end":{"line":438,"column":null}},{"start":{"line":392,"column":2},"end":{"line":438,"column":null}}],"line":379},"21":{"loc":{"start":{"line":392,"column":2},"end":{"line":438,"column":null}},"type":"if","locations":[{"start":{"line":392,"column":2},"end":{"line":438,"column":null}},{"start":{"line":410,"column":2},"end":{"line":438,"column":null}}],"line":392},"22":{"loc":{"start":{"line":393,"column":24},"end":{"line":397,"column":null}},"type":"cond-expr","locations":[{"start":{"line":394,"column":8},"end":{"line":394,"column":null}},{"start":{"line":395,"column":8},"end":{"line":397,"column":null}}],"line":393},"23":{"loc":{"start":{"line":395,"column":8},"end":{"line":397,"column":null}},"type":"cond-expr","locations":[{"start":{"line":396,"column":8},"end":{"line":396,"column":null}},{"start":{"line":397,"column":8},"end":{"line":397,"column":null}}],"line":395},"24":{"loc":{"start":{"line":410,"column":2},"end":{"line":438,"column":null}},"type":"if","locations":[{"start":{"line":410,"column":2},"end":{"line":438,"column":null}},{"start":{"line":426,"column":9},"end":{"line":438,"column":null}}],"line":410},"25":{"loc":{"start":{"line":411,"column":24},"end":{"line":413,"column":null}},"type":"cond-expr","locations":[{"start":{"line":412,"column":8},"end":{"line":412,"column":null}},{"start":{"line":413,"column":8},"end":{"line":413,"column":null}}],"line":411},"26":{"loc":{"start":{"line":456,"column":2},"end":{"line":468,"column":null}},"type":"if","locations":[{"start":{"line":456,"column":2},"end":{"line":468,"column":null}},{"start":{},"end":{}}],"line":456},"27":{"loc":{"start":{"line":472,"column":2},"end":{"line":531,"column":null}},"type":"if","locations":[{"start":{"line":472,"column":2},"end":{"line":531,"column":null}},{"start":{"line":485,"column":2},"end":{"line":531,"column":null}}],"line":472},"28":{"loc":{"start":{"line":485,"column":2},"end":{"line":531,"column":null}},"type":"if","locations":[{"start":{"line":485,"column":2},"end":{"line":531,"column":null}},{"start":{"line":503,"column":2},"end":{"line":531,"column":null}}],"line":485},"29":{"loc":{"start":{"line":486,"column":24},"end":{"line":490,"column":null}},"type":"cond-expr","locations":[{"start":{"line":487,"column":8},"end":{"line":487,"column":null}},{"start":{"line":488,"column":8},"end":{"line":490,"column":null}}],"line":486},"30":{"loc":{"start":{"line":488,"column":8},"end":{"line":490,"column":null}},"type":"cond-expr","locations":[{"start":{"line":489,"column":8},"end":{"line":489,"column":null}},{"start":{"line":490,"column":8},"end":{"line":490,"column":null}}],"line":488},"31":{"loc":{"start":{"line":503,"column":2},"end":{"line":531,"column":null}},"type":"if","locations":[{"start":{"line":503,"column":2},"end":{"line":531,"column":null}},{"start":{"line":519,"column":9},"end":{"line":531,"column":null}}],"line":503},"32":{"loc":{"start":{"line":504,"column":24},"end":{"line":506,"column":null}},"type":"cond-expr","locations":[{"start":{"line":505,"column":8},"end":{"line":505,"column":null}},{"start":{"line":506,"column":8},"end":{"line":506,"column":null}}],"line":504},"33":{"loc":{"start":{"line":569,"column":4},"end":{"line":585,"column":null}},"type":"switch","locations":[{"start":{"line":570,"column":6},"end":{"line":572,"column":null}},{"start":{"line":573,"column":6},"end":{"line":575,"column":null}},{"start":{"line":576,"column":6},"end":{"line":578,"column":null}},{"start":{"line":579,"column":6},"end":{"line":581,"column":null}},{"start":{"line":582,"column":6},"end":{"line":584,"column":null}}],"line":569},"34":{"loc":{"start":{"line":589,"column":2},"end":{"line":595,"column":null}},"type":"if","locations":[{"start":{"line":589,"column":2},"end":{"line":595,"column":null}},{"start":{},"end":{}}],"line":589},"35":{"loc":{"start":{"line":635,"column":4},"end":{"line":651,"column":null}},"type":"switch","locations":[{"start":{"line":636,"column":6},"end":{"line":638,"column":null}},{"start":{"line":639,"column":6},"end":{"line":641,"column":null}},{"start":{"line":642,"column":6},"end":{"line":644,"column":null}},{"start":{"line":645,"column":6},"end":{"line":647,"column":null}},{"start":{"line":648,"column":6},"end":{"line":650,"column":null}}],"line":635},"36":{"loc":{"start":{"line":655,"column":2},"end":{"line":661,"column":null}},"type":"if","locations":[{"start":{"line":655,"column":2},"end":{"line":661,"column":null}},{"start":{},"end":{}}],"line":655},"37":{"loc":{"start":{"line":727,"column":4},"end":{"line":732,"column":null}},"type":"if","locations":[{"start":{"line":727,"column":4},"end":{"line":732,"column":null}},{"start":{},"end":{}}],"line":727},"38":{"loc":{"start":{"line":727,"column":8},"end":{"line":730,"column":46}},"type":"binary-expr","locations":[{"start":{"line":727,"column":8},"end":{"line":727,"column":null}},{"start":{"line":728,"column":8},"end":{"line":728,"column":null}},{"start":{"line":729,"column":8},"end":{"line":729,"column":null}},{"start":{"line":730,"column":8},"end":{"line":730,"column":46}}],"line":727},"39":{"loc":{"start":{"line":734,"column":4},"end":{"line":739,"column":null}},"type":"if","locations":[{"start":{"line":734,"column":4},"end":{"line":739,"column":null}},{"start":{},"end":{}}],"line":734},"40":{"loc":{"start":{"line":734,"column":8},"end":{"line":737,"column":44}},"type":"binary-expr","locations":[{"start":{"line":734,"column":8},"end":{"line":734,"column":null}},{"start":{"line":735,"column":8},"end":{"line":735,"column":null}},{"start":{"line":736,"column":8},"end":{"line":736,"column":null}},{"start":{"line":737,"column":8},"end":{"line":737,"column":44}}],"line":734},"41":{"loc":{"start":{"line":764,"column":4},"end":{"line":782,"column":null}},"type":"if","locations":[{"start":{"line":764,"column":4},"end":{"line":782,"column":null}},{"start":{"line":766,"column":4},"end":{"line":782,"column":null}}],"line":764},"42":{"loc":{"start":{"line":766,"column":4},"end":{"line":782,"column":null}},"type":"if","locations":[{"start":{"line":766,"column":4},"end":{"line":782,"column":null}},{"start":{"line":770,"column":4},"end":{"line":782,"column":null}}],"line":766},"43":{"loc":{"start":{"line":770,"column":4},"end":{"line":782,"column":null}},"type":"if","locations":[{"start":{"line":770,"column":4},"end":{"line":782,"column":null}},{"start":{"line":774,"column":4},"end":{"line":782,"column":null}}],"line":770},"44":{"loc":{"start":{"line":774,"column":4},"end":{"line":782,"column":null}},"type":"if","locations":[{"start":{"line":774,"column":4},"end":{"line":782,"column":null}},{"start":{"line":780,"column":9},"end":{"line":782,"column":null}}],"line":774},"45":{"loc":{"start":{"line":786,"column":31},"end":{"line":786,"column":null}},"type":"cond-expr","locations":[{"start":{"line":786,"column":52},"end":{"line":786,"column":102}},{"start":{"line":786,"column":102},"end":{"line":786,"column":null}}],"line":786},"46":{"loc":{"start":{"line":787,"column":32},"end":{"line":787,"column":null}},"type":"cond-expr","locations":[{"start":{"line":787,"column":53},"end":{"line":787,"column":104}},{"start":{"line":787,"column":104},"end":{"line":787,"column":null}}],"line":787},"47":{"loc":{"start":{"line":788,"column":34},"end":{"line":788,"column":null}},"type":"cond-expr","locations":[{"start":{"line":788,"column":55},"end":{"line":788,"column":108}},{"start":{"line":788,"column":108},"end":{"line":788,"column":null}}],"line":788},"48":{"loc":{"start":{"line":789,"column":33},"end":{"line":789,"column":null}},"type":"cond-expr","locations":[{"start":{"line":789,"column":54},"end":{"line":789,"column":106}},{"start":{"line":789,"column":106},"end":{"line":789,"column":null}}],"line":789}},"s":{"0":1,"1":79,"2":2,"3":77,"4":77,"5":77,"6":77,"7":77,"8":1,"9":54,"10":8,"11":46,"12":46,"13":5,"14":5,"15":41,"16":12,"17":12,"18":29,"19":8,"20":8,"21":21,"22":1,"23":31,"24":4,"25":27,"26":27,"27":2,"28":2,"29":25,"30":2,"31":2,"32":23,"33":2,"34":2,"35":21,"36":1,"37":10,"38":10,"39":21,"40":21,"41":2,"42":2,"43":3,"44":3,"45":2,"46":2,"47":10,"48":10,"49":4,"50":4,"51":10,"52":8,"53":8,"54":8,"55":8,"56":8,"57":10,"58":1,"59":8,"60":8,"61":11,"62":11,"63":1,"64":1,"65":1,"66":1,"67":1,"68":1,"69":7,"70":7,"71":1,"72":1,"73":8,"74":5,"75":5,"76":5,"77":5,"78":5,"79":8,"80":1,"81":21,"82":21,"83":0,"84":0,"85":0,"86":0,"87":0,"88":0,"89":0,"90":0,"91":0,"92":0,"93":0,"94":1,"95":21,"96":21,"97":0,"98":0,"99":0,"100":0,"101":0,"102":0,"103":0,"104":0,"105":0,"106":0,"107":0,"108":1,"109":5,"110":5,"111":7,"112":7,"113":0,"114":0,"115":0,"116":0,"117":0,"118":0,"119":0,"120":0,"121":7,"122":7,"123":5,"124":4,"125":4,"126":4,"127":4,"128":4,"129":5,"130":1,"131":5,"132":5,"133":7,"134":7,"135":0,"136":0,"137":0,"138":0,"139":0,"140":0,"141":0,"142":0,"143":7,"144":7,"145":5,"146":4,"147":4,"148":4,"149":4,"150":4,"151":5,"152":1,"153":5,"154":7,"155":5,"156":7,"157":5,"158":7,"159":5,"160":7,"161":5,"162":5,"163":5,"164":5,"165":5,"166":5,"167":5,"168":7,"169":7,"170":7,"171":7,"172":7,"173":2,"174":7,"175":1,"176":5,"177":5,"178":5,"179":5,"180":5,"181":7,"182":7,"183":7,"184":7,"185":7,"186":7,"187":28,"188":7,"189":28,"190":7,"191":0,"192":7,"193":2,"194":5,"195":1,"196":4,"197":16,"198":4,"199":0,"200":5,"201":5,"202":5,"203":5,"204":5,"205":5},"f":{"0":79,"1":54,"2":31,"3":10,"4":21,"5":8,"6":11,"7":21,"8":21,"9":5,"10":7,"11":5,"12":7,"13":5,"14":7,"15":7,"16":7,"17":7,"18":7,"19":7,"20":28,"21":28,"22":16},"b":{"0":[2,77],"1":[8,46],"2":[5,41],"3":[12,29],"4":[1,11],"5":[1,10],"6":[8,21],"7":[7,1],"8":[4,27],"9":[2,25],"10":[2,23],"11":[1,1],"12":[0,1],"13":[2,21],"14":[2,0],"15":[2,3,2,10,4],"16":[8,2],"17":[1,1,1,7,1],"18":[5,3],"19":[21,0],"20":[0,0],"21":[0,0],"22":[0,0],"23":[0,0],"24":[0,0],"25":[0,0],"26":[21,0],"27":[0,0],"28":[0,0],"29":[0,0],"30":[0,0],"31":[0,0],"32":[0,0],"33":[0,0,0,0,7],"34":[4,1],"35":[0,0,0,0,7],"36":[4,1],"37":[2,5],"38":[7,5,5,5],"39":[1,6],"40":[7,6,6,6],"41":[0,7],"42":[2,5],"43":[1,4],"44":[4,0],"45":[4,1],"46":[4,1],"47":[4,1],"48":[4,1]},"meta":{"lastBranch":49,"lastFunction":23,"lastStatement":206,"seen":{"s:6:38:17:Infinity":0,"f:6:38:6:39":0,"b:7:2:7:Infinity:undefined:undefined:undefined:undefined":0,"s:7:2:7:Infinity":1,"s:7:13:7:Infinity":2,"s:9:21:9:Infinity":3,"s:10:16:10:Infinity":4,"s:13:2:13:Infinity":5,"s:14:2:14:Infinity":6,"s:16:2:16:Infinity":7,"s:26:53:117:Infinity":8,"f:26:53:26:54":1,"b:37:2:49:Infinity:undefined:undefined:undefined:undefined":1,"s:37:2:49:Infinity":9,"s:38:4:48:Infinity":10,"s:51:24:51:Infinity":11,"b:53:2:116:Infinity:67:2:116:Infinity":2,"s:53:2:116:Infinity":12,"s:55:24:55:Infinity":13,"s:56:4:66:Infinity":14,"b:67:2:116:Infinity:86:2:116:Infinity":3,"s:67:2:116:Infinity":15,"s:69:24:73:Infinity":16,"b:70:8:70:Infinity:71:8:73:Infinity":4,"b:72:8:72:Infinity:73:8:73:Infinity":5,"s:75:4:85:Infinity":17,"b:86:2:116:Infinity:103:9:116:Infinity":6,"s:86:2:116:Infinity":18,"s:88:24:90:Infinity":19,"b:89:8:89:Infinity:90:8:90:Infinity":7,"s:92:4:102:Infinity":20,"s:105:4:115:Infinity":21,"s:123:52:214:Infinity":22,"f:123:52:123:53":2,"b:134:2:146:Infinity:undefined:undefined:undefined:undefined":8,"s:134:2:146:Infinity":23,"s:135:4:145:Infinity":24,"s:148:24:148:Infinity":25,"b:150:2:213:Infinity:164:2:213:Infinity":9,"s:150:2:213:Infinity":26,"s:152:24:152:Infinity":27,"s:153:4:163:Infinity":28,"b:164:2:213:Infinity:183:2:213:Infinity":10,"s:164:2:213:Infinity":29,"s:166:24:170:Infinity":30,"b:167:8:167:Infinity:168:8:170:Infinity":11,"b:169:8:169:Infinity:170:8:170:Infinity":12,"s:172:4:182:Infinity":31,"b:183:2:213:Infinity:200:9:213:Infinity":13,"s:183:2:213:Infinity":32,"s:185:24:187:Infinity":33,"b:186:8:186:Infinity:187:8:187:Infinity":14,"s:189:4:199:Infinity":34,"s:202:4:212:Infinity":35,"s:233:43:280:Infinity":36,"f:233:43:233:44":3,"s:234:16:246:Infinity":37,"s:248:2:268:Infinity":38,"f:248:20:248:31":4,"s:249:23:249:Infinity":39,"b:252:6:254:Infinity:255:6:257:Infinity:258:6:260:Infinity:261:6:263:Infinity:264:6:266:Infinity":15,"s:251:4:267:Infinity":40,"s:253:8:253:Infinity":41,"s:254:8:254:Infinity":42,"s:256:8:256:Infinity":43,"s:257:8:257:Infinity":44,"s:259:8:259:Infinity":45,"s:260:8:260:Infinity":46,"s:262:8:262:Infinity":47,"s:263:8:263:Infinity":48,"s:265:8:265:Infinity":49,"s:266:8:266:Infinity":50,"b:271:2:277:Infinity:undefined:undefined:undefined:undefined":16,"s:271:2:277:Infinity":51,"s:272:4:272:Infinity":52,"s:273:4:273:Infinity":53,"s:274:4:274:Infinity":54,"s:275:4:275:Infinity":55,"s:276:4:276:Infinity":56,"s:279:2:279:Infinity":57,"s:299:39:346:Infinity":58,"f:299:39:299:40":5,"s:300:16:312:Infinity":59,"s:314:2:334:Infinity":60,"f:314:20:314:31":6,"s:315:23:315:Infinity":61,"b:318:6:320:Infinity:321:6:323:Infinity:324:6:326:Infinity:327:6:329:Infinity:330:6:332:Infinity":17,"s:317:4:333:Infinity":62,"s:319:8:319:Infinity":63,"s:320:8:320:Infinity":64,"s:322:8:322:Infinity":65,"s:323:8:323:Infinity":66,"s:325:8:325:Infinity":67,"s:326:8:326:Infinity":68,"s:328:8:328:Infinity":69,"s:329:8:329:Infinity":70,"s:331:8:331:Infinity":71,"s:332:8:332:Infinity":72,"b:337:2:343:Infinity:undefined:undefined:undefined:undefined":18,"s:337:2:343:Infinity":73,"s:338:4:338:Infinity":74,"s:339:4:339:Infinity":75,"s:340:4:340:Infinity":76,"s:341:4:341:Infinity":77,"s:342:4:342:Infinity":78,"s:345:2:345:Infinity":79,"s:352:48:439:Infinity":80,"f:352:48:352:49":7,"b:363:2:375:Infinity:undefined:undefined:undefined:undefined":19,"s:363:2:375:Infinity":81,"s:364:4:374:Infinity":82,"s:377:24:377:Infinity":83,"b:379:2:438:Infinity:392:2:438:Infinity":20,"s:379:2:438:Infinity":84,"s:380:24:380:Infinity":85,"s:381:4:391:Infinity":86,"b:392:2:438:Infinity:410:2:438:Infinity":21,"s:392:2:438:Infinity":87,"s:393:24:397:Infinity":88,"b:394:8:394:Infinity:395:8:397:Infinity":22,"b:396:8:396:Infinity:397:8:397:Infinity":23,"s:399:4:409:Infinity":89,"b:410:2:438:Infinity:426:9:438:Infinity":24,"s:410:2:438:Infinity":90,"s:411:24:413:Infinity":91,"b:412:8:412:Infinity:413:8:413:Infinity":25,"s:415:4:425:Infinity":92,"s:427:4:437:Infinity":93,"s:445:49:532:Infinity":94,"f:445:49:445:50":8,"b:456:2:468:Infinity:undefined:undefined:undefined:undefined":26,"s:456:2:468:Infinity":95,"s:457:4:467:Infinity":96,"s:470:24:470:Infinity":97,"b:472:2:531:Infinity:485:2:531:Infinity":27,"s:472:2:531:Infinity":98,"s:473:24:473:Infinity":99,"s:474:4:484:Infinity":100,"b:485:2:531:Infinity:503:2:531:Infinity":28,"s:485:2:531:Infinity":101,"s:486:24:490:Infinity":102,"b:487:8:487:Infinity:488:8:490:Infinity":29,"b:489:8:489:Infinity:490:8:490:Infinity":30,"s:492:4:502:Infinity":103,"b:503:2:531:Infinity:519:9:531:Infinity":31,"s:503:2:531:Infinity":104,"s:504:24:506:Infinity":105,"b:505:8:505:Infinity:506:8:506:Infinity":32,"s:508:4:518:Infinity":106,"s:520:4:530:Infinity":107,"s:551:35:598:Infinity":108,"f:551:35:551:36":9,"s:552:16:564:Infinity":109,"s:566:2:586:Infinity":110,"f:566:20:566:31":10,"s:567:23:567:Infinity":111,"b:570:6:572:Infinity:573:6:575:Infinity:576:6:578:Infinity:579:6:581:Infinity:582:6:584:Infinity":33,"s:569:4:585:Infinity":112,"s:571:8:571:Infinity":113,"s:572:8:572:Infinity":114,"s:574:8:574:Infinity":115,"s:575:8:575:Infinity":116,"s:577:8:577:Infinity":117,"s:578:8:578:Infinity":118,"s:580:8:580:Infinity":119,"s:581:8:581:Infinity":120,"s:583:8:583:Infinity":121,"s:584:8:584:Infinity":122,"b:589:2:595:Infinity:undefined:undefined:undefined:undefined":34,"s:589:2:595:Infinity":123,"s:590:4:590:Infinity":124,"s:591:4:591:Infinity":125,"s:592:4:592:Infinity":126,"s:593:4:593:Infinity":127,"s:594:4:594:Infinity":128,"s:597:2:597:Infinity":129,"s:617:36:664:Infinity":130,"f:617:36:617:37":11,"s:618:16:630:Infinity":131,"s:632:2:652:Infinity":132,"f:632:20:632:31":12,"s:633:23:633:Infinity":133,"b:636:6:638:Infinity:639:6:641:Infinity:642:6:644:Infinity:645:6:647:Infinity:648:6:650:Infinity":35,"s:635:4:651:Infinity":134,"s:637:8:637:Infinity":135,"s:638:8:638:Infinity":136,"s:640:8:640:Infinity":137,"s:641:8:641:Infinity":138,"s:643:8:643:Infinity":139,"s:644:8:644:Infinity":140,"s:646:8:646:Infinity":141,"s:647:8:647:Infinity":142,"s:649:8:649:Infinity":143,"s:650:8:650:Infinity":144,"b:655:2:661:Infinity:undefined:undefined:undefined:undefined":36,"s:655:2:661:Infinity":145,"s:656:4:656:Infinity":146,"s:657:4:657:Infinity":147,"s:658:4:658:Infinity":148,"s:659:4:659:Infinity":149,"s:660:4:660:Infinity":150,"s:663:2:663:Infinity":151,"s:688:43:808:Infinity":152,"f:688:43:688:44":13,"s:696:33:698:Infinity":153,"f:696:47:696:53":14,"s:696:53:698:4":154,"s:700:29:702:Infinity":155,"f:700:43:700:49":15,"s:700:49:702:4":156,"s:704:25:706:Infinity":157,"f:704:39:704:45":16,"s:704:45:706:4":158,"s:708:26:710:Infinity":159,"f:708:40:708:46":17,"s:708:46:710:4":160,"s:712:29:712:Infinity":161,"s:713:25:713:Infinity":162,"s:714:21:714:Infinity":163,"s:715:22:715:Infinity":164,"s:718:28:718:Infinity":165,"s:719:26:719:Infinity":166,"s:721:2:740:Infinity":167,"f:721:20:721:31":18,"s:722:29:722:Infinity":168,"s:723:28:723:Infinity":169,"s:724:24:724:Infinity":170,"s:725:25:725:Infinity":171,"b:727:4:732:Infinity:undefined:undefined:undefined:undefined":37,"s:727:4:732:Infinity":172,"b:727:8:727:Infinity:728:8:728:Infinity:729:8:729:Infinity:730:8:730:46":38,"s:731:6:731:Infinity":173,"b:734:4:739:Infinity:undefined:undefined:undefined:undefined":39,"s:734:4:739:Infinity":174,"b:734:8:734:Infinity:735:8:735:Infinity:736:8:736:Infinity:737:8:737:44":40,"s:738:6:738:Infinity":175,"s:748:19:748:Infinity":176,"s:749:20:749:Infinity":177,"s:750:22:750:Infinity":178,"s:751:21:751:Infinity":179,"s:753:2:783:Infinity":180,"f:753:20:753:31":19,"s:754:29:754:Infinity":181,"s:755:28:755:Infinity":182,"s:756:24:756:Infinity":183,"s:757:25:757:Infinity":184,"s:759:24:759:Infinity":185,"s:760:23:760:Infinity":186,"f:760:39:760:44":20,"s:760:44:760:54":187,"s:761:21:761:Infinity":188,"f:761:37:761:42":21,"s:761:42:761:50":189,"b:764:4:782:Infinity:766:4:782:Infinity":41,"s:764:4:782:Infinity":190,"s:765:6:765:Infinity":191,"b:766:4:782:Infinity:770:4:782:Infinity":42,"s:766:4:782:Infinity":192,"s:769:6:769:Infinity":193,"b:770:4:782:Infinity:774:4:782:Infinity":43,"s:770:4:782:Infinity":194,"s:773:6:773:Infinity":195,"b:774:4:782:Infinity:780:9:782:Infinity":44,"s:774:4:782:Infinity":196,"f:776:30:776:35":22,"s:776:35:776:46":197,"s:777:6:777:Infinity":198,"s:781:6:781:Infinity":199,"s:785:25:785:Infinity":200,"s:786:31:786:Infinity":201,"b:786:52:786:102:786:102:786:Infinity":45,"s:787:32:787:Infinity":202,"b:787:53:787:104:787:104:787:Infinity":46,"s:788:34:788:Infinity":203,"b:788:55:788:108:788:108:788:Infinity":47,"s:789:33:789:Infinity":204,"b:789:54:789:106:789:106:789:Infinity":48,"s:791:2:807:Infinity":205}}}
}
